Flow report for ili9163_top
Mon Sep  2 10:40:11 2024
Quartus Prime Version 23.1std.0 Build 991 11/28/2023 SC Lite Edition


---------------------
; Table of Contents ;
---------------------
  1. Legal Notice
  2. Flow Summary
  3. Flow Settings
  4. Flow Non-Default Global Settings
  5. Flow Elapsed Time
  6. Flow OS Summary
  7. Flow Log
  8. Flow Messages
  9. Flow Suppressed Messages



----------------
; Legal Notice ;
----------------
Copyright (C) 2023  Intel Corporation. All rights reserved.
Your use of Intel Corporation's design tools, logic functions 
and other software and tools, and any partner logic 
functions, and any output files from any of the foregoing 
(including device programming or simulation files), and any 
associated documentation or information are expressly subject 
to the terms and conditions of the Intel Program License 
Subscription Agreement, the Intel Quartus Prime License Agreement,
the Intel FPGA IP License Agreement, or other applicable license
agreement, including, without limitation, that your use is for
the sole purpose of programming logic devices manufactured by
Intel and sold by Intel or its authorized distributors.  Please
refer to the applicable agreement for further details, at
https://fpgasoftware.intel.com/eula.



+-------------------------------------------------------------------------------------+
; Flow Summary                                                                        ;
+------------------------------------+------------------------------------------------+
; Flow Status                        ; Successful - Mon Sep  2 10:40:11 2024          ;
; Quartus Prime Version              ; 23.1std.0 Build 991 11/28/2023 SC Lite Edition ;
; Revision Name                      ; ili9163_top                                    ;
; Top-level Entity Name              ; ili9163_top                                    ;
; Family                             ; Cyclone IV E                                   ;
; Device                             ; EP4CE10E22C8                                   ;
; Timing Models                      ; Final                                          ;
; Total logic elements               ; 275 / 10,320 ( 3 % )                           ;
;     Total combinational functions  ; 266 / 10,320 ( 3 % )                           ;
;     Dedicated logic registers      ; 90 / 10,320 ( < 1 % )                          ;
; Total registers                    ; 90                                             ;
; Total pins                         ; 6 / 92 ( 7 % )                                 ;
; Total virtual pins                 ; 0                                              ;
; Total memory bits                  ; 0 / 423,936 ( 0 % )                            ;
; Embedded Multiplier 9-bit elements ; 0 / 46 ( 0 % )                                 ;
; Total PLLs                         ; 0 / 2 ( 0 % )                                  ;
+------------------------------------+------------------------------------------------+


+-----------------------------------------+
; Flow Settings                           ;
+-------------------+---------------------+
; Option            ; Setting             ;
+-------------------+---------------------+
; Start date & time ; 09/02/2024 10:31:52 ;
; Main task         ; Compilation         ;
; Revision Name     ; ili9163_top         ;
+-------------------+---------------------+


+------------------------------------------------------------------------------------------------------------------------------------------------+
; Flow Non-Default Global Settings                                                                                                               ;
+-------------------------------------+----------------------------------------+---------------+-------------+-----------------------------------+
; Assignment Name                     ; Value                                  ; Default Value ; Entity Name ; Section Id                        ;
+-------------------------------------+----------------------------------------+---------------+-------------+-----------------------------------+
; COMPILER_SIGNATURE_ID               ; 264840318850353.172529111105348        ; --            ; --          ; --                                ;
; EDA_GENERATE_FUNCTIONAL_NETLIST     ; Off                                    ; --            ; --          ; eda_board_design_timing           ;
; EDA_GENERATE_FUNCTIONAL_NETLIST     ; Off                                    ; --            ; --          ; eda_board_design_boundary_scan    ;
; EDA_GENERATE_FUNCTIONAL_NETLIST     ; Off                                    ; --            ; --          ; eda_board_design_signal_integrity ;
; EDA_GENERATE_FUNCTIONAL_NETLIST     ; Off                                    ; --            ; --          ; eda_board_design_symbol           ;
; EDA_OUTPUT_DATA_FORMAT              ; Verilog Hdl                            ; --            ; --          ; eda_simulation                    ;
; EDA_SIMULATION_TOOL                 ; Questa Intel FPGA (Verilog)            ; <None>        ; --          ; --                                ;
; EDA_TIME_SCALE                      ; 1 ps                                   ; --            ; --          ; eda_simulation                    ;
; MAX_CORE_JUNCTION_TEMP              ; 85                                     ; --            ; --          ; --                                ;
; MIN_CORE_JUNCTION_TEMP              ; 0                                      ; --            ; --          ; --                                ;
; PARTITION_COLOR                     ; -- (Not supported for targeted family) ; --            ; --          ; Top                               ;
; PARTITION_FITTER_PRESERVATION_LEVEL ; -- (Not supported for targeted family) ; --            ; --          ; Top                               ;
; PARTITION_NETLIST_TYPE              ; -- (Not supported for targeted family) ; --            ; --          ; Top                               ;
; POWER_BOARD_THERMAL_MODEL           ; None (CONSERVATIVE)                    ; --            ; --          ; --                                ;
; POWER_PRESET_COOLING_SOLUTION       ; 23 MM HEAT SINK WITH 200 LFPM AIRFLOW  ; --            ; --          ; --                                ;
; PROJECT_OUTPUT_DIRECTORY            ; output_files                           ; --            ; --          ; --                                ;
+-------------------------------------+----------------------------------------+---------------+-------------+-----------------------------------+


+-----------------------------------------------------------------------------------------------------------------------------+
; Flow Elapsed Time                                                                                                           ;
+-------------------------+--------------+-------------------------+---------------------+------------------------------------+
; Module Name             ; Elapsed Time ; Average Processors Used ; Peak Virtual Memory ; Total CPU Time (on all processors) ;
+-------------------------+--------------+-------------------------+---------------------+------------------------------------+
; Analysis & Synthesis    ; 00:00:22     ; 1.0                     ; 4736 MB             ; 00:00:49                           ;
; Fitter                  ; 00:00:09     ; 1.0                     ; 5222 MB             ; 00:00:10                           ;
; Assembler               ; 00:00:02     ; 1.0                     ; 4689 MB             ; 00:00:01                           ;
; Timing Analyzer         ; 00:00:03     ; 1.0                     ; 4735 MB             ; 00:00:03                           ;
; EDA Netlist Writer      ; 00:00:01     ; 1.0                     ; 4634 MB             ; 00:00:01                           ;
; I/O Assignment Analysis ; 00:00:03     ; 1.0                     ; 4916 MB             ; 00:00:03                           ;
; I/O Assignment Analysis ; 00:00:02     ; 1.0                     ; 4916 MB             ; 00:00:03                           ;
; I/O Assignment Analysis ; 00:00:03     ; 1.0                     ; 4916 MB             ; 00:00:03                           ;
; Total                   ; 00:00:45     ; --                      ; --                  ; 00:01:13                           ;
+-------------------------+--------------+-------------------------+---------------------+------------------------------------+


+---------------------------------------------------------------------------------------+
; Flow OS Summary                                                                       ;
+-------------------------+------------------+------------+------------+----------------+
; Module Name             ; Machine Hostname ; OS Name    ; OS Version ; Processor type ;
+-------------------------+------------------+------------+------------+----------------+
; Analysis & Synthesis    ; DESKTOP-3CVG05U  ; Windows 10 ; 10.0       ; x86_64         ;
; Fitter                  ; DESKTOP-3CVG05U  ; Windows 10 ; 10.0       ; x86_64         ;
; Assembler               ; DESKTOP-3CVG05U  ; Windows 10 ; 10.0       ; x86_64         ;
; Timing Analyzer         ; DESKTOP-3CVG05U  ; Windows 10 ; 10.0       ; x86_64         ;
; EDA Netlist Writer      ; DESKTOP-3CVG05U  ; Windows 10 ; 10.0       ; x86_64         ;
; I/O Assignment Analysis ; DESKTOP-3CVG05U  ; Windows 10 ; 10.0       ; x86_64         ;
; I/O Assignment Analysis ; DESKTOP-3CVG05U  ; Windows 10 ; 10.0       ; x86_64         ;
; I/O Assignment Analysis ; DESKTOP-3CVG05U  ; Windows 10 ; 10.0       ; x86_64         ;
+-------------------------+------------------+------------+------------+----------------+


------------
; Flow Log ;
------------
quartus_map --read_settings_files=on --write_settings_files=off ili9163 -c ili9163_top
quartus_fit --read_settings_files=off --write_settings_files=off ili9163 -c ili9163_top
quartus_asm --read_settings_files=off --write_settings_files=off ili9163 -c ili9163_top
quartus_sta ili9163 -c ili9163_top
quartus_eda --read_settings_files=off --write_settings_files=off ili9163 -c ili9163_top
quartus_fit --read_settings_files=on --write_settings_files=off ili9163 -c ili9163_top --plan
quartus_fit --read_settings_files=on --write_settings_files=off ili9163 -c ili9163_top --plan
quartus_fit --read_settings_files=on --write_settings_files=off ili9163 -c ili9163_top --plan



