Analysis & Synthesis report for tamagotchitop
Thu Sep 12 09:24:22 2024
Quartus Prime Version 23.1std.0 Build 991 11/28/2023 SC Lite Edition


---------------------
; Table of Contents ;
---------------------
  1. Legal Notice
  2. Analysis & Synthesis Summary
  3. Analysis & Synthesis Settings
  4. Parallel Compilation
  5. Analysis & Synthesis Source Files Read
  6. Analysis & Synthesis Resource Usage Summary
  7. Analysis & Synthesis Resource Utilization by Entity
  8. Registers Removed During Synthesis
  9. Removed Registers Triggering Further Register Optimizations
 10. General Register Statistics
 11. Inverted Register Statistics
 12. Multiplexer Restructuring Statistics (Restructuring Performed)
 13. Parameter Settings for User Entity Instance: BancoRegistro:registros
 14. Parameter Settings for User Entity Instance: BancoRegistro:registros|divisor:div1
 15. Parameter Settings for Inferred Entity Instance: display:displayh|lpm_divide:Div0
 16. Parameter Settings for Inferred Entity Instance: display:displayh|lpm_divide:Mod1
 17. Parameter Settings for Inferred Entity Instance: display:displayh|lpm_divide:Mod0
 18. Port Connectivity Checks: "display:displayh|BCDtoSSeg:bcdtosseg"
 19. Port Connectivity Checks: "display:displayh"
 20. Post-Synthesis Netlist Statistics for Top Partition
 21. Elapsed Time Per Partition
 22. Analysis & Synthesis Messages
 23. Analysis & Synthesis Suppressed Messages



----------------
; Legal Notice ;
----------------
Copyright (C) 2023  Intel Corporation. All rights reserved.
Your use of Intel Corporation's design tools, logic functions 
and other software and tools, and any partner logic 
functions, and any output files from any of the foregoing 
(including device programming or simulation files), and any 
associated documentation or information are expressly subject 
to the terms and conditions of the Intel Program License 
Subscription Agreement, the Intel Quartus Prime License Agreement,
the Intel FPGA IP License Agreement, or other applicable license
agreement, including, without limitation, that your use is for
the sole purpose of programming logic devices manufactured by
Intel and sold by Intel or its authorized distributors.  Please
refer to the applicable agreement for further details, at
https://fpgasoftware.intel.com/eula.



+-------------------------------------------------------------------------------------+
; Analysis & Synthesis Summary                                                        ;
+------------------------------------+------------------------------------------------+
; Analysis & Synthesis Status        ; Successful - Thu Sep 12 09:24:22 2024          ;
; Quartus Prime Version              ; 23.1std.0 Build 991 11/28/2023 SC Lite Edition ;
; Revision Name                      ; tamagotchitop                                  ;
; Top-level Entity Name              ; tamagotchitop                                  ;
; Family                             ; Cyclone IV E                                   ;
; Total logic elements               ; 325                                            ;
;     Total combinational functions  ; 325                                            ;
;     Dedicated logic registers      ; 95                                             ;
; Total registers                    ; 95                                             ;
; Total pins                         ; 25                                             ;
; Total virtual pins                 ; 0                                              ;
; Total memory bits                  ; 0                                              ;
; Embedded Multiplier 9-bit elements ; 0                                              ;
; Total PLLs                         ; 0                                              ;
+------------------------------------+------------------------------------------------+


+------------------------------------------------------------------------------------------------------------+
; Analysis & Synthesis Settings                                                                              ;
+------------------------------------------------------------------+--------------------+--------------------+
; Option                                                           ; Setting            ; Default Value      ;
+------------------------------------------------------------------+--------------------+--------------------+
; Device                                                           ; EP4CE10E22C8       ;                    ;
; Top-level entity name                                            ; tamagotchitop      ; tamagotchitop      ;
; Family name                                                      ; Cyclone IV E       ; Cyclone V          ;
; Use smart compilation                                            ; Off                ; Off                ;
; Enable parallel Assembler and Timing Analyzer during compilation ; On                 ; On                 ;
; Enable compact report table                                      ; Off                ; Off                ;
; Restructure Multiplexers                                         ; Auto               ; Auto               ;
; Create Debugging Nodes for IP Cores                              ; Off                ; Off                ;
; Preserve fewer node names                                        ; On                 ; On                 ;
; Intel FPGA IP Evaluation Mode                                    ; Enable             ; Enable             ;
; Verilog Version                                                  ; Verilog_2001       ; Verilog_2001       ;
; VHDL Version                                                     ; VHDL_1993          ; VHDL_1993          ;
; State Machine Processing                                         ; Auto               ; Auto               ;
; Safe State Machine                                               ; Off                ; Off                ;
; Extract Verilog State Machines                                   ; On                 ; On                 ;
; Extract VHDL State Machines                                      ; On                 ; On                 ;
; Ignore Verilog initial constructs                                ; Off                ; Off                ;
; Iteration limit for constant Verilog loops                       ; 5000               ; 5000               ;
; Iteration limit for non-constant Verilog loops                   ; 250                ; 250                ;
; Add Pass-Through Logic to Inferred RAMs                          ; On                 ; On                 ;
; Infer RAMs from Raw Logic                                        ; On                 ; On                 ;
; Parallel Synthesis                                               ; On                 ; On                 ;
; DSP Block Balancing                                              ; Auto               ; Auto               ;
; NOT Gate Push-Back                                               ; On                 ; On                 ;
; Power-Up Don't Care                                              ; On                 ; On                 ;
; Remove Redundant Logic Cells                                     ; Off                ; Off                ;
; Remove Duplicate Registers                                       ; On                 ; On                 ;
; Ignore CARRY Buffers                                             ; Off                ; Off                ;
; Ignore CASCADE Buffers                                           ; Off                ; Off                ;
; Ignore GLOBAL Buffers                                            ; Off                ; Off                ;
; Ignore ROW GLOBAL Buffers                                        ; Off                ; Off                ;
; Ignore LCELL Buffers                                             ; Off                ; Off                ;
; Ignore SOFT Buffers                                              ; On                 ; On                 ;
; Limit AHDL Integers to 32 Bits                                   ; Off                ; Off                ;
; Optimization Technique                                           ; Balanced           ; Balanced           ;
; Carry Chain Length                                               ; 70                 ; 70                 ;
; Auto Carry Chains                                                ; On                 ; On                 ;
; Auto Open-Drain Pins                                             ; On                 ; On                 ;
; Perform WYSIWYG Primitive Resynthesis                            ; Off                ; Off                ;
; Auto ROM Replacement                                             ; On                 ; On                 ;
; Auto RAM Replacement                                             ; On                 ; On                 ;
; Auto DSP Block Replacement                                       ; On                 ; On                 ;
; Auto Shift Register Replacement                                  ; Auto               ; Auto               ;
; Allow Shift Register Merging across Hierarchies                  ; Auto               ; Auto               ;
; Auto Clock Enable Replacement                                    ; On                 ; On                 ;
; Strict RAM Replacement                                           ; Off                ; Off                ;
; Allow Synchronous Control Signals                                ; On                 ; On                 ;
; Force Use of Synchronous Clear Signals                           ; Off                ; Off                ;
; Auto RAM Block Balancing                                         ; On                 ; On                 ;
; Auto RAM to Logic Cell Conversion                                ; Off                ; Off                ;
; Auto Resource Sharing                                            ; Off                ; Off                ;
; Allow Any RAM Size For Recognition                               ; Off                ; Off                ;
; Allow Any ROM Size For Recognition                               ; Off                ; Off                ;
; Allow Any Shift Register Size For Recognition                    ; Off                ; Off                ;
; Use LogicLock Constraints during Resource Balancing              ; On                 ; On                 ;
; Ignore translate_off and synthesis_off directives                ; Off                ; Off                ;
; Timing-Driven Synthesis                                          ; On                 ; On                 ;
; Report Parameter Settings                                        ; On                 ; On                 ;
; Report Source Assignments                                        ; On                 ; On                 ;
; Report Connectivity Checks                                       ; On                 ; On                 ;
; Ignore Maximum Fan-Out Assignments                               ; Off                ; Off                ;
; Synchronization Register Chain Length                            ; 2                  ; 2                  ;
; Power Optimization During Synthesis                              ; Normal compilation ; Normal compilation ;
; HDL message level                                                ; Level2             ; Level2             ;
; Suppress Register Optimization Related Messages                  ; Off                ; Off                ;
; Number of Removed Registers Reported in Synthesis Report         ; 5000               ; 5000               ;
; Number of Swept Nodes Reported in Synthesis Report               ; 5000               ; 5000               ;
; Number of Inverted Registers Reported in Synthesis Report        ; 100                ; 100                ;
; Clock MUX Protection                                             ; On                 ; On                 ;
; Auto Gated Clock Conversion                                      ; Off                ; Off                ;
; Block Design Naming                                              ; Auto               ; Auto               ;
; SDC constraint protection                                        ; Off                ; Off                ;
; Synthesis Effort                                                 ; Auto               ; Auto               ;
; Shift Register Replacement - Allow Asynchronous Clear Signal     ; On                 ; On                 ;
; Pre-Mapping Resynthesis Optimization                             ; Off                ; Off                ;
; Analysis & Synthesis Message Level                               ; Medium             ; Medium             ;
; Disable Register Merging Across Hierarchies                      ; Auto               ; Auto               ;
; Resource Aware Inference For Block RAM                           ; On                 ; On                 ;
+------------------------------------------------------------------+--------------------+--------------------+


+------------------------------------------+
; Parallel Compilation                     ;
+----------------------------+-------------+
; Processors                 ; Number      ;
+----------------------------+-------------+
; Number detected on machine ; 8           ;
; Maximum allowed            ; 4           ;
;                            ;             ;
; Average used               ; 1.00        ;
; Maximum used               ; 4           ;
;                            ;             ;
; Usage by Processor         ; % Time Used ;
;     Processor 1            ; 100.0%      ;
;     Processor 2            ;   0.0%      ;
;     Processors 3-4         ;   0.0%      ;
+----------------------------+-------------+


+-----------------------------------------------------------------------------------------------------------------------------------------------------------------------------+
; Analysis & Synthesis Source Files Read                                                                                                                                      ;
+----------------------------------+-----------------+------------------------------+-------------------------------------------------------------------------------+---------+
; File Name with User-Entered Path ; Used in Netlist ; File Type                    ; File Name with Absolute Path                                                  ; Library ;
+----------------------------------+-----------------+------------------------------+-------------------------------------------------------------------------------+---------+
; divisor.v                        ; yes             ; User Verilog HDL File        ; C:/Users/nicol/Documents/Quartus/Tamagotchi/divisor.v                         ;         ;
; tamagotchitop.v                  ; yes             ; Auto-Found Verilog HDL File  ; C:/Users/nicol/Documents/Quartus/Tamagotchi/tamagotchitop.v                   ;         ;
; bancoregistro.v                  ; yes             ; Auto-Found Verilog HDL File  ; C:/Users/nicol/Documents/Quartus/Tamagotchi/bancoregistro.v                   ;         ;
; display.v                        ; yes             ; Auto-Found Verilog HDL File  ; C:/Users/nicol/Documents/Quartus/Tamagotchi/display.v                         ;         ;
; bcdtosseg.v                      ; yes             ; Auto-Found Verilog HDL File  ; C:/Users/nicol/Documents/Quartus/Tamagotchi/bcdtosseg.v                       ;         ;
; lpm_divide.tdf                   ; yes             ; Megafunction                 ; c:/intelfpga_lite/23.1std/quartus/libraries/megafunctions/lpm_divide.tdf      ;         ;
; abs_divider.inc                  ; yes             ; Megafunction                 ; c:/intelfpga_lite/23.1std/quartus/libraries/megafunctions/abs_divider.inc     ;         ;
; sign_div_unsign.inc              ; yes             ; Megafunction                 ; c:/intelfpga_lite/23.1std/quartus/libraries/megafunctions/sign_div_unsign.inc ;         ;
; aglobal231.inc                   ; yes             ; Megafunction                 ; c:/intelfpga_lite/23.1std/quartus/libraries/megafunctions/aglobal231.inc      ;         ;
; db/lpm_divide_hhm.tdf            ; yes             ; Auto-Generated Megafunction  ; C:/Users/nicol/Documents/Quartus/Tamagotchi/db/lpm_divide_hhm.tdf             ;         ;
; db/sign_div_unsign_9kh.tdf       ; yes             ; Auto-Generated Megafunction  ; C:/Users/nicol/Documents/Quartus/Tamagotchi/db/sign_div_unsign_9kh.tdf        ;         ;
; db/alt_u_div_64f.tdf             ; yes             ; Auto-Generated Megafunction  ; C:/Users/nicol/Documents/Quartus/Tamagotchi/db/alt_u_div_64f.tdf              ;         ;
; db/add_sub_7pc.tdf               ; yes             ; Auto-Generated Megafunction  ; C:/Users/nicol/Documents/Quartus/Tamagotchi/db/add_sub_7pc.tdf                ;         ;
; db/add_sub_8pc.tdf               ; yes             ; Auto-Generated Megafunction  ; C:/Users/nicol/Documents/Quartus/Tamagotchi/db/add_sub_8pc.tdf                ;         ;
; db/lpm_divide_k9m.tdf            ; yes             ; Auto-Generated Megafunction  ; C:/Users/nicol/Documents/Quartus/Tamagotchi/db/lpm_divide_k9m.tdf             ;         ;
+----------------------------------+-----------------+------------------------------+-------------------------------------------------------------------------------+---------+


+---------------------------------------------------------+
; Analysis & Synthesis Resource Usage Summary             ;
+---------------------------------------------+-----------+
; Resource                                    ; Usage     ;
+---------------------------------------------+-----------+
; Estimated Total logic elements              ; 325       ;
;                                             ;           ;
; Total combinational functions               ; 325       ;
; Logic element usage by number of LUT inputs ;           ;
;     -- 4 input functions                    ; 132       ;
;     -- 3 input functions                    ; 74        ;
;     -- <=2 input functions                  ; 119       ;
;                                             ;           ;
; Logic elements by mode                      ;           ;
;     -- normal mode                          ; 252       ;
;     -- arithmetic mode                      ; 73        ;
;                                             ;           ;
; Total registers                             ; 95        ;
;     -- Dedicated logic registers            ; 95        ;
;     -- I/O registers                        ; 0         ;
;                                             ;           ;
; I/O pins                                    ; 25        ;
;                                             ;           ;
; Embedded Multiplier 9-bit elements          ; 0         ;
;                                             ;           ;
; Maximum fan-out node                        ; rst~input ;
; Maximum fan-out                             ; 53        ;
; Total fan-out                               ; 1259      ;
; Average fan-out                             ; 2.68      ;
+---------------------------------------------+-----------+


+---------------------------------------------------------------------------------------------------------------------------------------------------------------------------------------------------------------------------------------------------------------------------------------------------------------------------------------------+
; Analysis & Synthesis Resource Utilization by Entity                                                                                                                                                                                                                                                                                         ;
+-------------------------------------------+---------------------+---------------------------+-------------+--------------+---------+-----------+------+--------------+---------------------------------------------------------------------------------------------------------------------------------+---------------------+--------------+
; Compilation Hierarchy Node                ; Combinational ALUTs ; Dedicated Logic Registers ; Memory Bits ; DSP Elements ; DSP 9x9 ; DSP 18x18 ; Pins ; Virtual Pins ; Full Hierarchy Name                                                                                                             ; Entity Name         ; Library Name ;
+-------------------------------------------+---------------------+---------------------------+-------------+--------------+---------+-----------+------+--------------+---------------------------------------------------------------------------------------------------------------------------------+---------------------+--------------+
; |tamagotchitop                            ; 325 (2)             ; 95 (0)                    ; 0           ; 0            ; 0       ; 0         ; 25   ; 0            ; |tamagotchitop                                                                                                                  ; tamagotchitop       ; work         ;
;    |BancoRegistro:registros|              ; 213 (173)           ; 64 (40)                   ; 0           ; 0            ; 0       ; 0         ; 0    ; 0            ; |tamagotchitop|BancoRegistro:registros                                                                                          ; BancoRegistro       ; work         ;
;       |divisor:div1|                      ; 40 (40)             ; 24 (24)                   ; 0           ; 0            ; 0       ; 0         ; 0    ; 0            ; |tamagotchitop|BancoRegistro:registros|divisor:div1                                                                             ; divisor             ; work         ;
;    |display:displayh|                     ; 110 (43)            ; 31 (31)                   ; 0           ; 0            ; 0       ; 0         ; 0    ; 0            ; |tamagotchitop|display:displayh                                                                                                 ; display             ; work         ;
;       |BCDtoSSeg:bcdtosseg|               ; 7 (7)               ; 0 (0)                     ; 0           ; 0            ; 0       ; 0         ; 0    ; 0            ; |tamagotchitop|display:displayh|BCDtoSSeg:bcdtosseg                                                                             ; BCDtoSSeg           ; work         ;
;       |lpm_divide:Div0|                   ; 30 (0)              ; 0 (0)                     ; 0           ; 0            ; 0       ; 0         ; 0    ; 0            ; |tamagotchitop|display:displayh|lpm_divide:Div0                                                                                 ; lpm_divide          ; work         ;
;          |lpm_divide_hhm:auto_generated|  ; 30 (0)              ; 0 (0)                     ; 0           ; 0            ; 0       ; 0         ; 0    ; 0            ; |tamagotchitop|display:displayh|lpm_divide:Div0|lpm_divide_hhm:auto_generated                                                   ; lpm_divide_hhm      ; work         ;
;             |sign_div_unsign_9kh:divider| ; 30 (0)              ; 0 (0)                     ; 0           ; 0            ; 0       ; 0         ; 0    ; 0            ; |tamagotchitop|display:displayh|lpm_divide:Div0|lpm_divide_hhm:auto_generated|sign_div_unsign_9kh:divider                       ; sign_div_unsign_9kh ; work         ;
;                |alt_u_div_64f:divider|    ; 30 (30)             ; 0 (0)                     ; 0           ; 0            ; 0       ; 0         ; 0    ; 0            ; |tamagotchitop|display:displayh|lpm_divide:Div0|lpm_divide_hhm:auto_generated|sign_div_unsign_9kh:divider|alt_u_div_64f:divider ; alt_u_div_64f       ; work         ;
;       |lpm_divide:Mod0|                   ; 30 (0)              ; 0 (0)                     ; 0           ; 0            ; 0       ; 0         ; 0    ; 0            ; |tamagotchitop|display:displayh|lpm_divide:Mod0                                                                                 ; lpm_divide          ; work         ;
;          |lpm_divide_k9m:auto_generated|  ; 30 (0)              ; 0 (0)                     ; 0           ; 0            ; 0       ; 0         ; 0    ; 0            ; |tamagotchitop|display:displayh|lpm_divide:Mod0|lpm_divide_k9m:auto_generated                                                   ; lpm_divide_k9m      ; work         ;
;             |sign_div_unsign_9kh:divider| ; 30 (0)              ; 0 (0)                     ; 0           ; 0            ; 0       ; 0         ; 0    ; 0            ; |tamagotchitop|display:displayh|lpm_divide:Mod0|lpm_divide_k9m:auto_generated|sign_div_unsign_9kh:divider                       ; sign_div_unsign_9kh ; work         ;
;                |alt_u_div_64f:divider|    ; 30 (30)             ; 0 (0)                     ; 0           ; 0            ; 0       ; 0         ; 0    ; 0            ; |tamagotchitop|display:displayh|lpm_divide:Mod0|lpm_divide_k9m:auto_generated|sign_div_unsign_9kh:divider|alt_u_div_64f:divider ; alt_u_div_64f       ; work         ;
+-------------------------------------------+---------------------+---------------------------+-------------+--------------+---------+-----------+------+--------------+---------------------------------------------------------------------------------------------------------------------------------+---------------------+--------------+
Note: For table entries with two numbers listed, the numbers in parentheses indicate the number of resources of the given type used by the specific entity alone. The numbers listed outside of parentheses indicate the total resources of the given type used by the specific entity and all of its sub-entities in the hierarchy.


+----------------------------------------------------------------------------------------+
; Registers Removed During Synthesis                                                     ;
+-----------------------------------------------+----------------------------------------+
; Register name                                 ; Reason for Removal                     ;
+-----------------------------------------------+----------------------------------------+
; display:displayh|an[2]                        ; Stuck at VCC due to stuck port data_in ;
; BancoRegistro:registros|time_enable           ; Stuck at GND due to stuck port data_in ;
; BancoRegistro:registros|second_counter[0..31] ; Stuck at GND due to stuck port data_in ;
; display:displayh|cfreq[17..26]                ; Lost fanout                            ;
; Total Number of Removed Registers = 44        ;                                        ;
+-----------------------------------------------+----------------------------------------+


+---------------------------------------------------------------------------------------------------------------+
; Removed Registers Triggering Further Register Optimizations                                                   ;
+-------------------------------------+---------------------------+---------------------------------------------+
; Register name                       ; Reason for Removal        ; Registers Removed due to This Register      ;
+-------------------------------------+---------------------------+---------------------------------------------+
; BancoRegistro:registros|time_enable ; Stuck at GND              ; BancoRegistro:registros|second_counter[31], ;
;                                     ; due to stuck port data_in ; BancoRegistro:registros|second_counter[30], ;
;                                     ;                           ; BancoRegistro:registros|second_counter[29], ;
;                                     ;                           ; BancoRegistro:registros|second_counter[28], ;
;                                     ;                           ; BancoRegistro:registros|second_counter[27], ;
;                                     ;                           ; BancoRegistro:registros|second_counter[26], ;
;                                     ;                           ; BancoRegistro:registros|second_counter[25], ;
;                                     ;                           ; BancoRegistro:registros|second_counter[24], ;
;                                     ;                           ; BancoRegistro:registros|second_counter[23], ;
;                                     ;                           ; BancoRegistro:registros|second_counter[22], ;
;                                     ;                           ; BancoRegistro:registros|second_counter[21], ;
;                                     ;                           ; BancoRegistro:registros|second_counter[20], ;
;                                     ;                           ; BancoRegistro:registros|second_counter[19], ;
;                                     ;                           ; BancoRegistro:registros|second_counter[18], ;
;                                     ;                           ; BancoRegistro:registros|second_counter[17], ;
;                                     ;                           ; BancoRegistro:registros|second_counter[16], ;
;                                     ;                           ; BancoRegistro:registros|second_counter[15], ;
;                                     ;                           ; BancoRegistro:registros|second_counter[14], ;
;                                     ;                           ; BancoRegistro:registros|second_counter[13], ;
;                                     ;                           ; BancoRegistro:registros|second_counter[12], ;
;                                     ;                           ; BancoRegistro:registros|second_counter[11], ;
;                                     ;                           ; BancoRegistro:registros|second_counter[10], ;
;                                     ;                           ; BancoRegistro:registros|second_counter[9],  ;
;                                     ;                           ; BancoRegistro:registros|second_counter[8],  ;
;                                     ;                           ; BancoRegistro:registros|second_counter[7],  ;
;                                     ;                           ; BancoRegistro:registros|second_counter[6],  ;
;                                     ;                           ; BancoRegistro:registros|second_counter[5],  ;
;                                     ;                           ; BancoRegistro:registros|second_counter[4],  ;
;                                     ;                           ; BancoRegistro:registros|second_counter[3],  ;
;                                     ;                           ; BancoRegistro:registros|second_counter[2],  ;
;                                     ;                           ; BancoRegistro:registros|second_counter[1],  ;
;                                     ;                           ; BancoRegistro:registros|second_counter[0]   ;
+-------------------------------------+---------------------------+---------------------------------------------+


+------------------------------------------------------+
; General Register Statistics                          ;
+----------------------------------------------+-------+
; Statistic                                    ; Value ;
+----------------------------------------------+-------+
; Total registers                              ; 95    ;
; Number of registers using Synchronous Clear  ; 28    ;
; Number of registers using Synchronous Load   ; 13    ;
; Number of registers using Asynchronous Clear ; 0     ;
; Number of registers using Asynchronous Load  ; 0     ;
; Number of registers using Clock Enable       ; 20    ;
; Number of registers using Preset             ; 0     ;
+----------------------------------------------+-------+


+---------------------------------------------------+
; Inverted Register Statistics                      ;
+-----------------------------------------+---------+
; Inverted Register                       ; Fan out ;
+-----------------------------------------+---------+
; BancoRegistro:registros|STATE[3]        ; 9       ;
; BancoRegistro:registros|STATE[2]        ; 12      ;
; BancoRegistro:registros|STATE[1]        ; 13      ;
; BancoRegistro:registros|STATE[0]        ; 15      ;
; BancoRegistro:registros|COMIDA[0]       ; 8       ;
; BancoRegistro:registros|ANIMO[0]        ; 7       ;
; BancoRegistro:registros|SALUD[0]        ; 8       ;
; BancoRegistro:registros|ENERGIA[0]      ; 7       ;
; BancoRegistro:registros|COMIDA[2]       ; 7       ;
; BancoRegistro:registros|ENERGIA[2]      ; 7       ;
; BancoRegistro:registros|ANIMO[2]        ; 7       ;
; BancoRegistro:registros|SALUD[2]        ; 6       ;
; Total number of inverted registers = 12 ;         ;
+-----------------------------------------+---------+


+--------------------------------------------------------------------------------------------------------------------------------------------------------------------+
; Multiplexer Restructuring Statistics (Restructuring Performed)                                                                                                     ;
+--------------------+-----------+---------------+----------------------+------------------------+------------+------------------------------------------------------+
; Multiplexer Inputs ; Bus Width ; Baseline Area ; Area if Restructured ; Saving if Restructured ; Registered ; Example Multiplexer Output                           ;
+--------------------+-----------+---------------+----------------------+------------------------+------------+------------------------------------------------------+
; 8:1                ; 3 bits    ; 15 LEs        ; 9 LEs                ; 6 LEs                  ; Yes        ; |tamagotchitop|display:displayh|bcd[3]               ;
; 16:1               ; 4 bits    ; 40 LEs        ; 24 LEs               ; 16 LEs                 ; Yes        ; |tamagotchitop|BancoRegistro:registros|stat_name[0]  ;
; 16:1               ; 2 bits    ; 20 LEs        ; 2 LEs                ; 18 LEs                 ; Yes        ; |tamagotchitop|BancoRegistro:registros|stat_value[4] ;
; 5:1                ; 6 bits    ; 18 LEs        ; 12 LEs               ; 6 LEs                  ; Yes        ; |tamagotchitop|BancoRegistro:registros|DIAS[1]       ;
; 5:1                ; 4 bits    ; 12 LEs        ; 8 LEs                ; 4 LEs                  ; Yes        ; |tamagotchitop|BancoRegistro:registros|reg_stat[0]   ;
; 13:1               ; 2 bits    ; 16 LEs        ; 12 LEs               ; 4 LEs                  ; Yes        ; |tamagotchitop|BancoRegistro:registros|stat_value[2] ;
+--------------------+-----------+---------------+----------------------+------------------------+------------+------------------------------------------------------+


+----------------------------------------------------------------------+
; Parameter Settings for User Entity Instance: BancoRegistro:registros ;
+---------------------------+-------+----------------------------------+
; Parameter Name            ; Value ; Type                             ;
+---------------------------+-------+----------------------------------+
; SECONDS_IN_MINUTE         ; 60    ; Signed Integer                   ;
; MINUTES_TO_INCREMENT_DAYS ; 2     ; Signed Integer                   ;
+---------------------------+-------+----------------------------------+
Note: In order to hide this table in the UI and the text report file, please set the "Show Parameter Settings in Synthesis Report" option in "Analysis and Synthesis Settings -> More Settings" to "Off".


+-----------------------------------------------------------------------------------+
; Parameter Settings for User Entity Instance: BancoRegistro:registros|divisor:div1 ;
+----------------+----------+-------------------------------------------------------+
; Parameter Name ; Value    ; Type                                                  ;
+----------------+----------+-------------------------------------------------------+
; frecuencia     ; 50000000 ; Signed Integer                                        ;
; freq_out       ; 5        ; Signed Integer                                        ;
; max_count      ; 5000000  ; Signed Integer                                        ;
+----------------+----------+-------------------------------------------------------+
Note: In order to hide this table in the UI and the text report file, please set the "Show Parameter Settings in Synthesis Report" option in "Analysis and Synthesis Settings -> More Settings" to "Off".


+-----------------------------------------------------------------------------------+
; Parameter Settings for Inferred Entity Instance: display:displayh|lpm_divide:Div0 ;
+------------------------+----------------+-----------------------------------------+
; Parameter Name         ; Value          ; Type                                    ;
+------------------------+----------------+-----------------------------------------+
; LPM_WIDTHN             ; 6              ; Untyped                                 ;
; LPM_WIDTHD             ; 4              ; Untyped                                 ;
; LPM_NREPRESENTATION    ; UNSIGNED       ; Untyped                                 ;
; LPM_DREPRESENTATION    ; UNSIGNED       ; Untyped                                 ;
; LPM_PIPELINE           ; 0              ; Untyped                                 ;
; LPM_REMAINDERPOSITIVE  ; TRUE           ; Untyped                                 ;
; MAXIMIZE_SPEED         ; 5              ; Untyped                                 ;
; CBXI_PARAMETER         ; lpm_divide_hhm ; Untyped                                 ;
; CARRY_CHAIN            ; MANUAL         ; Untyped                                 ;
; OPTIMIZE_FOR_SPEED     ; 5              ; Untyped                                 ;
; AUTO_CARRY_CHAINS      ; ON             ; AUTO_CARRY                              ;
; IGNORE_CARRY_BUFFERS   ; OFF            ; IGNORE_CARRY                            ;
; AUTO_CASCADE_CHAINS    ; ON             ; AUTO_CASCADE                            ;
; IGNORE_CASCADE_BUFFERS ; OFF            ; IGNORE_CASCADE                          ;
+------------------------+----------------+-----------------------------------------+
Note: In order to hide this table in the UI and the text report file, please set the "Show Parameter Settings in Synthesis Report" option in "Analysis and Synthesis Settings -> More Settings" to "Off".


+-----------------------------------------------------------------------------------+
; Parameter Settings for Inferred Entity Instance: display:displayh|lpm_divide:Mod1 ;
+------------------------+----------------+-----------------------------------------+
; Parameter Name         ; Value          ; Type                                    ;
+------------------------+----------------+-----------------------------------------+
; LPM_WIDTHN             ; 6              ; Untyped                                 ;
; LPM_WIDTHD             ; 4              ; Untyped                                 ;
; LPM_NREPRESENTATION    ; UNSIGNED       ; Untyped                                 ;
; LPM_DREPRESENTATION    ; UNSIGNED       ; Untyped                                 ;
; LPM_PIPELINE           ; 0              ; Untyped                                 ;
; LPM_REMAINDERPOSITIVE  ; TRUE           ; Untyped                                 ;
; MAXIMIZE_SPEED         ; 5              ; Untyped                                 ;
; CBXI_PARAMETER         ; lpm_divide_k9m ; Untyped                                 ;
; CARRY_CHAIN            ; MANUAL         ; Untyped                                 ;
; OPTIMIZE_FOR_SPEED     ; 5              ; Untyped                                 ;
; AUTO_CARRY_CHAINS      ; ON             ; AUTO_CARRY                              ;
; IGNORE_CARRY_BUFFERS   ; OFF            ; IGNORE_CARRY                            ;
; AUTO_CASCADE_CHAINS    ; ON             ; AUTO_CASCADE                            ;
; IGNORE_CASCADE_BUFFERS ; OFF            ; IGNORE_CASCADE                          ;
+------------------------+----------------+-----------------------------------------+
Note: In order to hide this table in the UI and the text report file, please set the "Show Parameter Settings in Synthesis Report" option in "Analysis and Synthesis Settings -> More Settings" to "Off".


+-----------------------------------------------------------------------------------+
; Parameter Settings for Inferred Entity Instance: display:displayh|lpm_divide:Mod0 ;
+------------------------+----------------+-----------------------------------------+
; Parameter Name         ; Value          ; Type                                    ;
+------------------------+----------------+-----------------------------------------+
; LPM_WIDTHN             ; 6              ; Untyped                                 ;
; LPM_WIDTHD             ; 4              ; Untyped                                 ;
; LPM_NREPRESENTATION    ; UNSIGNED       ; Untyped                                 ;
; LPM_DREPRESENTATION    ; UNSIGNED       ; Untyped                                 ;
; LPM_PIPELINE           ; 0              ; Untyped                                 ;
; LPM_REMAINDERPOSITIVE  ; TRUE           ; Untyped                                 ;
; MAXIMIZE_SPEED         ; 5              ; Untyped                                 ;
; CBXI_PARAMETER         ; lpm_divide_k9m ; Untyped                                 ;
; CARRY_CHAIN            ; MANUAL         ; Untyped                                 ;
; OPTIMIZE_FOR_SPEED     ; 5              ; Untyped                                 ;
; AUTO_CARRY_CHAINS      ; ON             ; AUTO_CARRY                              ;
; IGNORE_CARRY_BUFFERS   ; OFF            ; IGNORE_CARRY                            ;
; AUTO_CASCADE_CHAINS    ; ON             ; AUTO_CASCADE                            ;
; IGNORE_CASCADE_BUFFERS ; OFF            ; IGNORE_CASCADE                          ;
+------------------------+----------------+-----------------------------------------+
Note: In order to hide this table in the UI and the text report file, please set the "Show Parameter Settings in Synthesis Report" option in "Analysis and Synthesis Settings -> More Settings" to "Off".


+------------------------------------------------------------------------------------------------------------------------------------------------------------------------------------------------------------+
; Port Connectivity Checks: "display:displayh|BCDtoSSeg:bcdtosseg"                                                                                                                                           ;
+------+-------+----------+----------------------------------------------------------------------------------------------------------------------------------------------------------------------------------+
; Port ; Type  ; Severity ; Details                                                                                                                                                                          ;
+------+-------+----------+----------------------------------------------------------------------------------------------------------------------------------------------------------------------------------+
; BCD  ; Input ; Warning  ; Input port expression (8 bits) is wider than the input port (4 bits) it drives.  The 4 most-significant bit(s) in the expression will be dangling if they have no other fanouts. ;
+------+-------+----------+----------------------------------------------------------------------------------------------------------------------------------------------------------------------------------+


+----------------------------------------------------------------------------------------------------------------+
; Port Connectivity Checks: "display:displayh"                                                                   ;
+------+--------+----------+-------------------------------------------------------------------------------------+
; Port ; Type   ; Severity ; Details                                                                             ;
+------+--------+----------+-------------------------------------------------------------------------------------+
; led  ; Output ; Info     ; Connected to dangling logic. Logic that only feeds a dangling port will be removed. ;
+------+--------+----------+-------------------------------------------------------------------------------------+


+-----------------------------------------------------+
; Post-Synthesis Netlist Statistics for Top Partition ;
+-----------------------+-----------------------------+
; Type                  ; Count                       ;
+-----------------------+-----------------------------+
; boundary_port         ; 25                          ;
; cycloneiii_ff         ; 95                          ;
;     ENA               ; 12                          ;
;     ENA SCLR          ; 2                           ;
;     ENA SCLR SLD      ; 2                           ;
;     ENA SLD           ; 4                           ;
;     SCLR              ; 24                          ;
;     SLD               ; 7                           ;
;     plain             ; 44                          ;
; cycloneiii_lcell_comb ; 327                         ;
;     arith             ; 73                          ;
;         2 data inputs ; 55                          ;
;         3 data inputs ; 18                          ;
;     normal            ; 254                         ;
;         0 data inputs ; 8                           ;
;         1 data inputs ; 11                          ;
;         2 data inputs ; 47                          ;
;         3 data inputs ; 56                          ;
;         4 data inputs ; 132                         ;
;                       ;                             ;
; Max LUT depth         ; 9.10                        ;
; Average LUT depth     ; 4.19                        ;
+-----------------------+-----------------------------+


+-------------------------------+
; Elapsed Time Per Partition    ;
+----------------+--------------+
; Partition Name ; Elapsed Time ;
+----------------+--------------+
; Top            ; 00:00:01     ;
+----------------+--------------+


+-------------------------------+
; Analysis & Synthesis Messages ;
+-------------------------------+
Info: *******************************************************************
Info: Running Quartus Prime Analysis & Synthesis
    Info: Version 23.1std.0 Build 991 11/28/2023 SC Lite Edition
    Info: Processing started: Thu Sep 12 09:24:08 2024
Info: Command: quartus_map --read_settings_files=on --write_settings_files=off tamagotchi -c tamagotchitop
Warning (18236): Number of processors has not been specified which may cause overloading on shared machines.  Set the global assignment NUM_PARALLEL_PROCESSORS in your QSF to an appropriate value for best performance.
Info (20030): Parallel compilation is enabled and will use 4 of the 4 processors detected
Info (12021): Found 1 design units, including 1 entities, in source file divisor.v
    Info (12023): Found entity 1: divisor File: C:/Users/nicol/Documents/Quartus/Tamagotchi/divisor.v Line: 1
Info (12021): Found 0 design units, including 0 entities, in source file procesador.v
Warning (10275): Verilog HDL Module Instantiation warning at tamagotchitop.v(48): ignored dangling comma in List of Port Connections File: C:/Users/nicol/Documents/Quartus/Tamagotchi/tamagotchitop.v Line: 48
Warning (12125): Using design file tamagotchitop.v, which is not specified as a design file for the current project, but contains definitions for 1 design units and 1 entities in project
    Info (12023): Found entity 1: tamagotchitop File: C:/Users/nicol/Documents/Quartus/Tamagotchi/tamagotchitop.v Line: 1
Warning (10236): Verilog HDL Implicit Net warning at tamagotchitop.v(63): created implicit net for "led" File: C:/Users/nicol/Documents/Quartus/Tamagotchi/tamagotchitop.v Line: 63
Info (12127): Elaborating entity "tamagotchitop" for the top level hierarchy
Warning (12125): Using design file bancoregistro.v, which is not specified as a design file for the current project, but contains definitions for 1 design units and 1 entities in project
    Info (12023): Found entity 1: BancoRegistro File: C:/Users/nicol/Documents/Quartus/Tamagotchi/bancoregistro.v Line: 1
Info (12128): Elaborating entity "BancoRegistro" for hierarchy "BancoRegistro:registros" File: C:/Users/nicol/Documents/Quartus/Tamagotchi/tamagotchitop.v Line: 48
Warning (10230): Verilog HDL assignment warning at bancoregistro.v(124): truncated value with size 32 to match size of target (6) File: C:/Users/nicol/Documents/Quartus/Tamagotchi/bancoregistro.v Line: 124
Warning (10230): Verilog HDL assignment warning at bancoregistro.v(142): truncated value with size 32 to match size of target (4) File: C:/Users/nicol/Documents/Quartus/Tamagotchi/bancoregistro.v Line: 142
Warning (10230): Verilog HDL assignment warning at bancoregistro.v(146): truncated value with size 32 to match size of target (4) File: C:/Users/nicol/Documents/Quartus/Tamagotchi/bancoregistro.v Line: 146
Warning (10230): Verilog HDL assignment warning at bancoregistro.v(155): truncated value with size 32 to match size of target (3) File: C:/Users/nicol/Documents/Quartus/Tamagotchi/bancoregistro.v Line: 155
Warning (10230): Verilog HDL assignment warning at bancoregistro.v(156): truncated value with size 32 to match size of target (3) File: C:/Users/nicol/Documents/Quartus/Tamagotchi/bancoregistro.v Line: 156
Warning (10230): Verilog HDL assignment warning at bancoregistro.v(157): truncated value with size 32 to match size of target (3) File: C:/Users/nicol/Documents/Quartus/Tamagotchi/bancoregistro.v Line: 157
Warning (10230): Verilog HDL assignment warning at bancoregistro.v(158): truncated value with size 32 to match size of target (3) File: C:/Users/nicol/Documents/Quartus/Tamagotchi/bancoregistro.v Line: 158
Warning (10230): Verilog HDL assignment warning at bancoregistro.v(160): truncated value with size 32 to match size of target (6) File: C:/Users/nicol/Documents/Quartus/Tamagotchi/bancoregistro.v Line: 160
Warning (10230): Verilog HDL assignment warning at bancoregistro.v(161): truncated value with size 4 to match size of target (3) File: C:/Users/nicol/Documents/Quartus/Tamagotchi/bancoregistro.v Line: 161
Warning (10230): Verilog HDL assignment warning at bancoregistro.v(162): truncated value with size 4 to match size of target (3) File: C:/Users/nicol/Documents/Quartus/Tamagotchi/bancoregistro.v Line: 162
Warning (10230): Verilog HDL assignment warning at bancoregistro.v(163): truncated value with size 4 to match size of target (3) File: C:/Users/nicol/Documents/Quartus/Tamagotchi/bancoregistro.v Line: 163
Warning (10230): Verilog HDL assignment warning at bancoregistro.v(164): truncated value with size 4 to match size of target (3) File: C:/Users/nicol/Documents/Quartus/Tamagotchi/bancoregistro.v Line: 164
Warning (10230): Verilog HDL assignment warning at bancoregistro.v(167): truncated value with size 32 to match size of target (4) File: C:/Users/nicol/Documents/Quartus/Tamagotchi/bancoregistro.v Line: 167
Warning (10230): Verilog HDL assignment warning at bancoregistro.v(180): truncated value with size 32 to match size of target (3) File: C:/Users/nicol/Documents/Quartus/Tamagotchi/bancoregistro.v Line: 180
Warning (10230): Verilog HDL assignment warning at bancoregistro.v(181): truncated value with size 32 to match size of target (3) File: C:/Users/nicol/Documents/Quartus/Tamagotchi/bancoregistro.v Line: 181
Warning (10230): Verilog HDL assignment warning at bancoregistro.v(182): truncated value with size 32 to match size of target (3) File: C:/Users/nicol/Documents/Quartus/Tamagotchi/bancoregistro.v Line: 182
Warning (10230): Verilog HDL assignment warning at bancoregistro.v(183): truncated value with size 32 to match size of target (3) File: C:/Users/nicol/Documents/Quartus/Tamagotchi/bancoregistro.v Line: 183
Warning (10230): Verilog HDL assignment warning at bancoregistro.v(184): truncated value with size 32 to match size of target (6) File: C:/Users/nicol/Documents/Quartus/Tamagotchi/bancoregistro.v Line: 184
Warning (10230): Verilog HDL assignment warning at bancoregistro.v(185): truncated value with size 32 to match size of target (4) File: C:/Users/nicol/Documents/Quartus/Tamagotchi/bancoregistro.v Line: 185
Info (12128): Elaborating entity "divisor" for hierarchy "BancoRegistro:registros|divisor:div1" File: C:/Users/nicol/Documents/Quartus/Tamagotchi/bancoregistro.v Line: 65
Warning (10230): Verilog HDL assignment warning at divisor.v(23): truncated value with size 32 to match size of target (23) File: C:/Users/nicol/Documents/Quartus/Tamagotchi/divisor.v Line: 23
Warning (12125): Using design file display.v, which is not specified as a design file for the current project, but contains definitions for 1 design units and 1 entities in project
    Info (12023): Found entity 1: display File: C:/Users/nicol/Documents/Quartus/Tamagotchi/display.v Line: 3
Info (12128): Elaborating entity "display" for hierarchy "display:displayh" File: C:/Users/nicol/Documents/Quartus/Tamagotchi/tamagotchitop.v Line: 64
Warning (10230): Verilog HDL assignment warning at display.v(41): truncated value with size 32 to match size of target (27) File: C:/Users/nicol/Documents/Quartus/Tamagotchi/display.v Line: 41
Warning (10230): Verilog HDL assignment warning at display.v(53): truncated value with size 9 to match size of target (8) File: C:/Users/nicol/Documents/Quartus/Tamagotchi/display.v Line: 53
Warning (10230): Verilog HDL assignment warning at display.v(57): truncated value with size 32 to match size of target (3) File: C:/Users/nicol/Documents/Quartus/Tamagotchi/display.v Line: 57
Warning (10230): Verilog HDL assignment warning at display.v(58): truncated value with size 9 to match size of target (8) File: C:/Users/nicol/Documents/Quartus/Tamagotchi/display.v Line: 58
Warning (10230): Verilog HDL assignment warning at display.v(62): truncated value with size 32 to match size of target (8) File: C:/Users/nicol/Documents/Quartus/Tamagotchi/display.v Line: 62
Warning (10230): Verilog HDL assignment warning at display.v(62): truncated value with size 9 to match size of target (8) File: C:/Users/nicol/Documents/Quartus/Tamagotchi/display.v Line: 62
Warning (10230): Verilog HDL assignment warning at display.v(63): truncated value with size 32 to match size of target (8) File: C:/Users/nicol/Documents/Quartus/Tamagotchi/display.v Line: 63
Warning (10230): Verilog HDL assignment warning at display.v(63): truncated value with size 9 to match size of target (8) File: C:/Users/nicol/Documents/Quartus/Tamagotchi/display.v Line: 63
Warning (10230): Verilog HDL assignment warning at display.v(64): truncated value with size 9 to match size of target (8) File: C:/Users/nicol/Documents/Quartus/Tamagotchi/display.v Line: 64
Warning (10230): Verilog HDL assignment warning at display.v(66): truncated value with size 9 to match size of target (8) File: C:/Users/nicol/Documents/Quartus/Tamagotchi/display.v Line: 66
Warning (10230): Verilog HDL assignment warning at display.v(67): truncated value with size 9 to match size of target (8) File: C:/Users/nicol/Documents/Quartus/Tamagotchi/display.v Line: 67
Warning (10230): Verilog HDL assignment warning at display.v(68): truncated value with size 9 to match size of target (8) File: C:/Users/nicol/Documents/Quartus/Tamagotchi/display.v Line: 68
Warning (10230): Verilog HDL assignment warning at display.v(69): truncated value with size 9 to match size of target (8) File: C:/Users/nicol/Documents/Quartus/Tamagotchi/display.v Line: 69
Warning (12125): Using design file bcdtosseg.v, which is not specified as a design file for the current project, but contains definitions for 1 design units and 1 entities in project
    Info (12023): Found entity 1: BCDtoSSeg File: C:/Users/nicol/Documents/Quartus/Tamagotchi/bcdtosseg.v Line: 1
Info (12128): Elaborating entity "BCDtoSSeg" for hierarchy "display:displayh|BCDtoSSeg:bcdtosseg" File: C:/Users/nicol/Documents/Quartus/Tamagotchi/display.v Line: 24
Info (278001): Inferred 3 megafunctions from design logic
    Info (278004): Inferred divider/modulo megafunction ("lpm_divide") from the following logic: "display:displayh|Div0" File: C:/Users/nicol/Documents/Quartus/Tamagotchi/display.v Line: 63
    Info (278004): Inferred divider/modulo megafunction ("lpm_divide") from the following logic: "display:displayh|Mod1" File: C:/Users/nicol/Documents/Quartus/Tamagotchi/display.v Line: 63
    Info (278004): Inferred divider/modulo megafunction ("lpm_divide") from the following logic: "display:displayh|Mod0" File: C:/Users/nicol/Documents/Quartus/Tamagotchi/display.v Line: 62
Info (12130): Elaborated megafunction instantiation "display:displayh|lpm_divide:Div0" File: C:/Users/nicol/Documents/Quartus/Tamagotchi/display.v Line: 63
Info (12133): Instantiated megafunction "display:displayh|lpm_divide:Div0" with the following parameter: File: C:/Users/nicol/Documents/Quartus/Tamagotchi/display.v Line: 63
    Info (12134): Parameter "LPM_WIDTHN" = "6"
    Info (12134): Parameter "LPM_WIDTHD" = "4"
    Info (12134): Parameter "LPM_NREPRESENTATION" = "UNSIGNED"
    Info (12134): Parameter "LPM_DREPRESENTATION" = "UNSIGNED"
Info (12021): Found 1 design units, including 1 entities, in source file db/lpm_divide_hhm.tdf
    Info (12023): Found entity 1: lpm_divide_hhm File: C:/Users/nicol/Documents/Quartus/Tamagotchi/db/lpm_divide_hhm.tdf Line: 25
Info (12021): Found 1 design units, including 1 entities, in source file db/sign_div_unsign_9kh.tdf
    Info (12023): Found entity 1: sign_div_unsign_9kh File: C:/Users/nicol/Documents/Quartus/Tamagotchi/db/sign_div_unsign_9kh.tdf Line: 25
Info (12021): Found 1 design units, including 1 entities, in source file db/alt_u_div_64f.tdf
    Info (12023): Found entity 1: alt_u_div_64f File: C:/Users/nicol/Documents/Quartus/Tamagotchi/db/alt_u_div_64f.tdf Line: 27
Info (12021): Found 1 design units, including 1 entities, in source file db/add_sub_7pc.tdf
    Info (12023): Found entity 1: add_sub_7pc File: C:/Users/nicol/Documents/Quartus/Tamagotchi/db/add_sub_7pc.tdf Line: 23
Info (12021): Found 1 design units, including 1 entities, in source file db/add_sub_8pc.tdf
    Info (12023): Found entity 1: add_sub_8pc File: C:/Users/nicol/Documents/Quartus/Tamagotchi/db/add_sub_8pc.tdf Line: 23
Info (12130): Elaborated megafunction instantiation "display:displayh|lpm_divide:Mod1" File: C:/Users/nicol/Documents/Quartus/Tamagotchi/display.v Line: 63
Info (12133): Instantiated megafunction "display:displayh|lpm_divide:Mod1" with the following parameter: File: C:/Users/nicol/Documents/Quartus/Tamagotchi/display.v Line: 63
    Info (12134): Parameter "LPM_WIDTHN" = "6"
    Info (12134): Parameter "LPM_WIDTHD" = "4"
    Info (12134): Parameter "LPM_NREPRESENTATION" = "UNSIGNED"
    Info (12134): Parameter "LPM_DREPRESENTATION" = "UNSIGNED"
Info (12021): Found 1 design units, including 1 entities, in source file db/lpm_divide_k9m.tdf
    Info (12023): Found entity 1: lpm_divide_k9m File: C:/Users/nicol/Documents/Quartus/Tamagotchi/db/lpm_divide_k9m.tdf Line: 25
Warning (12241): 1 hierarchies have connectivity warnings - see the Connectivity Checks report folder
Warning (13024): Output pins are stuck at VCC or GND
    Warning (13410): Pin "an[2]" is stuck at VCC File: C:/Users/nicol/Documents/Quartus/Tamagotchi/tamagotchitop.v Line: 15
Info (286030): Timing-Driven Synthesis is running
Info (17049): 10 registers lost all their fanouts during netlist optimizations.
Info (144001): Generated suppressed messages file C:/Users/nicol/Documents/Quartus/Tamagotchi/output_files/tamagotchitop.map.smsg
Info (16010): Generating hard_block partition "hard_block:auto_generated_inst"
    Info (16011): Adding 0 node(s), including 0 DDIO, 0 PLL, 0 transceiver and 0 LCELL
Warning (21074): Design contains 1 input pin(s) that do not drive logic
    Warning (15610): No output dependent on input pin "test" File: C:/Users/nicol/Documents/Quartus/Tamagotchi/tamagotchitop.v Line: 4
Info (21057): Implemented 354 device resources after synthesis - the final resource count might be different
    Info (21058): Implemented 10 input pins
    Info (21059): Implemented 15 output pins
    Info (21061): Implemented 329 logic cells
Info: Quartus Prime Analysis & Synthesis was successful. 0 errors, 45 warnings
    Info: Peak virtual memory: 4791 megabytes
    Info: Processing ended: Thu Sep 12 09:24:22 2024
    Info: Elapsed time: 00:00:14
    Info: Total CPU time (on all processors): 00:00:25


+------------------------------------------+
; Analysis & Synthesis Suppressed Messages ;
+------------------------------------------+
The suppressed messages can be found in C:/Users/nicol/Documents/Quartus/Tamagotchi/output_files/tamagotchitop.map.smsg.


