Flow report for tamagotchitop
Thu Sep 12 09:24:35 2024
Quartus Prime Version 23.1std.0 Build 991 11/28/2023 SC Lite Edition


---------------------
; Table of Contents ;
---------------------
  1. Legal Notice
  2. Flow Summary
  3. Flow Settings
  4. Flow Non-Default Global Settings
  5. Flow Elapsed Time
  6. Flow OS Summary
  7. Flow Log
  8. Flow Messages
  9. Flow Suppressed Messages



----------------
; Legal Notice ;
----------------
Copyright (C) 2023  Intel Corporation. All rights reserved.
Your use of Intel Corporation's design tools, logic functions 
and other software and tools, and any partner logic 
functions, and any output files from any of the foregoing 
(including device programming or simulation files), and any 
associated documentation or information are expressly subject 
to the terms and conditions of the Intel Program License 
Subscription Agreement, the Intel Quartus Prime License Agreement,
the Intel FPGA IP License Agreement, or other applicable license
agreement, including, without limitation, that your use is for
the sole purpose of programming logic devices manufactured by
Intel and sold by Intel or its authorized distributors.  Please
refer to the applicable agreement for further details, at
https://fpgasoftware.intel.com/eula.



+-------------------------------------------------------------------------------------+
; Flow Summary                                                                        ;
+------------------------------------+------------------------------------------------+
; Flow Status                        ; Successful - Thu Sep 12 09:24:31 2024          ;
; Quartus Prime Version              ; 23.1std.0 Build 991 11/28/2023 SC Lite Edition ;
; Revision Name                      ; tamagotchitop                                  ;
; Top-level Entity Name              ; tamagotchitop                                  ;
; Family                             ; Cyclone IV E                                   ;
; Device                             ; EP4CE10E22C8                                   ;
; Timing Models                      ; Final                                          ;
; Total logic elements               ; 326 / 10,320 ( 3 % )                           ;
;     Total combinational functions  ; 325 / 10,320 ( 3 % )                           ;
;     Dedicated logic registers      ; 95 / 10,320 ( < 1 % )                          ;
; Total registers                    ; 95                                             ;
; Total pins                         ; 25 / 92 ( 27 % )                               ;
; Total virtual pins                 ; 0                                              ;
; Total memory bits                  ; 0 / 423,936 ( 0 % )                            ;
; Embedded Multiplier 9-bit elements ; 0 / 46 ( 0 % )                                 ;
; Total PLLs                         ; 0 / 2 ( 0 % )                                  ;
+------------------------------------+------------------------------------------------+


+-----------------------------------------+
; Flow Settings                           ;
+-------------------+---------------------+
; Option            ; Setting             ;
+-------------------+---------------------+
; Start date & time ; 09/12/2024 09:24:09 ;
; Main task         ; Compilation         ;
; Revision Name     ; tamagotchitop       ;
+-------------------+---------------------+


+-------------------------------------------------------------------------------------------------------------------------+
; Flow Non-Default Global Settings                                                                                        ;
+-------------------------------------+----------------------------------------+---------------+-------------+------------+
; Assignment Name                     ; Value                                  ; Default Value ; Entity Name ; Section Id ;
+-------------------------------------+----------------------------------------+---------------+-------------+------------+
; COMPILER_SIGNATURE_ID               ; 253621757563923.172615104930456        ; --            ; --          ; --         ;
; MAX_CORE_JUNCTION_TEMP              ; 85                                     ; --            ; --          ; --         ;
; MIN_CORE_JUNCTION_TEMP              ; 0                                      ; --            ; --          ; --         ;
; PARTITION_COLOR                     ; -- (Not supported for targeted family) ; --            ; --          ; Top        ;
; PARTITION_FITTER_PRESERVATION_LEVEL ; -- (Not supported for targeted family) ; --            ; --          ; Top        ;
; PARTITION_NETLIST_TYPE              ; -- (Not supported for targeted family) ; --            ; --          ; Top        ;
; PROJECT_OUTPUT_DIRECTORY            ; output_files                           ; --            ; --          ; --         ;
+-------------------------------------+----------------------------------------+---------------+-------------+------------+


+--------------------------------------------------------------------------------------------------------------------------+
; Flow Elapsed Time                                                                                                        ;
+----------------------+--------------+-------------------------+---------------------+------------------------------------+
; Module Name          ; Elapsed Time ; Average Processors Used ; Peak Virtual Memory ; Total CPU Time (on all processors) ;
+----------------------+--------------+-------------------------+---------------------+------------------------------------+
; Analysis & Synthesis ; 00:00:14     ; 1.0                     ; 4791 MB             ; 00:00:24                           ;
; Fitter               ; 00:00:06     ; 1.0                     ; 5482 MB             ; 00:00:05                           ;
; Assembler            ; 00:00:00     ; 1.0                     ; 4683 MB             ; 00:00:01                           ;
; Timing Analyzer      ; 00:00:03     ; 1.0                     ; 4761 MB             ; 00:00:02                           ;
; Total                ; 00:00:23     ; --                      ; --                  ; 00:00:32                           ;
+----------------------+--------------+-------------------------+---------------------+------------------------------------+


+------------------------------------------------------------------------------------+
; Flow OS Summary                                                                    ;
+----------------------+------------------+------------+------------+----------------+
; Module Name          ; Machine Hostname ; OS Name    ; OS Version ; Processor type ;
+----------------------+------------------+------------+------------+----------------+
; Analysis & Synthesis ; LAPTOP-D54JFS2L  ; Windows 10 ; 10.0       ; x86_64         ;
; Fitter               ; LAPTOP-D54JFS2L  ; Windows 10 ; 10.0       ; x86_64         ;
; Assembler            ; LAPTOP-D54JFS2L  ; Windows 10 ; 10.0       ; x86_64         ;
; Timing Analyzer      ; LAPTOP-D54JFS2L  ; Windows 10 ; 10.0       ; x86_64         ;
+----------------------+------------------+------------+------------+----------------+


------------
; Flow Log ;
------------
quartus_map --read_settings_files=on --write_settings_files=off tamagotchi -c tamagotchitop
quartus_fit --read_settings_files=off --write_settings_files=off tamagotchi -c tamagotchitop
quartus_asm --read_settings_files=off --write_settings_files=off tamagotchi -c tamagotchitop
quartus_sta tamagotchi -c tamagotchitop



