Analysis & Synthesis report for ili9341_top
Wed Aug 21 12:23:42 2024
Quartus Prime Version 23.1std.0 Build 991 11/28/2023 SC Lite Edition


---------------------
; Table of Contents ;
---------------------
  1. Legal Notice
  2. Analysis & Synthesis Summary
  3. Analysis & Synthesis Settings
  4. Parallel Compilation
  5. Analysis & Synthesis Source Files Read
  6. Analysis & Synthesis Resource Usage Summary
  7. Analysis & Synthesis Resource Utilization by Entity
  8. Analysis & Synthesis RAM Summary
  9. State Machine - |ili9341_top|ili9341_controller:ili9341|fsm_state
 10. Registers Removed During Synthesis
 11. General Register Statistics
 12. Inverted Register Statistics
 13. Registers Packed Into Inferred Megafunctions
 14. Multiplexer Restructuring Statistics (Restructuring Performed)
 15. Source assignments for altsyncram:pixel_data_mem_rtl_0|altsyncram_eb81:auto_generated
 16. Parameter Settings for User Entity Instance: Top-level Entity: |ili9341_top
 17. Parameter Settings for User Entity Instance: freq_divider:freq_divider20MHz
 18. Parameter Settings for User Entity Instance: ili9341_controller:ili9341
 19. Parameter Settings for User Entity Instance: ili9341_controller:ili9341|spi_master:spi
 20. Parameter Settings for Inferred Entity Instance: altsyncram:pixel_data_mem_rtl_0
 21. altsyncram Parameter Settings by Entity Instance
 22. Post-Synthesis Netlist Statistics for Top Partition
 23. Elapsed Time Per Partition
 24. Analysis & Synthesis Messages



----------------
; Legal Notice ;
----------------
Copyright (C) 2023  Intel Corporation. All rights reserved.
Your use of Intel Corporation's design tools, logic functions 
and other software and tools, and any partner logic 
functions, and any output files from any of the foregoing 
(including device programming or simulation files), and any 
associated documentation or information are expressly subject 
to the terms and conditions of the Intel Program License 
Subscription Agreement, the Intel Quartus Prime License Agreement,
the Intel FPGA IP License Agreement, or other applicable license
agreement, including, without limitation, that your use is for
the sole purpose of programming logic devices manufactured by
Intel and sold by Intel or its authorized distributors.  Please
refer to the applicable agreement for further details, at
https://fpgasoftware.intel.com/eula.



+-------------------------------------------------------------------------------------+
; Analysis & Synthesis Summary                                                        ;
+------------------------------------+------------------------------------------------+
; Analysis & Synthesis Status        ; Successful - Wed Aug 21 12:23:42 2024          ;
; Quartus Prime Version              ; 23.1std.0 Build 991 11/28/2023 SC Lite Edition ;
; Revision Name                      ; ili9341_top                                    ;
; Top-level Entity Name              ; ili9341_top                                    ;
; Family                             ; Cyclone IV E                                   ;
; Total logic elements               ; 302                                            ;
;     Total combinational functions  ; 289                                            ;
;     Dedicated logic registers      ; 93                                             ;
; Total registers                    ; 93                                             ;
; Total pins                         ; 6                                              ;
; Total virtual pins                 ; 0                                              ;
; Total memory bits                  ; 262,144                                        ;
; Embedded Multiplier 9-bit elements ; 0                                              ;
; Total PLLs                         ; 0                                              ;
+------------------------------------+------------------------------------------------+


+------------------------------------------------------------------------------------------------------------+
; Analysis & Synthesis Settings                                                                              ;
+------------------------------------------------------------------+--------------------+--------------------+
; Option                                                           ; Setting            ; Default Value      ;
+------------------------------------------------------------------+--------------------+--------------------+
; Device                                                           ; EP4CE6E22C8        ;                    ;
; Top-level entity name                                            ; ili9341_top        ; ili9341_top        ;
; Family name                                                      ; Cyclone IV E       ; Cyclone V          ;
; Use smart compilation                                            ; Off                ; Off                ;
; Enable parallel Assembler and Timing Analyzer during compilation ; On                 ; On                 ;
; Enable compact report table                                      ; Off                ; Off                ;
; Restructure Multiplexers                                         ; Auto               ; Auto               ;
; Create Debugging Nodes for IP Cores                              ; Off                ; Off                ;
; Preserve fewer node names                                        ; On                 ; On                 ;
; Intel FPGA IP Evaluation Mode                                    ; Enable             ; Enable             ;
; Verilog Version                                                  ; Verilog_2001       ; Verilog_2001       ;
; VHDL Version                                                     ; VHDL_1993          ; VHDL_1993          ;
; State Machine Processing                                         ; Auto               ; Auto               ;
; Safe State Machine                                               ; Off                ; Off                ;
; Extract Verilog State Machines                                   ; On                 ; On                 ;
; Extract VHDL State Machines                                      ; On                 ; On                 ;
; Ignore Verilog initial constructs                                ; Off                ; Off                ;
; Iteration limit for constant Verilog loops                       ; 5000               ; 5000               ;
; Iteration limit for non-constant Verilog loops                   ; 250                ; 250                ;
; Add Pass-Through Logic to Inferred RAMs                          ; On                 ; On                 ;
; Infer RAMs from Raw Logic                                        ; On                 ; On                 ;
; Parallel Synthesis                                               ; On                 ; On                 ;
; DSP Block Balancing                                              ; Auto               ; Auto               ;
; NOT Gate Push-Back                                               ; On                 ; On                 ;
; Power-Up Don't Care                                              ; On                 ; On                 ;
; Remove Redundant Logic Cells                                     ; Off                ; Off                ;
; Remove Duplicate Registers                                       ; On                 ; On                 ;
; Ignore CARRY Buffers                                             ; Off                ; Off                ;
; Ignore CASCADE Buffers                                           ; Off                ; Off                ;
; Ignore GLOBAL Buffers                                            ; Off                ; Off                ;
; Ignore ROW GLOBAL Buffers                                        ; Off                ; Off                ;
; Ignore LCELL Buffers                                             ; Off                ; Off                ;
; Ignore SOFT Buffers                                              ; On                 ; On                 ;
; Limit AHDL Integers to 32 Bits                                   ; Off                ; Off                ;
; Optimization Technique                                           ; Balanced           ; Balanced           ;
; Carry Chain Length                                               ; 70                 ; 70                 ;
; Auto Carry Chains                                                ; On                 ; On                 ;
; Auto Open-Drain Pins                                             ; On                 ; On                 ;
; Perform WYSIWYG Primitive Resynthesis                            ; Off                ; Off                ;
; Auto ROM Replacement                                             ; On                 ; On                 ;
; Auto RAM Replacement                                             ; On                 ; On                 ;
; Auto DSP Block Replacement                                       ; On                 ; On                 ;
; Auto Shift Register Replacement                                  ; Auto               ; Auto               ;
; Allow Shift Register Merging across Hierarchies                  ; Auto               ; Auto               ;
; Auto Clock Enable Replacement                                    ; On                 ; On                 ;
; Strict RAM Replacement                                           ; Off                ; Off                ;
; Allow Synchronous Control Signals                                ; On                 ; On                 ;
; Force Use of Synchronous Clear Signals                           ; Off                ; Off                ;
; Auto RAM Block Balancing                                         ; On                 ; On                 ;
; Auto RAM to Logic Cell Conversion                                ; Off                ; Off                ;
; Auto Resource Sharing                                            ; Off                ; Off                ;
; Allow Any RAM Size For Recognition                               ; Off                ; Off                ;
; Allow Any ROM Size For Recognition                               ; Off                ; Off                ;
; Allow Any Shift Register Size For Recognition                    ; Off                ; Off                ;
; Use LogicLock Constraints during Resource Balancing              ; On                 ; On                 ;
; Ignore translate_off and synthesis_off directives                ; Off                ; Off                ;
; Timing-Driven Synthesis                                          ; On                 ; On                 ;
; Report Parameter Settings                                        ; On                 ; On                 ;
; Report Source Assignments                                        ; On                 ; On                 ;
; Report Connectivity Checks                                       ; On                 ; On                 ;
; Ignore Maximum Fan-Out Assignments                               ; Off                ; Off                ;
; Synchronization Register Chain Length                            ; 2                  ; 2                  ;
; Power Optimization During Synthesis                              ; Normal compilation ; Normal compilation ;
; HDL message level                                                ; Level2             ; Level2             ;
; Suppress Register Optimization Related Messages                  ; Off                ; Off                ;
; Number of Removed Registers Reported in Synthesis Report         ; 5000               ; 5000               ;
; Number of Swept Nodes Reported in Synthesis Report               ; 5000               ; 5000               ;
; Number of Inverted Registers Reported in Synthesis Report        ; 100                ; 100                ;
; Clock MUX Protection                                             ; On                 ; On                 ;
; Auto Gated Clock Conversion                                      ; Off                ; Off                ;
; Block Design Naming                                              ; Auto               ; Auto               ;
; SDC constraint protection                                        ; Off                ; Off                ;
; Synthesis Effort                                                 ; Auto               ; Auto               ;
; Shift Register Replacement - Allow Asynchronous Clear Signal     ; On                 ; On                 ;
; Pre-Mapping Resynthesis Optimization                             ; Off                ; Off                ;
; Analysis & Synthesis Message Level                               ; Medium             ; Medium             ;
; Disable Register Merging Across Hierarchies                      ; Auto               ; Auto               ;
; Resource Aware Inference For Block RAM                           ; On                 ; On                 ;
+------------------------------------------------------------------+--------------------+--------------------+


+------------------------------------------+
; Parallel Compilation                     ;
+----------------------------+-------------+
; Processors                 ; Number      ;
+----------------------------+-------------+
; Number detected on machine ; 4           ;
; Maximum allowed            ; 2           ;
;                            ;             ;
; Average used               ; 1.00        ;
; Maximum used               ; 2           ;
;                            ;             ;
; Usage by Processor         ; % Time Used ;
;     Processor 1            ; 100.0%      ;
;     Processor 2            ;   0.0%      ;
+----------------------------+-------------+


+---------------------------------------------------------------------------------------------------------------------------------------------------------------------------------------------------------------------------------------+
; Analysis & Synthesis Source Files Read                                                                                                                                                                                                ;
+--------------------------------------------------+-----------------+-------------------------------------------------------+------------------------------------------------------------------------------------------------+---------+
; File Name with User-Entered Path                 ; Used in Netlist ; File Type                                             ; File Name with Absolute Path                                                                   ; Library ;
+--------------------------------------------------+-----------------+-------------------------------------------------------+------------------------------------------------------------------------------------------------+---------+
; spi_master.v                                     ; yes             ; User Verilog HDL File                                 ; C:/Users/usuario/Documents/tamagotchi/ILI9341/spi_master.v                                     ;         ;
; ili9341_top.v                                    ; yes             ; User Verilog HDL File                                 ; C:/Users/usuario/Documents/tamagotchi/ILI9341/ili9341_top.v                                    ;         ;
; ili9341_controller.v                             ; yes             ; User Verilog HDL File                                 ; C:/Users/usuario/Documents/tamagotchi/ILI9341/ili9341_controller.v                             ;         ;
; freq_divider.v                                   ; yes             ; User Verilog HDL File                                 ; C:/Users/usuario/Documents/tamagotchi/ILI9341/freq_divider.v                                   ;         ;
; red_prueba.txt                                   ; yes             ; Auto-Found File                                       ; C:/Users/usuario/Documents/tamagotchi/ILI9341/red_prueba.txt                                   ;         ;
; altsyncram.tdf                                   ; yes             ; Megafunction                                          ; c:/intelfpga_lite/23.1std/quartus/libraries/megafunctions/altsyncram.tdf                       ;         ;
; stratix_ram_block.inc                            ; yes             ; Megafunction                                          ; c:/intelfpga_lite/23.1std/quartus/libraries/megafunctions/stratix_ram_block.inc                ;         ;
; lpm_mux.inc                                      ; yes             ; Megafunction                                          ; c:/intelfpga_lite/23.1std/quartus/libraries/megafunctions/lpm_mux.inc                          ;         ;
; lpm_decode.inc                                   ; yes             ; Megafunction                                          ; c:/intelfpga_lite/23.1std/quartus/libraries/megafunctions/lpm_decode.inc                       ;         ;
; aglobal231.inc                                   ; yes             ; Megafunction                                          ; c:/intelfpga_lite/23.1std/quartus/libraries/megafunctions/aglobal231.inc                       ;         ;
; a_rdenreg.inc                                    ; yes             ; Megafunction                                          ; c:/intelfpga_lite/23.1std/quartus/libraries/megafunctions/a_rdenreg.inc                        ;         ;
; altrom.inc                                       ; yes             ; Megafunction                                          ; c:/intelfpga_lite/23.1std/quartus/libraries/megafunctions/altrom.inc                           ;         ;
; altram.inc                                       ; yes             ; Megafunction                                          ; c:/intelfpga_lite/23.1std/quartus/libraries/megafunctions/altram.inc                           ;         ;
; altdpram.inc                                     ; yes             ; Megafunction                                          ; c:/intelfpga_lite/23.1std/quartus/libraries/megafunctions/altdpram.inc                         ;         ;
; db/altsyncram_eb81.tdf                           ; yes             ; Auto-Generated Megafunction                           ; C:/Users/usuario/Documents/tamagotchi/ILI9341/db/altsyncram_eb81.tdf                           ;         ;
; db/ili9341_top.ram0_ili9341_top_50da749d.hdl.mif ; yes             ; Auto-Generated Auto-Found Memory Initialization File  ; C:/Users/usuario/Documents/tamagotchi/ILI9341/db/ili9341_top.ram0_ili9341_top_50da749d.hdl.mif ;         ;
; db/mux_iob.tdf                                   ; yes             ; Auto-Generated Megafunction                           ; C:/Users/usuario/Documents/tamagotchi/ILI9341/db/mux_iob.tdf                                   ;         ;
+--------------------------------------------------+-----------------+-------------------------------------------------------+------------------------------------------------------------------------------------------------+---------+


+---------------------------------------------------------+
; Analysis & Synthesis Resource Usage Summary             ;
+---------------------------------------------+-----------+
; Resource                                    ; Usage     ;
+---------------------------------------------+-----------+
; Estimated Total logic elements              ; 302       ;
;                                             ;           ;
; Total combinational functions               ; 289       ;
; Logic element usage by number of LUT inputs ;           ;
;     -- 4 input functions                    ; 193       ;
;     -- 3 input functions                    ; 40        ;
;     -- <=2 input functions                  ; 56        ;
;                                             ;           ;
; Logic elements by mode                      ;           ;
;     -- normal mode                          ; 250       ;
;     -- arithmetic mode                      ; 39        ;
;                                             ;           ;
; Total registers                             ; 93        ;
;     -- Dedicated logic registers            ; 93        ;
;     -- I/O registers                        ; 0         ;
;                                             ;           ;
; I/O pins                                    ; 6         ;
; Total memory bits                           ; 262144    ;
;                                             ;           ;
; Embedded Multiplier 9-bit elements          ; 0         ;
;                                             ;           ;
; Maximum fan-out node                        ; rst~input ;
; Maximum fan-out                             ; 92        ;
; Total fan-out                               ; 1850      ;
; Average fan-out                             ; 4.34      ;
+---------------------------------------------+-----------+


+-------------------------------------------------------------------------------------------------------------------------------------------------------------------------------------------------------------------------------------------------------------------------------------+
; Analysis & Synthesis Resource Utilization by Entity                                                                                                                                                                                                                                 ;
+----------------------------------------+---------------------+---------------------------+-------------+--------------+---------+-----------+------+--------------+-----------------------------------------------------------------------------+--------------------+--------------+
; Compilation Hierarchy Node             ; Combinational ALUTs ; Dedicated Logic Registers ; Memory Bits ; DSP Elements ; DSP 9x9 ; DSP 18x18 ; Pins ; Virtual Pins ; Full Hierarchy Name                                                         ; Entity Name        ; Library Name ;
+----------------------------------------+---------------------+---------------------------+-------------+--------------+---------+-----------+------+--------------+-----------------------------------------------------------------------------+--------------------+--------------+
; |ili9341_top                           ; 289 (19)            ; 93 (16)                   ; 262144      ; 0            ; 0       ; 0         ; 6    ; 0            ; |ili9341_top                                                                ; ili9341_top        ; work         ;
;    |altsyncram:pixel_data_mem_rtl_0|   ; 0 (0)               ; 1 (0)                     ; 262144      ; 0            ; 0       ; 0         ; 0    ; 0            ; |ili9341_top|altsyncram:pixel_data_mem_rtl_0                                ; altsyncram         ; work         ;
;       |altsyncram_eb81:auto_generated| ; 0 (0)               ; 1 (1)                     ; 262144      ; 0            ; 0       ; 0         ; 0    ; 0            ; |ili9341_top|altsyncram:pixel_data_mem_rtl_0|altsyncram_eb81:auto_generated ; altsyncram_eb81    ; work         ;
;    |freq_divider:freq_divider20MHz|    ; 4 (4)               ; 4 (4)                     ; 0           ; 0            ; 0       ; 0         ; 0    ; 0            ; |ili9341_top|freq_divider:freq_divider20MHz                                 ; freq_divider       ; work         ;
;    |ili9341_controller:ili9341|        ; 266 (252)           ; 72 (55)                   ; 0           ; 0            ; 0       ; 0         ; 0    ; 0            ; |ili9341_top|ili9341_controller:ili9341                                     ; ili9341_controller ; work         ;
;       |spi_master:spi|                 ; 14 (14)             ; 17 (17)                   ; 0           ; 0            ; 0       ; 0         ; 0    ; 0            ; |ili9341_top|ili9341_controller:ili9341|spi_master:spi                      ; spi_master         ; work         ;
+----------------------------------------+---------------------+---------------------------+-------------+--------------+---------+-----------+------+--------------+-----------------------------------------------------------------------------+--------------------+--------------+
Note: For table entries with two numbers listed, the numbers in parentheses indicate the number of resources of the given type used by the specific entity alone. The numbers listed outside of parentheses indicate the total resources of the given type used by the specific entity and all of its sub-entities in the hierarchy.


+-----------------------------------------------------------------------------------------------------------------------------------------------------------------------------------------------------------------+
; Analysis & Synthesis RAM Summary                                                                                                                                                                                ;
+---------------------------------------------------------------------------+------+------+--------------+--------------+--------------+--------------+--------+--------------------------------------------------+
; Name                                                                      ; Type ; Mode ; Port A Depth ; Port A Width ; Port B Depth ; Port B Width ; Size   ; MIF                                              ;
+---------------------------------------------------------------------------+------+------+--------------+--------------+--------------+--------------+--------+--------------------------------------------------+
; altsyncram:pixel_data_mem_rtl_0|altsyncram_eb81:auto_generated|ALTSYNCRAM ; AUTO ; ROM  ; 16384        ; 16           ; --           ; --           ; 262144 ; db/ili9341_top.ram0_ili9341_top_50da749d.hdl.mif ;
+---------------------------------------------------------------------------+------+------+--------------+--------------+--------------+--------------+--------+--------------------------------------------------+


Encoding Type:  One-Hot
+--------------------------------------------------------------------------------------------------------------------------------------------------------------------------------------------------------------------------------------------------------------------+
; State Machine - |ili9341_top|ili9341_controller:ili9341|fsm_state                                                                                                                                                                                                  ;
+------------------------+----------------------+----------------------+-----------------------+------------------------+-----------------+----------------------+-----------------+-----------------------+-----------------+---------------------+-----------------+
; Name                   ; fsm_state.WAIT_FRAME ; fsm_state.FRAME_LOOP ; fsm_state.SET_ADRRESS ; fsm_state.SET_ROTATION ; fsm_state.WAIT3 ; fsm_state.DISPLAY_ON ; fsm_state.WAIT2 ; fsm_state.SEND_CONFIG ; fsm_state.WAIT1 ; fsm_state.SEND_INIT ; fsm_state.START ;
+------------------------+----------------------+----------------------+-----------------------+------------------------+-----------------+----------------------+-----------------+-----------------------+-----------------+---------------------+-----------------+
; fsm_state.START        ; 0                    ; 0                    ; 0                     ; 0                      ; 0               ; 0                    ; 0               ; 0                     ; 0               ; 0                   ; 0               ;
; fsm_state.SEND_INIT    ; 0                    ; 0                    ; 0                     ; 0                      ; 0               ; 0                    ; 0               ; 0                     ; 0               ; 1                   ; 1               ;
; fsm_state.WAIT1        ; 0                    ; 0                    ; 0                     ; 0                      ; 0               ; 0                    ; 0               ; 0                     ; 1               ; 0                   ; 1               ;
; fsm_state.SEND_CONFIG  ; 0                    ; 0                    ; 0                     ; 0                      ; 0               ; 0                    ; 0               ; 1                     ; 0               ; 0                   ; 1               ;
; fsm_state.WAIT2        ; 0                    ; 0                    ; 0                     ; 0                      ; 0               ; 0                    ; 1               ; 0                     ; 0               ; 0                   ; 1               ;
; fsm_state.DISPLAY_ON   ; 0                    ; 0                    ; 0                     ; 0                      ; 0               ; 1                    ; 0               ; 0                     ; 0               ; 0                   ; 1               ;
; fsm_state.WAIT3        ; 0                    ; 0                    ; 0                     ; 0                      ; 1               ; 0                    ; 0               ; 0                     ; 0               ; 0                   ; 1               ;
; fsm_state.SET_ROTATION ; 0                    ; 0                    ; 0                     ; 1                      ; 0               ; 0                    ; 0               ; 0                     ; 0               ; 0                   ; 1               ;
; fsm_state.SET_ADRRESS  ; 0                    ; 0                    ; 1                     ; 0                      ; 0               ; 0                    ; 0               ; 0                     ; 0               ; 0                   ; 1               ;
; fsm_state.FRAME_LOOP   ; 0                    ; 1                    ; 0                     ; 0                      ; 0               ; 0                    ; 0               ; 0                     ; 0               ; 0                   ; 1               ;
; fsm_state.WAIT_FRAME   ; 1                    ; 0                    ; 0                     ; 0                      ; 0               ; 0                    ; 0               ; 0                     ; 0               ; 0                   ; 1               ;
+------------------------+----------------------+----------------------+-----------------------+------------------------+-----------------+----------------------+-----------------+-----------------------+-----------------+---------------------+-----------------+


+-------------------------------------------------------------+
; Registers Removed During Synthesis                          ;
+----------------------------------------+--------------------+
; Register name                          ; Reason for Removal ;
+----------------------------------------+--------------------+
; ili9341_controller:ili9341|fsm_state~4 ; Lost fanout        ;
; ili9341_controller:ili9341|fsm_state~5 ; Lost fanout        ;
; ili9341_controller:ili9341|fsm_state~6 ; Lost fanout        ;
; ili9341_controller:ili9341|fsm_state~7 ; Lost fanout        ;
; Total Number of Removed Registers = 4  ;                    ;
+----------------------------------------+--------------------+


+------------------------------------------------------+
; General Register Statistics                          ;
+----------------------------------------------+-------+
; Statistic                                    ; Value ;
+----------------------------------------------+-------+
; Total registers                              ; 93    ;
; Number of registers using Synchronous Clear  ; 22    ;
; Number of registers using Synchronous Load   ; 1     ;
; Number of registers using Asynchronous Clear ; 92    ;
; Number of registers using Asynchronous Load  ; 0     ;
; Number of registers using Clock Enable       ; 63    ;
; Number of registers using Preset             ; 0     ;
+----------------------------------------------+-------+


+-------------------------------------------------------------+
; Inverted Register Statistics                                ;
+---------------------------------------------------+---------+
; Inverted Register                                 ; Fan out ;
+---------------------------------------------------+---------+
; ili9341_controller:ili9341|spi_master:spi|sck_reg ; 7       ;
; ili9341_controller:ili9341|spi_master:spi|spi_dc  ; 2       ;
; ili9341_controller:ili9341|spi_master:spi|idle    ; 40      ;
; ili9341_controller:ili9341|data_byte_flag         ; 60      ;
; Total number of inverted registers = 4            ;         ;
+---------------------------------------------------+---------+


+----------------------------------------------------+
; Registers Packed Into Inferred Megafunctions       ;
+----------------------+----------------------+------+
; Register Name        ; Megafunction         ; Type ;
+----------------------+----------------------+------+
; current_pixel[0..15] ; pixel_data_mem_rtl_0 ; RAM  ;
+----------------------+----------------------+------+


+------------------------------------------------------------------------------------------------------------------------------------------------------------------------------------------+
; Multiplexer Restructuring Statistics (Restructuring Performed)                                                                                                                           ;
+--------------------+-----------+---------------+----------------------+------------------------+------------+----------------------------------------------------------------------------+
; Multiplexer Inputs ; Bus Width ; Baseline Area ; Area if Restructured ; Saving if Restructured ; Registered ; Example Multiplexer Output                                                 ;
+--------------------+-----------+---------------+----------------------+------------------------+------------+----------------------------------------------------------------------------+
; 3:1                ; 3 bits    ; 6 LEs         ; 3 LEs                ; 3 LEs                  ; Yes        ; |ili9341_top|ili9341_controller:ili9341|spi_master:spi|data_bit_counter[0] ;
; 5:1                ; 3 bits    ; 9 LEs         ; 3 LEs                ; 6 LEs                  ; Yes        ; |ili9341_top|ili9341_controller:ili9341|next_config[3]                     ;
; 26:1               ; 5 bits    ; 85 LEs        ; 40 LEs               ; 45 LEs                 ; Yes        ; |ili9341_top|ili9341_controller:ili9341|spi_data[2]                        ;
+--------------------+-----------+---------------+----------------------+------------------------+------------+----------------------------------------------------------------------------+


+---------------------------------------------------------------------------------------+
; Source assignments for altsyncram:pixel_data_mem_rtl_0|altsyncram_eb81:auto_generated ;
+---------------------------------+--------------------+------+-------------------------+
; Assignment                      ; Value              ; From ; To                      ;
+---------------------------------+--------------------+------+-------------------------+
; OPTIMIZE_POWER_DURING_SYNTHESIS ; NORMAL_COMPILATION ; -    ; -                       ;
+---------------------------------+--------------------+------+-------------------------+


+-----------------------------------------------------------------------------+
; Parameter Settings for User Entity Instance: Top-level Entity: |ili9341_top ;
+----------------+-------+----------------------------------------------------+
; Parameter Name ; Value ; Type                                               ;
+----------------+-------+----------------------------------------------------+
; RESOLUTION     ; 16384 ; Signed Integer                                     ;
; PIXEL_SIZE     ; 16    ; Signed Integer                                     ;
+----------------+-------+----------------------------------------------------+
Note: In order to hide this table in the UI and the text report file, please set the "Show Parameter Settings in Synthesis Report" option in "Analysis and Synthesis Settings -> More Settings" to "Off".


+-----------------------------------------------------------------------------+
; Parameter Settings for User Entity Instance: freq_divider:freq_divider20MHz ;
+----------------+-------+----------------------------------------------------+
; Parameter Name ; Value ; Type                                               ;
+----------------+-------+----------------------------------------------------+
; DIVIDER        ; 6     ; Signed Integer                                     ;
+----------------+-------+----------------------------------------------------+
Note: In order to hide this table in the UI and the text report file, please set the "Show Parameter Settings in Synthesis Report" option in "Analysis and Synthesis Settings -> More Settings" to "Off".


+-------------------------------------------------------------------------+
; Parameter Settings for User Entity Instance: ili9341_controller:ili9341 ;
+----------------+-------+------------------------------------------------+
; Parameter Name ; Value ; Type                                           ;
+----------------+-------+------------------------------------------------+
; DATA_SIZE      ; 9     ; Signed Integer                                 ;
; STATES         ; 12    ; Signed Integer                                 ;
; PIXEL_SIZE     ; 16    ; Signed Integer                                 ;
+----------------+-------+------------------------------------------------+
Note: In order to hide this table in the UI and the text report file, please set the "Show Parameter Settings in Synthesis Report" option in "Analysis and Synthesis Settings -> More Settings" to "Off".


+----------------------------------------------------------------------------------------+
; Parameter Settings for User Entity Instance: ili9341_controller:ili9341|spi_master:spi ;
+----------------+-------+---------------------------------------------------------------+
; Parameter Name ; Value ; Type                                                          ;
+----------------+-------+---------------------------------------------------------------+
; DATA_SIZE      ; 9     ; Signed Integer                                                ;
+----------------+-------+---------------------------------------------------------------+
Note: In order to hide this table in the UI and the text report file, please set the "Show Parameter Settings in Synthesis Report" option in "Analysis and Synthesis Settings -> More Settings" to "Off".


+--------------------------------------------------------------------------------------------------------+
; Parameter Settings for Inferred Entity Instance: altsyncram:pixel_data_mem_rtl_0                       ;
+------------------------------------+--------------------------------------------------+----------------+
; Parameter Name                     ; Value                                            ; Type           ;
+------------------------------------+--------------------------------------------------+----------------+
; BYTE_SIZE_BLOCK                    ; 8                                                ; Untyped        ;
; AUTO_CARRY_CHAINS                  ; ON                                               ; AUTO_CARRY     ;
; IGNORE_CARRY_BUFFERS               ; OFF                                              ; IGNORE_CARRY   ;
; AUTO_CASCADE_CHAINS                ; ON                                               ; AUTO_CASCADE   ;
; IGNORE_CASCADE_BUFFERS             ; OFF                                              ; IGNORE_CASCADE ;
; WIDTH_BYTEENA                      ; 1                                                ; Untyped        ;
; OPERATION_MODE                     ; ROM                                              ; Untyped        ;
; WIDTH_A                            ; 16                                               ; Untyped        ;
; WIDTHAD_A                          ; 14                                               ; Untyped        ;
; NUMWORDS_A                         ; 16384                                            ; Untyped        ;
; OUTDATA_REG_A                      ; UNREGISTERED                                     ; Untyped        ;
; ADDRESS_ACLR_A                     ; NONE                                             ; Untyped        ;
; OUTDATA_ACLR_A                     ; NONE                                             ; Untyped        ;
; WRCONTROL_ACLR_A                   ; NONE                                             ; Untyped        ;
; INDATA_ACLR_A                      ; NONE                                             ; Untyped        ;
; BYTEENA_ACLR_A                     ; NONE                                             ; Untyped        ;
; WIDTH_B                            ; 1                                                ; Untyped        ;
; WIDTHAD_B                          ; 1                                                ; Untyped        ;
; NUMWORDS_B                         ; 1                                                ; Untyped        ;
; INDATA_REG_B                       ; CLOCK1                                           ; Untyped        ;
; WRCONTROL_WRADDRESS_REG_B          ; CLOCK1                                           ; Untyped        ;
; RDCONTROL_REG_B                    ; CLOCK1                                           ; Untyped        ;
; ADDRESS_REG_B                      ; CLOCK1                                           ; Untyped        ;
; OUTDATA_REG_B                      ; UNREGISTERED                                     ; Untyped        ;
; BYTEENA_REG_B                      ; CLOCK1                                           ; Untyped        ;
; INDATA_ACLR_B                      ; NONE                                             ; Untyped        ;
; WRCONTROL_ACLR_B                   ; NONE                                             ; Untyped        ;
; ADDRESS_ACLR_B                     ; NONE                                             ; Untyped        ;
; OUTDATA_ACLR_B                     ; NONE                                             ; Untyped        ;
; RDCONTROL_ACLR_B                   ; NONE                                             ; Untyped        ;
; BYTEENA_ACLR_B                     ; NONE                                             ; Untyped        ;
; WIDTH_BYTEENA_A                    ; 1                                                ; Untyped        ;
; WIDTH_BYTEENA_B                    ; 1                                                ; Untyped        ;
; RAM_BLOCK_TYPE                     ; AUTO                                             ; Untyped        ;
; BYTE_SIZE                          ; 8                                                ; Untyped        ;
; READ_DURING_WRITE_MODE_MIXED_PORTS ; DONT_CARE                                        ; Untyped        ;
; READ_DURING_WRITE_MODE_PORT_A      ; NEW_DATA_NO_NBE_READ                             ; Untyped        ;
; READ_DURING_WRITE_MODE_PORT_B      ; NEW_DATA_NO_NBE_READ                             ; Untyped        ;
; INIT_FILE                          ; db/ili9341_top.ram0_ili9341_top_50da749d.hdl.mif ; Untyped        ;
; INIT_FILE_LAYOUT                   ; PORT_A                                           ; Untyped        ;
; MAXIMUM_DEPTH                      ; 0                                                ; Untyped        ;
; CLOCK_ENABLE_INPUT_A               ; NORMAL                                           ; Untyped        ;
; CLOCK_ENABLE_INPUT_B               ; NORMAL                                           ; Untyped        ;
; CLOCK_ENABLE_OUTPUT_A              ; NORMAL                                           ; Untyped        ;
; CLOCK_ENABLE_OUTPUT_B              ; NORMAL                                           ; Untyped        ;
; CLOCK_ENABLE_CORE_A                ; USE_INPUT_CLKEN                                  ; Untyped        ;
; CLOCK_ENABLE_CORE_B                ; USE_INPUT_CLKEN                                  ; Untyped        ;
; ENABLE_ECC                         ; FALSE                                            ; Untyped        ;
; ECC_PIPELINE_STAGE_ENABLED         ; FALSE                                            ; Untyped        ;
; WIDTH_ECCSTATUS                    ; 3                                                ; Untyped        ;
; DEVICE_FAMILY                      ; Cyclone IV E                                     ; Untyped        ;
; CBXI_PARAMETER                     ; altsyncram_eb81                                  ; Untyped        ;
+------------------------------------+--------------------------------------------------+----------------+
Note: In order to hide this table in the UI and the text report file, please set the "Show Parameter Settings in Synthesis Report" option in "Analysis and Synthesis Settings -> More Settings" to "Off".


+-----------------------------------------------------------------------------+
; altsyncram Parameter Settings by Entity Instance                            ;
+-------------------------------------------+---------------------------------+
; Name                                      ; Value                           ;
+-------------------------------------------+---------------------------------+
; Number of entity instances                ; 1                               ;
; Entity Instance                           ; altsyncram:pixel_data_mem_rtl_0 ;
;     -- OPERATION_MODE                     ; ROM                             ;
;     -- WIDTH_A                            ; 16                              ;
;     -- NUMWORDS_A                         ; 16384                           ;
;     -- OUTDATA_REG_A                      ; UNREGISTERED                    ;
;     -- WIDTH_B                            ; 1                               ;
;     -- NUMWORDS_B                         ; 1                               ;
;     -- ADDRESS_REG_B                      ; CLOCK1                          ;
;     -- OUTDATA_REG_B                      ; UNREGISTERED                    ;
;     -- RAM_BLOCK_TYPE                     ; AUTO                            ;
;     -- READ_DURING_WRITE_MODE_MIXED_PORTS ; DONT_CARE                       ;
+-------------------------------------------+---------------------------------+


+-----------------------------------------------------+
; Post-Synthesis Netlist Statistics for Top Partition ;
+-----------------------+-----------------------------+
; Type                  ; Count                       ;
+-----------------------+-----------------------------+
; boundary_port         ; 6                           ;
; cycloneiii_ff         ; 93                          ;
;     CLR               ; 29                          ;
;     CLR SLD           ; 1                           ;
;     ENA               ; 1                           ;
;     ENA CLR           ; 40                          ;
;     ENA CLR SCLR      ; 22                          ;
; cycloneiii_lcell_comb ; 291                         ;
;     arith             ; 39                          ;
;         2 data inputs ; 37                          ;
;         3 data inputs ; 2                           ;
;     normal            ; 252                         ;
;         1 data inputs ; 7                           ;
;         2 data inputs ; 14                          ;
;         3 data inputs ; 38                          ;
;         4 data inputs ; 193                         ;
; cycloneiii_ram_block  ; 32                          ;
;                       ;                             ;
; Max LUT depth         ; 7.00                        ;
; Average LUT depth     ; 4.45                        ;
+-----------------------+-----------------------------+


+-------------------------------+
; Elapsed Time Per Partition    ;
+----------------+--------------+
; Partition Name ; Elapsed Time ;
+----------------+--------------+
; Top            ; 00:00:03     ;
+----------------+--------------+


+-------------------------------+
; Analysis & Synthesis Messages ;
+-------------------------------+
Info: *******************************************************************
Info: Running Quartus Prime Analysis & Synthesis
    Info: Version 23.1std.0 Build 991 11/28/2023 SC Lite Edition
    Info: Processing started: Wed Aug 21 12:23:18 2024
Info: Command: quartus_map --read_settings_files=on --write_settings_files=off ili9341 -c ili9341_top
Warning (18236): Number of processors has not been specified which may cause overloading on shared machines.  Set the global assignment NUM_PARALLEL_PROCESSORS in your QSF to an appropriate value for best performance.
Info (20030): Parallel compilation is enabled and will use 2 of the 2 processors detected
Info (12021): Found 1 design units, including 1 entities, in source file spi_master.v
    Info (12023): Found entity 1: spi_master File: C:/Users/usuario/Documents/tamagotchi/ILI9341/spi_master.v Line: 1
Info (12021): Found 1 design units, including 1 entities, in source file ili9341_top.v
    Info (12023): Found entity 1: ili9341_top File: C:/Users/usuario/Documents/tamagotchi/ILI9341/ili9341_top.v Line: 5
Info (12021): Found 1 design units, including 1 entities, in source file ili9341_tb.v
    Info (12023): Found entity 1: ili9341_TB File: C:/Users/usuario/Documents/tamagotchi/ILI9341/ili9341_TB.v Line: 3
Info (12021): Found 1 design units, including 1 entities, in source file ili9341_controller.v
    Info (12023): Found entity 1: ili9341_controller File: C:/Users/usuario/Documents/tamagotchi/ILI9341/ili9341_controller.v Line: 1
Info (12021): Found 1 design units, including 1 entities, in source file freq_divider.v
    Info (12023): Found entity 1: freq_divider File: C:/Users/usuario/Documents/tamagotchi/ILI9341/freq_divider.v Line: 1
Warning (10236): Verilog HDL Implicit Net warning at ili9341_controller.v(55): created implicit net for "idle" File: C:/Users/usuario/Documents/tamagotchi/ILI9341/ili9341_controller.v Line: 55
Info (12127): Elaborating entity "ili9341_top" for the top level hierarchy
Warning (10230): Verilog HDL assignment warning at ili9341_top.v(43): truncated value with size 32 to match size of target (14) File: C:/Users/usuario/Documents/tamagotchi/ILI9341/ili9341_top.v Line: 43
Warning (10030): Net "pixel_data_mem.data_a" at ili9341_top.v(18) has no driver or initial value, using a default initial value '0' File: C:/Users/usuario/Documents/tamagotchi/ILI9341/ili9341_top.v Line: 18
Warning (10030): Net "pixel_data_mem.waddr_a" at ili9341_top.v(18) has no driver or initial value, using a default initial value '0' File: C:/Users/usuario/Documents/tamagotchi/ILI9341/ili9341_top.v Line: 18
Warning (10030): Net "pixel_data_mem.we_a" at ili9341_top.v(18) has no driver or initial value, using a default initial value '0' File: C:/Users/usuario/Documents/tamagotchi/ILI9341/ili9341_top.v Line: 18
Info (12128): Elaborating entity "freq_divider" for hierarchy "freq_divider:freq_divider20MHz" File: C:/Users/usuario/Documents/tamagotchi/ILI9341/ili9341_top.v Line: 34
Warning (10230): Verilog HDL assignment warning at freq_divider.v(18): truncated value with size 32 to match size of target (3) File: C:/Users/usuario/Documents/tamagotchi/ILI9341/freq_divider.v Line: 18
Info (12128): Elaborating entity "ili9341_controller" for hierarchy "ili9341_controller:ili9341" File: C:/Users/usuario/Documents/tamagotchi/ILI9341/ili9341_top.v Line: 60
Warning (10230): Verilog HDL assignment warning at ili9341_controller.v(241): truncated value with size 32 to match size of target (22) File: C:/Users/usuario/Documents/tamagotchi/ILI9341/ili9341_controller.v Line: 241
Warning (10230): Verilog HDL assignment warning at ili9341_controller.v(296): truncated value with size 32 to match size of target (7) File: C:/Users/usuario/Documents/tamagotchi/ILI9341/ili9341_controller.v Line: 296
Warning (10030): Net "INIT_SEQ.data_a" at ili9341_controller.v(23) has no driver or initial value, using a default initial value '0' File: C:/Users/usuario/Documents/tamagotchi/ILI9341/ili9341_controller.v Line: 23
Warning (10030): Net "INIT_SEQ.waddr_a" at ili9341_controller.v(23) has no driver or initial value, using a default initial value '0' File: C:/Users/usuario/Documents/tamagotchi/ILI9341/ili9341_controller.v Line: 23
Warning (10030): Net "INIT_SEQ.we_a" at ili9341_controller.v(23) has no driver or initial value, using a default initial value '0' File: C:/Users/usuario/Documents/tamagotchi/ILI9341/ili9341_controller.v Line: 23
Info (12128): Elaborating entity "spi_master" for hierarchy "ili9341_controller:ili9341|spi_master:spi" File: C:/Users/usuario/Documents/tamagotchi/ILI9341/ili9341_controller.v Line: 56
Critical Warning (127005): Memory depth (128) in the design file differs from memory depth (84) in the Memory Initialization File "C:/Users/usuario/Documents/tamagotchi/ILI9341/db/ili9341_top.ram0_ili9341_controller_660e8849.hdl.mif" -- setting initial value for remaining addresses to 0
Warning (127007): Memory Initialization File or Hexadecimal (Intel-Format) File "C:/Users/usuario/Documents/tamagotchi/ILI9341/db/ili9341_top.ram0_ili9341_controller_660e8849.hdl.mif" contains "don't care" values -- overwriting them with 0s
Info (19000): Inferred 1 megafunctions from design logic
    Info (276029): Inferred altsyncram megafunction from the following design logic: "pixel_data_mem_rtl_0" 
        Info (286033): Parameter OPERATION_MODE set to ROM
        Info (286033): Parameter WIDTH_A set to 16
        Info (286033): Parameter WIDTHAD_A set to 14
        Info (286033): Parameter NUMWORDS_A set to 16384
        Info (286033): Parameter OUTDATA_REG_A set to UNREGISTERED
        Info (286033): Parameter ADDRESS_ACLR_A set to NONE
        Info (286033): Parameter OUTDATA_ACLR_A set to NONE
        Info (286033): Parameter INDATA_ACLR_A set to NONE
        Info (286033): Parameter WRCONTROL_ACLR_A set to NONE
        Info (286033): Parameter INIT_FILE set to db/ili9341_top.ram0_ili9341_top_50da749d.hdl.mif
Info (12130): Elaborated megafunction instantiation "altsyncram:pixel_data_mem_rtl_0"
Info (12133): Instantiated megafunction "altsyncram:pixel_data_mem_rtl_0" with the following parameter:
    Info (12134): Parameter "OPERATION_MODE" = "ROM"
    Info (12134): Parameter "WIDTH_A" = "16"
    Info (12134): Parameter "WIDTHAD_A" = "14"
    Info (12134): Parameter "NUMWORDS_A" = "16384"
    Info (12134): Parameter "OUTDATA_REG_A" = "UNREGISTERED"
    Info (12134): Parameter "ADDRESS_ACLR_A" = "NONE"
    Info (12134): Parameter "OUTDATA_ACLR_A" = "NONE"
    Info (12134): Parameter "INDATA_ACLR_A" = "NONE"
    Info (12134): Parameter "WRCONTROL_ACLR_A" = "NONE"
    Info (12134): Parameter "INIT_FILE" = "db/ili9341_top.ram0_ili9341_top_50da749d.hdl.mif"
Info (12021): Found 1 design units, including 1 entities, in source file db/altsyncram_eb81.tdf
    Info (12023): Found entity 1: altsyncram_eb81 File: C:/Users/usuario/Documents/tamagotchi/ILI9341/db/altsyncram_eb81.tdf Line: 30
Info (12021): Found 1 design units, including 1 entities, in source file db/mux_iob.tdf
    Info (12023): Found entity 1: mux_iob File: C:/Users/usuario/Documents/tamagotchi/ILI9341/db/mux_iob.tdf Line: 23
Info (13000): Registers with preset signals will power-up high File: C:/Users/usuario/Documents/tamagotchi/ILI9341/spi_master.v Line: 15
Info (13003): DEV_CLRn pin will set, and not reset, register with preset signal due to NOT Gate Push-Back
Info (286030): Timing-Driven Synthesis is running
Info (17049): 4 registers lost all their fanouts during netlist optimizations.
Info (16010): Generating hard_block partition "hard_block:auto_generated_inst"
    Info (16011): Adding 0 node(s), including 0 DDIO, 0 PLL, 0 transceiver and 0 LCELL
Info (21057): Implemented 351 device resources after synthesis - the final resource count might be different
    Info (21058): Implemented 2 input pins
    Info (21059): Implemented 4 output pins
    Info (21061): Implemented 313 logic cells
    Info (21064): Implemented 32 RAM segments
Info: Quartus Prime Analysis & Synthesis was successful. 0 errors, 14 warnings
    Info: Peak virtual memory: 4755 megabytes
    Info: Processing ended: Wed Aug 21 12:23:42 2024
    Info: Elapsed time: 00:00:24
    Info: Total CPU time (on all processors): 00:00:53


