Analysis & Synthesis report for Tamagotchi
Sun May 26 19:25:15 2024
Quartus Prime Version 23.1std.0 Build 991 11/28/2023 SC Lite Edition


---------------------
; Table of Contents ;
---------------------
  1. Legal Notice
  2. Analysis & Synthesis Summary
  3. Analysis & Synthesis Settings
  4. Parallel Compilation
  5. Analysis & Synthesis Messages



----------------
; Legal Notice ;
----------------
Copyright (C) 2023  Intel Corporation. All rights reserved.
Your use of Intel Corporation's design tools, logic functions 
and other software and tools, and any partner logic 
functions, and any output files from any of the foregoing 
(including device programming or simulation files), and any 
associated documentation or information are expressly subject 
to the terms and conditions of the Intel Program License 
Subscription Agreement, the Intel Quartus Prime License Agreement,
the Intel FPGA IP License Agreement, or other applicable license
agreement, including, without limitation, that your use is for
the sole purpose of programming logic devices manufactured by
Intel and sold by Intel or its authorized distributors.  Please
refer to the applicable agreement for further details, at
https://fpgasoftware.intel.com/eula.



+-------------------------------------------------------------------------------------+
; Analysis & Synthesis Summary                                                        ;
+------------------------------------+------------------------------------------------+
; Analysis & Synthesis Status        ; Failed - Sun May 26 19:25:15 2024              ;
; Quartus Prime Version              ; 23.1std.0 Build 991 11/28/2023 SC Lite Edition ;
; Revision Name                      ; Tamagotchi                                     ;
; Top-level Entity Name              ; top_level                                      ;
; Family                             ; Cyclone IV E                                   ;
; Total logic elements               ; N/A until Partition Merge                      ;
;     Total combinational functions  ; N/A until Partition Merge                      ;
;     Dedicated logic registers      ; N/A until Partition Merge                      ;
; Total registers                    ; N/A until Partition Merge                      ;
; Total pins                         ; N/A until Partition Merge                      ;
; Total virtual pins                 ; N/A until Partition Merge                      ;
; Total memory bits                  ; N/A until Partition Merge                      ;
; Embedded Multiplier 9-bit elements ; N/A until Partition Merge                      ;
; Total PLLs                         ; N/A until Partition Merge                      ;
+------------------------------------+------------------------------------------------+


+------------------------------------------------------------------------------------------------------------+
; Analysis & Synthesis Settings                                                                              ;
+------------------------------------------------------------------+--------------------+--------------------+
; Option                                                           ; Setting            ; Default Value      ;
+------------------------------------------------------------------+--------------------+--------------------+
; Device                                                           ; EP4CE10E22C8       ;                    ;
; Top-level entity name                                            ; top_level          ; Tamagotchi         ;
; Family name                                                      ; Cyclone IV E       ; Cyclone V          ;
; Use smart compilation                                            ; Off                ; Off                ;
; Enable parallel Assembler and Timing Analyzer during compilation ; On                 ; On                 ;
; Enable compact report table                                      ; Off                ; Off                ;
; Restructure Multiplexers                                         ; Auto               ; Auto               ;
; Create Debugging Nodes for IP Cores                              ; Off                ; Off                ;
; Preserve fewer node names                                        ; On                 ; On                 ;
; Intel FPGA IP Evaluation Mode                                    ; Enable             ; Enable             ;
; Verilog Version                                                  ; Verilog_2001       ; Verilog_2001       ;
; VHDL Version                                                     ; VHDL_1993          ; VHDL_1993          ;
; State Machine Processing                                         ; Auto               ; Auto               ;
; Safe State Machine                                               ; Off                ; Off                ;
; Extract Verilog State Machines                                   ; On                 ; On                 ;
; Extract VHDL State Machines                                      ; On                 ; On                 ;
; Ignore Verilog initial constructs                                ; Off                ; Off                ;
; Iteration limit for constant Verilog loops                       ; 5000               ; 5000               ;
; Iteration limit for non-constant Verilog loops                   ; 250                ; 250                ;
; Add Pass-Through Logic to Inferred RAMs                          ; On                 ; On                 ;
; Infer RAMs from Raw Logic                                        ; On                 ; On                 ;
; Parallel Synthesis                                               ; On                 ; On                 ;
; DSP Block Balancing                                              ; Auto               ; Auto               ;
; NOT Gate Push-Back                                               ; On                 ; On                 ;
; Power-Up Don't Care                                              ; On                 ; On                 ;
; Remove Redundant Logic Cells                                     ; Off                ; Off                ;
; Remove Duplicate Registers                                       ; On                 ; On                 ;
; Ignore CARRY Buffers                                             ; Off                ; Off                ;
; Ignore CASCADE Buffers                                           ; Off                ; Off                ;
; Ignore GLOBAL Buffers                                            ; Off                ; Off                ;
; Ignore ROW GLOBAL Buffers                                        ; Off                ; Off                ;
; Ignore LCELL Buffers                                             ; Off                ; Off                ;
; Ignore SOFT Buffers                                              ; On                 ; On                 ;
; Limit AHDL Integers to 32 Bits                                   ; Off                ; Off                ;
; Optimization Technique                                           ; Balanced           ; Balanced           ;
; Carry Chain Length                                               ; 70                 ; 70                 ;
; Auto Carry Chains                                                ; On                 ; On                 ;
; Auto Open-Drain Pins                                             ; On                 ; On                 ;
; Perform WYSIWYG Primitive Resynthesis                            ; Off                ; Off                ;
; Auto ROM Replacement                                             ; On                 ; On                 ;
; Auto RAM Replacement                                             ; On                 ; On                 ;
; Auto DSP Block Replacement                                       ; On                 ; On                 ;
; Auto Shift Register Replacement                                  ; Auto               ; Auto               ;
; Allow Shift Register Merging across Hierarchies                  ; Auto               ; Auto               ;
; Auto Clock Enable Replacement                                    ; On                 ; On                 ;
; Strict RAM Replacement                                           ; Off                ; Off                ;
; Allow Synchronous Control Signals                                ; On                 ; On                 ;
; Force Use of Synchronous Clear Signals                           ; Off                ; Off                ;
; Auto RAM Block Balancing                                         ; On                 ; On                 ;
; Auto RAM to Logic Cell Conversion                                ; Off                ; Off                ;
; Auto Resource Sharing                                            ; Off                ; Off                ;
; Allow Any RAM Size For Recognition                               ; Off                ; Off                ;
; Allow Any ROM Size For Recognition                               ; Off                ; Off                ;
; Allow Any Shift Register Size For Recognition                    ; Off                ; Off                ;
; Use LogicLock Constraints during Resource Balancing              ; On                 ; On                 ;
; Ignore translate_off and synthesis_off directives                ; Off                ; Off                ;
; Timing-Driven Synthesis                                          ; On                 ; On                 ;
; Report Parameter Settings                                        ; On                 ; On                 ;
; Report Source Assignments                                        ; On                 ; On                 ;
; Report Connectivity Checks                                       ; On                 ; On                 ;
; Ignore Maximum Fan-Out Assignments                               ; Off                ; Off                ;
; Synchronization Register Chain Length                            ; 2                  ; 2                  ;
; Power Optimization During Synthesis                              ; Normal compilation ; Normal compilation ;
; HDL message level                                                ; Level2             ; Level2             ;
; Suppress Register Optimization Related Messages                  ; Off                ; Off                ;
; Number of Removed Registers Reported in Synthesis Report         ; 5000               ; 5000               ;
; Number of Swept Nodes Reported in Synthesis Report               ; 5000               ; 5000               ;
; Number of Inverted Registers Reported in Synthesis Report        ; 100                ; 100                ;
; Clock MUX Protection                                             ; On                 ; On                 ;
; Auto Gated Clock Conversion                                      ; Off                ; Off                ;
; Block Design Naming                                              ; Auto               ; Auto               ;
; SDC constraint protection                                        ; Off                ; Off                ;
; Synthesis Effort                                                 ; Auto               ; Auto               ;
; Shift Register Replacement - Allow Asynchronous Clear Signal     ; On                 ; On                 ;
; Pre-Mapping Resynthesis Optimization                             ; Off                ; Off                ;
; Analysis & Synthesis Message Level                               ; Medium             ; Medium             ;
; Disable Register Merging Across Hierarchies                      ; Auto               ; Auto               ;
; Resource Aware Inference For Block RAM                           ; On                 ; On                 ;
+------------------------------------------------------------------+--------------------+--------------------+


+------------------------------------------+
; Parallel Compilation                     ;
+----------------------------+-------------+
; Processors                 ; Number      ;
+----------------------------+-------------+
; Number detected on machine ; 4           ;
; Maximum allowed            ; 2           ;
;                            ;             ;
; Average used               ; 1.00        ;
; Maximum used               ; 1           ;
;                            ;             ;
; Usage by Processor         ; % Time Used ;
;     Processor 1            ; 100.0%      ;
+----------------------------+-------------+


+-------------------------------+
; Analysis & Synthesis Messages ;
+-------------------------------+
Info: *******************************************************************
Info: Running Quartus Prime Analysis & Synthesis
    Info: Version 23.1std.0 Build 991 11/28/2023 SC Lite Edition
    Info: Processing started: Sun May 26 19:24:58 2024
Info: Command: quartus_map --read_settings_files=on --write_settings_files=off Tamagotchi -c Tamagotchi
Warning (18236): Number of processors has not been specified which may cause overloading on shared machines.  Set the global assignment NUM_PARALLEL_PROCESSORS in your QSF to an appropriate value for best performance.
Info (20030): Parallel compilation is enabled and will use 2 of the 2 processors detected
Info (12021): Found 1 design units, including 1 entities, in source file scr/adafruit_i2cdevice_h.v
    Info (12023): Found entity 1: Adafruit_I2CDevice_h File: C:/Users/usuario/Documents/Prueba/scr/Adafruit_I2CDevice_h.v Line: 1
Info (12021): Found 1 design units, including 1 entities, in source file scr/adafruit_i2cdevice_cpp.v
    Info (12023): Found entity 1: Adafruit_I2CDevice_cpp File: C:/Users/usuario/Documents/Prueba/scr/Adafruit_I2CDevice_cpp.v Line: 1
Info (12021): Found 1 design units, including 1 entities, in source file scr/top_level.v
    Info (12023): Found entity 1: top_level File: C:/Users/usuario/Documents/Prueba/scr/top_level.v Line: 1
Warning (12019): Can't analyze file -- file scr/Tamagotchi.v is missing
Warning (10236): Verilog HDL Implicit Net warning at top_level.v(29): created implicit net for "start" File: C:/Users/usuario/Documents/Prueba/scr/top_level.v Line: 29
Warning (10236): Verilog HDL Implicit Net warning at top_level.v(30): created implicit net for "addr" File: C:/Users/usuario/Documents/Prueba/scr/top_level.v Line: 30
Warning (10236): Verilog HDL Implicit Net warning at top_level.v(33): created implicit net for "detected" File: C:/Users/usuario/Documents/Prueba/scr/top_level.v Line: 33
Warning (10236): Verilog HDL Implicit Net warning at top_level.v(35): created implicit net for "write_enable" File: C:/Users/usuario/Documents/Prueba/scr/top_level.v Line: 35
Warning (10236): Verilog HDL Implicit Net warning at top_level.v(37): created implicit net for "read_valid" File: C:/Users/usuario/Documents/Prueba/scr/top_level.v Line: 37
Warning (10236): Verilog HDL Implicit Net warning at top_level.v(38): created implicit net for "busy" File: C:/Users/usuario/Documents/Prueba/scr/top_level.v Line: 38
Critical Warning (10846): Verilog HDL Instantiation warning at top_level.v(23): instance has no name File: C:/Users/usuario/Documents/Prueba/scr/top_level.v Line: 23
Critical Warning (10846): Verilog HDL Instantiation warning at top_level.v(39): instance has no name File: C:/Users/usuario/Documents/Prueba/scr/top_level.v Line: 39
Info (12127): Elaborating entity "top_level" for the top level hierarchy
Info (12128): Elaborating entity "Adafruit_I2CDevice_cpp" for hierarchy "Adafruit_I2CDevice_cpp:comb_3" File: C:/Users/usuario/Documents/Prueba/scr/top_level.v Line: 23
Warning (10036): Verilog HDL or VHDL warning at Adafruit_I2CDevice_cpp.v(22): object "addr" assigned a value but never read File: C:/Users/usuario/Documents/Prueba/scr/Adafruit_I2CDevice_cpp.v Line: 22
Warning (10036): Verilog HDL or VHDL warning at Adafruit_I2CDevice_cpp.v(26): object "read_in_progress" assigned a value but never read File: C:/Users/usuario/Documents/Prueba/scr/Adafruit_I2CDevice_cpp.v Line: 26
Warning (10240): Verilog HDL Always Construct warning at Adafruit_I2CDevice_cpp.v(29): inferring latch(es) for variable "i2c_detected", which holds its previous value in one or more paths through the always construct File: C:/Users/usuario/Documents/Prueba/scr/Adafruit_I2CDevice_cpp.v Line: 29
Warning (10230): Verilog HDL assignment warning at Adafruit_I2CDevice_cpp.v(99): truncated value with size 32 to match size of target (5) File: C:/Users/usuario/Documents/Prueba/scr/Adafruit_I2CDevice_cpp.v Line: 99
Warning (10230): Verilog HDL assignment warning at Adafruit_I2CDevice_cpp.v(110): truncated value with size 32 to match size of target (5) File: C:/Users/usuario/Documents/Prueba/scr/Adafruit_I2CDevice_cpp.v Line: 110
Info (10041): Inferred latch for "i2c_detected" at Adafruit_I2CDevice_cpp.v(29) File: C:/Users/usuario/Documents/Prueba/scr/Adafruit_I2CDevice_cpp.v Line: 29
Info (12128): Elaborating entity "Adafruit_I2CDevice_h" for hierarchy "Adafruit_I2CDevice_h:comb_4" File: C:/Users/usuario/Documents/Prueba/scr/top_level.v Line: 39
Warning (10036): Verilog HDL or VHDL warning at Adafruit_I2CDevice_h.v(21): object "write_buffer" assigned a value but never read File: C:/Users/usuario/Documents/Prueba/scr/Adafruit_I2CDevice_h.v Line: 21
Warning (10858): Verilog HDL warning at Adafruit_I2CDevice_h.v(22): object read_buffer used but never assigned File: C:/Users/usuario/Documents/Prueba/scr/Adafruit_I2CDevice_h.v Line: 22
Warning (10858): Verilog HDL warning at Adafruit_I2CDevice_h.v(23): object write_flag used but never assigned File: C:/Users/usuario/Documents/Prueba/scr/Adafruit_I2CDevice_h.v Line: 23
Warning (10858): Verilog HDL warning at Adafruit_I2CDevice_h.v(24): object read_flag used but never assigned File: C:/Users/usuario/Documents/Prueba/scr/Adafruit_I2CDevice_h.v Line: 24
Warning (10240): Verilog HDL Always Construct warning at Adafruit_I2CDevice_h.v(30): inferring latch(es) for variable "detected", which holds its previous value in one or more paths through the always construct File: C:/Users/usuario/Documents/Prueba/scr/Adafruit_I2CDevice_h.v Line: 30
Warning (10240): Verilog HDL Always Construct warning at Adafruit_I2CDevice_h.v(30): inferring latch(es) for variable "busy", which holds its previous value in one or more paths through the always construct File: C:/Users/usuario/Documents/Prueba/scr/Adafruit_I2CDevice_h.v Line: 30
Warning (10240): Verilog HDL Always Construct warning at Adafruit_I2CDevice_h.v(30): inferring latch(es) for variable "read_valid", which holds its previous value in one or more paths through the always construct File: C:/Users/usuario/Documents/Prueba/scr/Adafruit_I2CDevice_h.v Line: 30
Warning (10240): Verilog HDL Always Construct warning at Adafruit_I2CDevice_h.v(42): inferring latch(es) for variable "read_valid", which holds its previous value in one or more paths through the always construct File: C:/Users/usuario/Documents/Prueba/scr/Adafruit_I2CDevice_h.v Line: 42
Warning (10240): Verilog HDL Always Construct warning at Adafruit_I2CDevice_h.v(42): inferring latch(es) for variable "busy", which holds its previous value in one or more paths through the always construct File: C:/Users/usuario/Documents/Prueba/scr/Adafruit_I2CDevice_h.v Line: 42
Warning (10240): Verilog HDL Always Construct warning at Adafruit_I2CDevice_h.v(42): inferring latch(es) for variable "next_state", which holds its previous value in one or more paths through the always construct File: C:/Users/usuario/Documents/Prueba/scr/Adafruit_I2CDevice_h.v Line: 42
Warning (10030): Net "read_buffer" at Adafruit_I2CDevice_h.v(22) has no driver or initial value, using a default initial value '0' File: C:/Users/usuario/Documents/Prueba/scr/Adafruit_I2CDevice_h.v Line: 22
Warning (10030): Net "read_flag" at Adafruit_I2CDevice_h.v(24) has no driver or initial value, using a default initial value '0' File: C:/Users/usuario/Documents/Prueba/scr/Adafruit_I2CDevice_h.v Line: 24
Info (10041): Inferred latch for "next_state.100" at Adafruit_I2CDevice_h.v(42) File: C:/Users/usuario/Documents/Prueba/scr/Adafruit_I2CDevice_h.v Line: 42
Info (10041): Inferred latch for "next_state.011" at Adafruit_I2CDevice_h.v(42) File: C:/Users/usuario/Documents/Prueba/scr/Adafruit_I2CDevice_h.v Line: 42
Info (10041): Inferred latch for "next_state.010" at Adafruit_I2CDevice_h.v(42) File: C:/Users/usuario/Documents/Prueba/scr/Adafruit_I2CDevice_h.v Line: 42
Info (10041): Inferred latch for "next_state.001" at Adafruit_I2CDevice_h.v(42) File: C:/Users/usuario/Documents/Prueba/scr/Adafruit_I2CDevice_h.v Line: 42
Info (10041): Inferred latch for "next_state.000" at Adafruit_I2CDevice_h.v(42) File: C:/Users/usuario/Documents/Prueba/scr/Adafruit_I2CDevice_h.v Line: 42
Info (10041): Inferred latch for "busy" at Adafruit_I2CDevice_h.v(42) File: C:/Users/usuario/Documents/Prueba/scr/Adafruit_I2CDevice_h.v Line: 42
Info (10041): Inferred latch for "read_valid" at Adafruit_I2CDevice_h.v(42) File: C:/Users/usuario/Documents/Prueba/scr/Adafruit_I2CDevice_h.v Line: 42
Info (10041): Inferred latch for "read_valid" at Adafruit_I2CDevice_h.v(30) File: C:/Users/usuario/Documents/Prueba/scr/Adafruit_I2CDevice_h.v Line: 30
Info (10041): Inferred latch for "busy" at Adafruit_I2CDevice_h.v(30) File: C:/Users/usuario/Documents/Prueba/scr/Adafruit_I2CDevice_h.v Line: 30
Info (10041): Inferred latch for "detected" at Adafruit_I2CDevice_h.v(30) File: C:/Users/usuario/Documents/Prueba/scr/Adafruit_I2CDevice_h.v Line: 30
Error (10028): Can't resolve multiple constant drivers for net "read_valid" at Adafruit_I2CDevice_h.v(42) File: C:/Users/usuario/Documents/Prueba/scr/Adafruit_I2CDevice_h.v Line: 42
Error (10029): Constant driver at Adafruit_I2CDevice_h.v(30) File: C:/Users/usuario/Documents/Prueba/scr/Adafruit_I2CDevice_h.v Line: 30
Error (10028): Can't resolve multiple constant drivers for net "busy" at Adafruit_I2CDevice_h.v(42) File: C:/Users/usuario/Documents/Prueba/scr/Adafruit_I2CDevice_h.v Line: 42
Error (12152): Can't elaborate user hierarchy "Adafruit_I2CDevice_h:comb_4" File: C:/Users/usuario/Documents/Prueba/scr/top_level.v Line: 39
Error: Quartus Prime Analysis & Synthesis was unsuccessful. 4 errors, 27 warnings
    Error: Peak virtual memory: 4714 megabytes
    Error: Processing ended: Sun May 26 19:25:15 2024
    Error: Elapsed time: 00:00:17
    Error: Total CPU time (on all processors): 00:00:41


