#! /c/Source/iverilog-install/bin/vvp
:ivl_version "12.0 (devel)" "(s20150603-1539-g2693dd32b)";
:ivl_delay_selection "TYPICAL";
:vpi_time_precision - 12;
:vpi_module "C:\iverilog\lib\ivl\system.vpi";
:vpi_module "C:\iverilog\lib\ivl\vhdl_sys.vpi";
:vpi_module "C:\iverilog\lib\ivl\vhdl_textio.vpi";
:vpi_module "C:\iverilog\lib\ivl\v2005_math.vpi";
:vpi_module "C:\iverilog\lib\ivl\va_math.vpi";
S_000001cceb743fb0 .scope module, "dht_TB" "dht_TB" 2 4;
 .timescale -9 -12;
RS_000001cceb745a78 .resolv tri, L_000001cceb79b7f0, L_000001cceb79eb10;
L_000001cceb6eeaf0 .functor BUFZ 1, RS_000001cceb745a78, C4<0>, C4<0>, C4<0>;
o000001cceb745d48 .functor BUFZ 1, C4<z>; HiZ drive
; Elide local net with no drivers, v000001cceb79c650_0 name=_ivl_0
v000001cceb79cdd0_0 .var "clk", 0 0;
v000001cceb79d0f0_0 .net8 "dht11", 0 0, RS_000001cceb745a78;  2 drivers
v000001cceb79d190_0 .net "dht11_in", 0 0, L_000001cceb6eeaf0;  1 drivers
v000001cceb79d230_0 .var "dht11_out", 0 0;
v000001cceb79b4d0_0 .var "dir", 0 0;
o000001cceb745e08 .functor BUFZ 8, C4<zzzzzzzz>; HiZ drive
v000001cceb79b570_0 .net "humidity", 7 0, o000001cceb745e08;  0 drivers
v000001cceb79b610_0 .var "rst", 0 0;
o000001cceb745e38 .functor BUFZ 8, C4<zzzzzzzz>; HiZ drive
v000001cceb79b6b0_0 .net "temperature", 7 0, o000001cceb745e38;  0 drivers
v000001cceb79b750_0 .net "valid_data", 0 0, v000001cceb79b930_0;  1 drivers
L_000001cceb79eb10 .functor MUXZ 1, o000001cceb745d48, v000001cceb79d230_0, v000001cceb79b4d0_0, C4<>;
S_000001cceb744830 .scope begin, "TEST_CASE" "TEST_CASE" 2 63, 2 63 0, S_000001cceb743fb0;
 .timescale -9 -12;
S_000001cceb7449c0 .scope module, "uut" "dht" 2 16, 3 4 0, S_000001cceb743fb0;
 .timescale -9 -12;
    .port_info 0 /INPUT 1 "clk";
    .port_info 1 /INPUT 1 "rst";
    .port_info 2 /INOUT 1 "dht11";
    .port_info 3 /OUTPUT 1 "valid_data";
    .port_info 4 /OUTPUT 1 "led";
    .port_info 5 /OUTPUT 7 "seg";
    .port_info 6 /OUTPUT 8 "an";
P_000001cceb702ce0 .param/l "ENABLE" 1 3 34, C4<0000>;
P_000001cceb702d18 .param/l "MAX_COUNT" 0 3 5, +C4<00000000100110001001011010000000>;
P_000001cceb702d50 .param/l "PROCESS_DATA" 1 3 40, C4<0110>;
P_000001cceb702d88 .param/l "READ_DATA" 1 3 38, C4<0100>;
P_000001cceb702dc0 .param/l "START_SIGNAL" 1 3 35, C4<0001>;
P_000001cceb702df8 .param/l "T_MEDIDA" 1 3 43, +C4<00000001011111010111100001000000>;
P_000001cceb702e30 .param/l "T_RESPONSE" 1 3 46, +C4<00000000000000000001111101000000>;
P_000001cceb702e68 .param/l "T_START" 1 3 44, +C4<00000000000011011011101110100000>;
P_000001cceb702ea0 .param/l "T_WAIT" 1 3 45, +C4<00000000000000000000011111010000>;
P_000001cceb702ed8 .param/l "WAIT" 1 3 39, C4<0101>;
P_000001cceb702f10 .param/l "WAIT_RESPONSE_HIGH" 1 3 36, C4<0010>;
P_000001cceb702f48 .param/l "WAIT_RESPONSE_LOW" 1 3 37, C4<0011>;
o000001cceb745958 .functor BUFZ 1, C4<z>; HiZ drive
; Elide local net with no drivers, v000001cceb79bd90_0 name=_ivl_0
v000001cceb79c150_0 .var "aju_h", 7 0;
v000001cceb79c830_0 .var "aju_t", 7 0;
v000001cceb79ce70_0 .net "an", 7 0, v000001cceb79c790_0;  1 drivers
v000001cceb79c970_0 .var "bit_index", 5 0;
v000001cceb79bc50_0 .net "clk", 0 0, v000001cceb79cdd0_0;  1 drivers
v000001cceb79cb50_0 .net "clk2", 0 0, v000001cceb73a500_0;  1 drivers
v000001cceb79c5b0_0 .var "counter", 23 0;
v000001cceb79c0b0_0 .var "data", 39 0;
v000001cceb79ca10_0 .net8 "dht11", 0 0, RS_000001cceb745a78;  alias, 2 drivers
v000001cceb79b430_0 .var "dht11_dir", 0 0;
v000001cceb79c330_0 .var "dht11_out", 0 0;
v000001cceb79c6f0_0 .var "humidity", 15 0;
v000001cceb79b890_0 .var "led", 0 0;
v000001cceb79bb10_0 .net "rst", 0 0, v000001cceb79b610_0;  1 drivers
v000001cceb79bed0_0 .net "seg", 6 0, v000001cceb79cf10_0;  1 drivers
v000001cceb79cab0_0 .var "state", 3 0;
v000001cceb79bf70_0 .var "temperature", 15 0;
v000001cceb79cbf0_0 .var "timer", 31 0;
v000001cceb79b930_0 .var "valid_data", 0 0;
E_000001cceb738060 .event posedge, v000001cceb79bb10_0, v000001cceb73a5a0_0;
E_000001cceb7388e0 .event posedge, v000001cceb73a500_0;
L_000001cceb79b7f0 .functor MUXZ 1, o000001cceb745958, v000001cceb79c330_0, v000001cceb79b430_0, C4<>;
S_000001cceb702f90 .scope module, "aat" "divisor" 3 66, 4 1 0, S_000001cceb7449c0;
 .timescale -9 -12;
    .port_info 0 /INPUT 1 "clkd";
    .port_info 1 /OUTPUT 1 "clk2";
P_000001cceb6a7440 .param/l "frecuencia" 0 4 6, +C4<00000010111110101111000010000000>;
P_000001cceb6a7478 .param/l "freq_out" 0 4 7, +C4<00000000000000000010011100010000>;
P_000001cceb6a74b0 .param/l "max_count" 0 4 8, +C4<0000000000000000000000000000000000000000000000000000100111000100>;
v000001cceb73a500_0 .var "clk2", 0 0;
v000001cceb73a5a0_0 .net "clkd", 0 0, v000001cceb79cdd0_0;  alias, 1 drivers
v000001cceb73a640_0 .var "count", 22 0;
E_000001cceb7387e0 .event posedge, v000001cceb73a5a0_0;
S_000001cceb725360 .scope module, "display_ctrl" "display_controller" 3 192, 5 3 0, S_000001cceb7449c0;
 .timescale -9 -12;
    .port_info 0 /INPUT 1 "clk";
    .port_info 1 /INPUT 16 "value1";
    .port_info 2 /INPUT 16 "value2";
    .port_info 3 /OUTPUT 8 "an";
    .port_info 4 /OUTPUT 7 "seg";
v000001cceb79c790_0 .var "an", 7 0;
v000001cceb79b390_0 .net "clk", 0 0, v000001cceb79cdd0_0;  alias, 1 drivers
v000001cceb79cf10_0 .var "seg", 6 0;
v000001cceb79cfb0_0 .net "seg0", 6 0, v000001cceb73a6e0_0;  1 drivers
v000001cceb79bbb0_0 .net "seg1", 6 0, v000001cceb739a60_0;  1 drivers
v000001cceb79be30_0 .net "seg2", 6 0, v000001cceb73a8c0_0;  1 drivers
v000001cceb79c8d0_0 .net "seg3", 6 0, v000001cceb739e20_0;  1 drivers
v000001cceb79c470_0 .net "seg4", 6 0, v000001cceb739c40_0;  1 drivers
v000001cceb79ba70_0 .net "seg5", 6 0, v000001cceb739d80_0;  1 drivers
v000001cceb79bcf0_0 .net "seg6", 6 0, v000001cceb739f60_0;  1 drivers
v000001cceb79c290_0 .net "seg7", 6 0, v000001cceb79c1f0_0;  1 drivers
v000001cceb79cc90_0 .var "sel", 2 0;
v000001cceb79c510_0 .var "timer", 31 0;
v000001cceb79d050_0 .net "value1", 15 0, v000001cceb79c6f0_0;  1 drivers
v000001cceb79cd30_0 .net "value2", 15 0, v000001cceb79bf70_0;  1 drivers
E_000001cceb737ae0/0 .event anyedge, v000001cceb79cc90_0, v000001cceb73a6e0_0, v000001cceb739a60_0, v000001cceb73a8c0_0;
E_000001cceb737ae0/1 .event anyedge, v000001cceb739e20_0, v000001cceb739c40_0, v000001cceb739d80_0, v000001cceb739f60_0;
E_000001cceb737ae0/2 .event anyedge, v000001cceb79c1f0_0;
E_000001cceb737ae0 .event/or E_000001cceb737ae0/0, E_000001cceb737ae0/1, E_000001cceb737ae0/2;
L_000001cceb79b9d0 .part v000001cceb79c6f0_0, 0, 4;
L_000001cceb79c010 .part v000001cceb79c6f0_0, 4, 4;
L_000001cceb79dcb0 .part v000001cceb79c6f0_0, 8, 4;
L_000001cceb79f0b0 .part v000001cceb79c6f0_0, 12, 4;
L_000001cceb79e4d0 .part v000001cceb79bf70_0, 0, 4;
L_000001cceb79e2f0 .part v000001cceb79bf70_0, 4, 4;
L_000001cceb79e1b0 .part v000001cceb79bf70_0, 8, 4;
L_000001cceb79ddf0 .part v000001cceb79bf70_0, 12, 4;
S_000001cceb7254f0 .scope module, "bcd0" "bcd_to_7seg" 5 17, 6 1 0, S_000001cceb725360;
 .timescale -9 -12;
    .port_info 0 /INPUT 4 "bcd";
    .port_info 1 /OUTPUT 7 "seg";
v000001cceb73a280_0 .net "bcd", 3 0, L_000001cceb79b9d0;  1 drivers
v000001cceb73a6e0_0 .var "seg", 6 0;
E_000001cceb7387a0 .event anyedge, v000001cceb73a280_0;
S_000001cceb708d30 .scope module, "bcd1" "bcd_to_7seg" 5 18, 6 1 0, S_000001cceb725360;
 .timescale -9 -12;
    .port_info 0 /INPUT 4 "bcd";
    .port_info 1 /OUTPUT 7 "seg";
v000001cceb73a780_0 .net "bcd", 3 0, L_000001cceb79c010;  1 drivers
v000001cceb739a60_0 .var "seg", 6 0;
E_000001cceb737e60 .event anyedge, v000001cceb73a780_0;
S_000001cceb708ec0 .scope module, "bcd2" "bcd_to_7seg" 5 19, 6 1 0, S_000001cceb725360;
 .timescale -9 -12;
    .port_info 0 /INPUT 4 "bcd";
    .port_info 1 /OUTPUT 7 "seg";
v000001cceb73a820_0 .net "bcd", 3 0, L_000001cceb79dcb0;  1 drivers
v000001cceb73a8c0_0 .var "seg", 6 0;
E_000001cceb737a60 .event anyedge, v000001cceb73a820_0;
S_000001cceb6a6c50 .scope module, "bcd3" "bcd_to_7seg" 5 20, 6 1 0, S_000001cceb725360;
 .timescale -9 -12;
    .port_info 0 /INPUT 4 "bcd";
    .port_info 1 /OUTPUT 7 "seg";
v000001cceb739b00_0 .net "bcd", 3 0, L_000001cceb79f0b0;  1 drivers
v000001cceb739e20_0 .var "seg", 6 0;
E_000001cceb737b20 .event anyedge, v000001cceb739b00_0;
S_000001cceb6a6de0 .scope module, "bcd4" "bcd_to_7seg" 5 21, 6 1 0, S_000001cceb725360;
 .timescale -9 -12;
    .port_info 0 /INPUT 4 "bcd";
    .port_info 1 /OUTPUT 7 "seg";
v000001cceb739ba0_0 .net "bcd", 3 0, L_000001cceb79e4d0;  1 drivers
v000001cceb739c40_0 .var "seg", 6 0;
E_000001cceb7382e0 .event anyedge, v000001cceb739ba0_0;
S_000001cceb6a6f70 .scope module, "bcd5" "bcd_to_7seg" 5 22, 6 1 0, S_000001cceb725360;
 .timescale -9 -12;
    .port_info 0 /INPUT 4 "bcd";
    .port_info 1 /OUTPUT 7 "seg";
v000001cceb739ce0_0 .net "bcd", 3 0, L_000001cceb79e2f0;  1 drivers
v000001cceb739d80_0 .var "seg", 6 0;
E_000001cceb7380e0 .event anyedge, v000001cceb739ce0_0;
S_000001cceb79b020 .scope module, "bcd6" "bcd_to_7seg" 5 23, 6 1 0, S_000001cceb725360;
 .timescale -9 -12;
    .port_info 0 /INPUT 4 "bcd";
    .port_info 1 /OUTPUT 7 "seg";
v000001cceb739ec0_0 .net "bcd", 3 0, L_000001cceb79e1b0;  1 drivers
v000001cceb739f60_0 .var "seg", 6 0;
E_000001cceb738160 .event anyedge, v000001cceb739ec0_0;
S_000001cceb79b1b0 .scope module, "bcd7" "bcd_to_7seg" 5 24, 6 1 0, S_000001cceb725360;
 .timescale -9 -12;
    .port_info 0 /INPUT 4 "bcd";
    .port_info 1 /OUTPUT 7 "seg";
v000001cceb79c3d0_0 .net "bcd", 3 0, L_000001cceb79ddf0;  1 drivers
v000001cceb79c1f0_0 .var "seg", 6 0;
E_000001cceb7381e0 .event anyedge, v000001cceb79c3d0_0;
    .scope S_000001cceb702f90;
T_0 ;
    %pushi/vec4 0, 0, 23;
    %store/vec4 v000001cceb73a640_0, 0, 23;
    %pushi/vec4 0, 0, 1;
    %store/vec4 v000001cceb73a500_0, 0, 1;
    %end;
    .thread T_0;
    .scope S_000001cceb702f90;
T_1 ;
    %wait E_000001cceb7387e0;
    %load/vec4 v000001cceb73a640_0;
    %pad/u 64;
    %cmpi/e 2500, 0, 64;
    %jmp/0xz  T_1.0, 4;
    %load/vec4 v000001cceb73a500_0;
    %inv;
    %store/vec4 v000001cceb73a500_0, 0, 1;
    %pushi/vec4 0, 0, 23;
    %store/vec4 v000001cceb73a640_0, 0, 23;
    %jmp T_1.1;
T_1.0 ;
    %load/vec4 v000001cceb73a640_0;
    %addi 1, 0, 23;
    %store/vec4 v000001cceb73a640_0, 0, 23;
T_1.1 ;
    %jmp T_1;
    .thread T_1;
    .scope S_000001cceb7254f0;
T_2 ;
    %wait E_000001cceb7387a0;
    %load/vec4 v000001cceb73a280_0;
    %dup/vec4;
    %pushi/vec4 0, 0, 4;
    %cmp/u;
    %jmp/1 T_2.0, 6;
    %dup/vec4;
    %pushi/vec4 1, 0, 4;
    %cmp/u;
    %jmp/1 T_2.1, 6;
    %dup/vec4;
    %pushi/vec4 2, 0, 4;
    %cmp/u;
    %jmp/1 T_2.2, 6;
    %dup/vec4;
    %pushi/vec4 3, 0, 4;
    %cmp/u;
    %jmp/1 T_2.3, 6;
    %dup/vec4;
    %pushi/vec4 4, 0, 4;
    %cmp/u;
    %jmp/1 T_2.4, 6;
    %dup/vec4;
    %pushi/vec4 5, 0, 4;
    %cmp/u;
    %jmp/1 T_2.5, 6;
    %dup/vec4;
    %pushi/vec4 6, 0, 4;
    %cmp/u;
    %jmp/1 T_2.6, 6;
    %dup/vec4;
    %pushi/vec4 7, 0, 4;
    %cmp/u;
    %jmp/1 T_2.7, 6;
    %dup/vec4;
    %pushi/vec4 8, 0, 4;
    %cmp/u;
    %jmp/1 T_2.8, 6;
    %dup/vec4;
    %pushi/vec4 9, 0, 4;
    %cmp/u;
    %jmp/1 T_2.9, 6;
    %dup/vec4;
    %pushi/vec4 10, 0, 4;
    %cmp/u;
    %jmp/1 T_2.10, 6;
    %dup/vec4;
    %pushi/vec4 11, 0, 4;
    %cmp/u;
    %jmp/1 T_2.11, 6;
    %dup/vec4;
    %pushi/vec4 12, 0, 4;
    %cmp/u;
    %jmp/1 T_2.12, 6;
    %dup/vec4;
    %pushi/vec4 13, 0, 4;
    %cmp/u;
    %jmp/1 T_2.13, 6;
    %dup/vec4;
    %pushi/vec4 14, 0, 4;
    %cmp/u;
    %jmp/1 T_2.14, 6;
    %dup/vec4;
    %pushi/vec4 15, 0, 4;
    %cmp/u;
    %jmp/1 T_2.15, 6;
    %pushi/vec4 127, 0, 7;
    %store/vec4 v000001cceb73a6e0_0, 0, 7;
    %jmp T_2.17;
T_2.0 ;
    %pushi/vec4 64, 0, 7;
    %store/vec4 v000001cceb73a6e0_0, 0, 7;
    %jmp T_2.17;
T_2.1 ;
    %pushi/vec4 121, 0, 7;
    %store/vec4 v000001cceb73a6e0_0, 0, 7;
    %jmp T_2.17;
T_2.2 ;
    %pushi/vec4 36, 0, 7;
    %store/vec4 v000001cceb73a6e0_0, 0, 7;
    %jmp T_2.17;
T_2.3 ;
    %pushi/vec4 48, 0, 7;
    %store/vec4 v000001cceb73a6e0_0, 0, 7;
    %jmp T_2.17;
T_2.4 ;
    %pushi/vec4 25, 0, 7;
    %store/vec4 v000001cceb73a6e0_0, 0, 7;
    %jmp T_2.17;
T_2.5 ;
    %pushi/vec4 18, 0, 7;
    %store/vec4 v000001cceb73a6e0_0, 0, 7;
    %jmp T_2.17;
T_2.6 ;
    %pushi/vec4 2, 0, 7;
    %store/vec4 v000001cceb73a6e0_0, 0, 7;
    %jmp T_2.17;
T_2.7 ;
    %pushi/vec4 120, 0, 7;
    %store/vec4 v000001cceb73a6e0_0, 0, 7;
    %jmp T_2.17;
T_2.8 ;
    %pushi/vec4 0, 0, 7;
    %store/vec4 v000001cceb73a6e0_0, 0, 7;
    %jmp T_2.17;
T_2.9 ;
    %pushi/vec4 16, 0, 7;
    %store/vec4 v000001cceb73a6e0_0, 0, 7;
    %jmp T_2.17;
T_2.10 ;
    %pushi/vec4 28, 0, 7;
    %store/vec4 v000001cceb73a6e0_0, 0, 7;
    %jmp T_2.17;
T_2.11 ;
    %pushi/vec4 47, 0, 7;
    %store/vec4 v000001cceb73a6e0_0, 0, 7;
    %jmp T_2.17;
T_2.12 ;
    %pushi/vec4 9, 0, 7;
    %store/vec4 v000001cceb73a6e0_0, 0, 7;
    %jmp T_2.17;
T_2.13 ;
    %pushi/vec4 70, 0, 7;
    %store/vec4 v000001cceb73a6e0_0, 0, 7;
    %jmp T_2.17;
T_2.14 ;
    %pushi/vec4 14, 0, 7;
    %store/vec4 v000001cceb73a6e0_0, 0, 7;
    %jmp T_2.17;
T_2.15 ;
    %pushi/vec4 16, 0, 7;
    %store/vec4 v000001cceb73a6e0_0, 0, 7;
    %jmp T_2.17;
T_2.17 ;
    %pop/vec4 1;
    %jmp T_2;
    .thread T_2, $push;
    .scope S_000001cceb708d30;
T_3 ;
    %wait E_000001cceb737e60;
    %load/vec4 v000001cceb73a780_0;
    %dup/vec4;
    %pushi/vec4 0, 0, 4;
    %cmp/u;
    %jmp/1 T_3.0, 6;
    %dup/vec4;
    %pushi/vec4 1, 0, 4;
    %cmp/u;
    %jmp/1 T_3.1, 6;
    %dup/vec4;
    %pushi/vec4 2, 0, 4;
    %cmp/u;
    %jmp/1 T_3.2, 6;
    %dup/vec4;
    %pushi/vec4 3, 0, 4;
    %cmp/u;
    %jmp/1 T_3.3, 6;
    %dup/vec4;
    %pushi/vec4 4, 0, 4;
    %cmp/u;
    %jmp/1 T_3.4, 6;
    %dup/vec4;
    %pushi/vec4 5, 0, 4;
    %cmp/u;
    %jmp/1 T_3.5, 6;
    %dup/vec4;
    %pushi/vec4 6, 0, 4;
    %cmp/u;
    %jmp/1 T_3.6, 6;
    %dup/vec4;
    %pushi/vec4 7, 0, 4;
    %cmp/u;
    %jmp/1 T_3.7, 6;
    %dup/vec4;
    %pushi/vec4 8, 0, 4;
    %cmp/u;
    %jmp/1 T_3.8, 6;
    %dup/vec4;
    %pushi/vec4 9, 0, 4;
    %cmp/u;
    %jmp/1 T_3.9, 6;
    %dup/vec4;
    %pushi/vec4 10, 0, 4;
    %cmp/u;
    %jmp/1 T_3.10, 6;
    %dup/vec4;
    %pushi/vec4 11, 0, 4;
    %cmp/u;
    %jmp/1 T_3.11, 6;
    %dup/vec4;
    %pushi/vec4 12, 0, 4;
    %cmp/u;
    %jmp/1 T_3.12, 6;
    %dup/vec4;
    %pushi/vec4 13, 0, 4;
    %cmp/u;
    %jmp/1 T_3.13, 6;
    %dup/vec4;
    %pushi/vec4 14, 0, 4;
    %cmp/u;
    %jmp/1 T_3.14, 6;
    %dup/vec4;
    %pushi/vec4 15, 0, 4;
    %cmp/u;
    %jmp/1 T_3.15, 6;
    %pushi/vec4 127, 0, 7;
    %store/vec4 v000001cceb739a60_0, 0, 7;
    %jmp T_3.17;
T_3.0 ;
    %pushi/vec4 64, 0, 7;
    %store/vec4 v000001cceb739a60_0, 0, 7;
    %jmp T_3.17;
T_3.1 ;
    %pushi/vec4 121, 0, 7;
    %store/vec4 v000001cceb739a60_0, 0, 7;
    %jmp T_3.17;
T_3.2 ;
    %pushi/vec4 36, 0, 7;
    %store/vec4 v000001cceb739a60_0, 0, 7;
    %jmp T_3.17;
T_3.3 ;
    %pushi/vec4 48, 0, 7;
    %store/vec4 v000001cceb739a60_0, 0, 7;
    %jmp T_3.17;
T_3.4 ;
    %pushi/vec4 25, 0, 7;
    %store/vec4 v000001cceb739a60_0, 0, 7;
    %jmp T_3.17;
T_3.5 ;
    %pushi/vec4 18, 0, 7;
    %store/vec4 v000001cceb739a60_0, 0, 7;
    %jmp T_3.17;
T_3.6 ;
    %pushi/vec4 2, 0, 7;
    %store/vec4 v000001cceb739a60_0, 0, 7;
    %jmp T_3.17;
T_3.7 ;
    %pushi/vec4 120, 0, 7;
    %store/vec4 v000001cceb739a60_0, 0, 7;
    %jmp T_3.17;
T_3.8 ;
    %pushi/vec4 0, 0, 7;
    %store/vec4 v000001cceb739a60_0, 0, 7;
    %jmp T_3.17;
T_3.9 ;
    %pushi/vec4 16, 0, 7;
    %store/vec4 v000001cceb739a60_0, 0, 7;
    %jmp T_3.17;
T_3.10 ;
    %pushi/vec4 28, 0, 7;
    %store/vec4 v000001cceb739a60_0, 0, 7;
    %jmp T_3.17;
T_3.11 ;
    %pushi/vec4 47, 0, 7;
    %store/vec4 v000001cceb739a60_0, 0, 7;
    %jmp T_3.17;
T_3.12 ;
    %pushi/vec4 9, 0, 7;
    %store/vec4 v000001cceb739a60_0, 0, 7;
    %jmp T_3.17;
T_3.13 ;
    %pushi/vec4 70, 0, 7;
    %store/vec4 v000001cceb739a60_0, 0, 7;
    %jmp T_3.17;
T_3.14 ;
    %pushi/vec4 14, 0, 7;
    %store/vec4 v000001cceb739a60_0, 0, 7;
    %jmp T_3.17;
T_3.15 ;
    %pushi/vec4 16, 0, 7;
    %store/vec4 v000001cceb739a60_0, 0, 7;
    %jmp T_3.17;
T_3.17 ;
    %pop/vec4 1;
    %jmp T_3;
    .thread T_3, $push;
    .scope S_000001cceb708ec0;
T_4 ;
    %wait E_000001cceb737a60;
    %load/vec4 v000001cceb73a820_0;
    %dup/vec4;
    %pushi/vec4 0, 0, 4;
    %cmp/u;
    %jmp/1 T_4.0, 6;
    %dup/vec4;
    %pushi/vec4 1, 0, 4;
    %cmp/u;
    %jmp/1 T_4.1, 6;
    %dup/vec4;
    %pushi/vec4 2, 0, 4;
    %cmp/u;
    %jmp/1 T_4.2, 6;
    %dup/vec4;
    %pushi/vec4 3, 0, 4;
    %cmp/u;
    %jmp/1 T_4.3, 6;
    %dup/vec4;
    %pushi/vec4 4, 0, 4;
    %cmp/u;
    %jmp/1 T_4.4, 6;
    %dup/vec4;
    %pushi/vec4 5, 0, 4;
    %cmp/u;
    %jmp/1 T_4.5, 6;
    %dup/vec4;
    %pushi/vec4 6, 0, 4;
    %cmp/u;
    %jmp/1 T_4.6, 6;
    %dup/vec4;
    %pushi/vec4 7, 0, 4;
    %cmp/u;
    %jmp/1 T_4.7, 6;
    %dup/vec4;
    %pushi/vec4 8, 0, 4;
    %cmp/u;
    %jmp/1 T_4.8, 6;
    %dup/vec4;
    %pushi/vec4 9, 0, 4;
    %cmp/u;
    %jmp/1 T_4.9, 6;
    %dup/vec4;
    %pushi/vec4 10, 0, 4;
    %cmp/u;
    %jmp/1 T_4.10, 6;
    %dup/vec4;
    %pushi/vec4 11, 0, 4;
    %cmp/u;
    %jmp/1 T_4.11, 6;
    %dup/vec4;
    %pushi/vec4 12, 0, 4;
    %cmp/u;
    %jmp/1 T_4.12, 6;
    %dup/vec4;
    %pushi/vec4 13, 0, 4;
    %cmp/u;
    %jmp/1 T_4.13, 6;
    %dup/vec4;
    %pushi/vec4 14, 0, 4;
    %cmp/u;
    %jmp/1 T_4.14, 6;
    %dup/vec4;
    %pushi/vec4 15, 0, 4;
    %cmp/u;
    %jmp/1 T_4.15, 6;
    %pushi/vec4 127, 0, 7;
    %store/vec4 v000001cceb73a8c0_0, 0, 7;
    %jmp T_4.17;
T_4.0 ;
    %pushi/vec4 64, 0, 7;
    %store/vec4 v000001cceb73a8c0_0, 0, 7;
    %jmp T_4.17;
T_4.1 ;
    %pushi/vec4 121, 0, 7;
    %store/vec4 v000001cceb73a8c0_0, 0, 7;
    %jmp T_4.17;
T_4.2 ;
    %pushi/vec4 36, 0, 7;
    %store/vec4 v000001cceb73a8c0_0, 0, 7;
    %jmp T_4.17;
T_4.3 ;
    %pushi/vec4 48, 0, 7;
    %store/vec4 v000001cceb73a8c0_0, 0, 7;
    %jmp T_4.17;
T_4.4 ;
    %pushi/vec4 25, 0, 7;
    %store/vec4 v000001cceb73a8c0_0, 0, 7;
    %jmp T_4.17;
T_4.5 ;
    %pushi/vec4 18, 0, 7;
    %store/vec4 v000001cceb73a8c0_0, 0, 7;
    %jmp T_4.17;
T_4.6 ;
    %pushi/vec4 2, 0, 7;
    %store/vec4 v000001cceb73a8c0_0, 0, 7;
    %jmp T_4.17;
T_4.7 ;
    %pushi/vec4 120, 0, 7;
    %store/vec4 v000001cceb73a8c0_0, 0, 7;
    %jmp T_4.17;
T_4.8 ;
    %pushi/vec4 0, 0, 7;
    %store/vec4 v000001cceb73a8c0_0, 0, 7;
    %jmp T_4.17;
T_4.9 ;
    %pushi/vec4 16, 0, 7;
    %store/vec4 v000001cceb73a8c0_0, 0, 7;
    %jmp T_4.17;
T_4.10 ;
    %pushi/vec4 28, 0, 7;
    %store/vec4 v000001cceb73a8c0_0, 0, 7;
    %jmp T_4.17;
T_4.11 ;
    %pushi/vec4 47, 0, 7;
    %store/vec4 v000001cceb73a8c0_0, 0, 7;
    %jmp T_4.17;
T_4.12 ;
    %pushi/vec4 9, 0, 7;
    %store/vec4 v000001cceb73a8c0_0, 0, 7;
    %jmp T_4.17;
T_4.13 ;
    %pushi/vec4 70, 0, 7;
    %store/vec4 v000001cceb73a8c0_0, 0, 7;
    %jmp T_4.17;
T_4.14 ;
    %pushi/vec4 14, 0, 7;
    %store/vec4 v000001cceb73a8c0_0, 0, 7;
    %jmp T_4.17;
T_4.15 ;
    %pushi/vec4 16, 0, 7;
    %store/vec4 v000001cceb73a8c0_0, 0, 7;
    %jmp T_4.17;
T_4.17 ;
    %pop/vec4 1;
    %jmp T_4;
    .thread T_4, $push;
    .scope S_000001cceb6a6c50;
T_5 ;
    %wait E_000001cceb737b20;
    %load/vec4 v000001cceb739b00_0;
    %dup/vec4;
    %pushi/vec4 0, 0, 4;
    %cmp/u;
    %jmp/1 T_5.0, 6;
    %dup/vec4;
    %pushi/vec4 1, 0, 4;
    %cmp/u;
    %jmp/1 T_5.1, 6;
    %dup/vec4;
    %pushi/vec4 2, 0, 4;
    %cmp/u;
    %jmp/1 T_5.2, 6;
    %dup/vec4;
    %pushi/vec4 3, 0, 4;
    %cmp/u;
    %jmp/1 T_5.3, 6;
    %dup/vec4;
    %pushi/vec4 4, 0, 4;
    %cmp/u;
    %jmp/1 T_5.4, 6;
    %dup/vec4;
    %pushi/vec4 5, 0, 4;
    %cmp/u;
    %jmp/1 T_5.5, 6;
    %dup/vec4;
    %pushi/vec4 6, 0, 4;
    %cmp/u;
    %jmp/1 T_5.6, 6;
    %dup/vec4;
    %pushi/vec4 7, 0, 4;
    %cmp/u;
    %jmp/1 T_5.7, 6;
    %dup/vec4;
    %pushi/vec4 8, 0, 4;
    %cmp/u;
    %jmp/1 T_5.8, 6;
    %dup/vec4;
    %pushi/vec4 9, 0, 4;
    %cmp/u;
    %jmp/1 T_5.9, 6;
    %dup/vec4;
    %pushi/vec4 10, 0, 4;
    %cmp/u;
    %jmp/1 T_5.10, 6;
    %dup/vec4;
    %pushi/vec4 11, 0, 4;
    %cmp/u;
    %jmp/1 T_5.11, 6;
    %dup/vec4;
    %pushi/vec4 12, 0, 4;
    %cmp/u;
    %jmp/1 T_5.12, 6;
    %dup/vec4;
    %pushi/vec4 13, 0, 4;
    %cmp/u;
    %jmp/1 T_5.13, 6;
    %dup/vec4;
    %pushi/vec4 14, 0, 4;
    %cmp/u;
    %jmp/1 T_5.14, 6;
    %dup/vec4;
    %pushi/vec4 15, 0, 4;
    %cmp/u;
    %jmp/1 T_5.15, 6;
    %pushi/vec4 127, 0, 7;
    %store/vec4 v000001cceb739e20_0, 0, 7;
    %jmp T_5.17;
T_5.0 ;
    %pushi/vec4 64, 0, 7;
    %store/vec4 v000001cceb739e20_0, 0, 7;
    %jmp T_5.17;
T_5.1 ;
    %pushi/vec4 121, 0, 7;
    %store/vec4 v000001cceb739e20_0, 0, 7;
    %jmp T_5.17;
T_5.2 ;
    %pushi/vec4 36, 0, 7;
    %store/vec4 v000001cceb739e20_0, 0, 7;
    %jmp T_5.17;
T_5.3 ;
    %pushi/vec4 48, 0, 7;
    %store/vec4 v000001cceb739e20_0, 0, 7;
    %jmp T_5.17;
T_5.4 ;
    %pushi/vec4 25, 0, 7;
    %store/vec4 v000001cceb739e20_0, 0, 7;
    %jmp T_5.17;
T_5.5 ;
    %pushi/vec4 18, 0, 7;
    %store/vec4 v000001cceb739e20_0, 0, 7;
    %jmp T_5.17;
T_5.6 ;
    %pushi/vec4 2, 0, 7;
    %store/vec4 v000001cceb739e20_0, 0, 7;
    %jmp T_5.17;
T_5.7 ;
    %pushi/vec4 120, 0, 7;
    %store/vec4 v000001cceb739e20_0, 0, 7;
    %jmp T_5.17;
T_5.8 ;
    %pushi/vec4 0, 0, 7;
    %store/vec4 v000001cceb739e20_0, 0, 7;
    %jmp T_5.17;
T_5.9 ;
    %pushi/vec4 16, 0, 7;
    %store/vec4 v000001cceb739e20_0, 0, 7;
    %jmp T_5.17;
T_5.10 ;
    %pushi/vec4 28, 0, 7;
    %store/vec4 v000001cceb739e20_0, 0, 7;
    %jmp T_5.17;
T_5.11 ;
    %pushi/vec4 47, 0, 7;
    %store/vec4 v000001cceb739e20_0, 0, 7;
    %jmp T_5.17;
T_5.12 ;
    %pushi/vec4 9, 0, 7;
    %store/vec4 v000001cceb739e20_0, 0, 7;
    %jmp T_5.17;
T_5.13 ;
    %pushi/vec4 70, 0, 7;
    %store/vec4 v000001cceb739e20_0, 0, 7;
    %jmp T_5.17;
T_5.14 ;
    %pushi/vec4 14, 0, 7;
    %store/vec4 v000001cceb739e20_0, 0, 7;
    %jmp T_5.17;
T_5.15 ;
    %pushi/vec4 16, 0, 7;
    %store/vec4 v000001cceb739e20_0, 0, 7;
    %jmp T_5.17;
T_5.17 ;
    %pop/vec4 1;
    %jmp T_5;
    .thread T_5, $push;
    .scope S_000001cceb6a6de0;
T_6 ;
    %wait E_000001cceb7382e0;
    %load/vec4 v000001cceb739ba0_0;
    %dup/vec4;
    %pushi/vec4 0, 0, 4;
    %cmp/u;
    %jmp/1 T_6.0, 6;
    %dup/vec4;
    %pushi/vec4 1, 0, 4;
    %cmp/u;
    %jmp/1 T_6.1, 6;
    %dup/vec4;
    %pushi/vec4 2, 0, 4;
    %cmp/u;
    %jmp/1 T_6.2, 6;
    %dup/vec4;
    %pushi/vec4 3, 0, 4;
    %cmp/u;
    %jmp/1 T_6.3, 6;
    %dup/vec4;
    %pushi/vec4 4, 0, 4;
    %cmp/u;
    %jmp/1 T_6.4, 6;
    %dup/vec4;
    %pushi/vec4 5, 0, 4;
    %cmp/u;
    %jmp/1 T_6.5, 6;
    %dup/vec4;
    %pushi/vec4 6, 0, 4;
    %cmp/u;
    %jmp/1 T_6.6, 6;
    %dup/vec4;
    %pushi/vec4 7, 0, 4;
    %cmp/u;
    %jmp/1 T_6.7, 6;
    %dup/vec4;
    %pushi/vec4 8, 0, 4;
    %cmp/u;
    %jmp/1 T_6.8, 6;
    %dup/vec4;
    %pushi/vec4 9, 0, 4;
    %cmp/u;
    %jmp/1 T_6.9, 6;
    %dup/vec4;
    %pushi/vec4 10, 0, 4;
    %cmp/u;
    %jmp/1 T_6.10, 6;
    %dup/vec4;
    %pushi/vec4 11, 0, 4;
    %cmp/u;
    %jmp/1 T_6.11, 6;
    %dup/vec4;
    %pushi/vec4 12, 0, 4;
    %cmp/u;
    %jmp/1 T_6.12, 6;
    %dup/vec4;
    %pushi/vec4 13, 0, 4;
    %cmp/u;
    %jmp/1 T_6.13, 6;
    %dup/vec4;
    %pushi/vec4 14, 0, 4;
    %cmp/u;
    %jmp/1 T_6.14, 6;
    %dup/vec4;
    %pushi/vec4 15, 0, 4;
    %cmp/u;
    %jmp/1 T_6.15, 6;
    %pushi/vec4 127, 0, 7;
    %store/vec4 v000001cceb739c40_0, 0, 7;
    %jmp T_6.17;
T_6.0 ;
    %pushi/vec4 64, 0, 7;
    %store/vec4 v000001cceb739c40_0, 0, 7;
    %jmp T_6.17;
T_6.1 ;
    %pushi/vec4 121, 0, 7;
    %store/vec4 v000001cceb739c40_0, 0, 7;
    %jmp T_6.17;
T_6.2 ;
    %pushi/vec4 36, 0, 7;
    %store/vec4 v000001cceb739c40_0, 0, 7;
    %jmp T_6.17;
T_6.3 ;
    %pushi/vec4 48, 0, 7;
    %store/vec4 v000001cceb739c40_0, 0, 7;
    %jmp T_6.17;
T_6.4 ;
    %pushi/vec4 25, 0, 7;
    %store/vec4 v000001cceb739c40_0, 0, 7;
    %jmp T_6.17;
T_6.5 ;
    %pushi/vec4 18, 0, 7;
    %store/vec4 v000001cceb739c40_0, 0, 7;
    %jmp T_6.17;
T_6.6 ;
    %pushi/vec4 2, 0, 7;
    %store/vec4 v000001cceb739c40_0, 0, 7;
    %jmp T_6.17;
T_6.7 ;
    %pushi/vec4 120, 0, 7;
    %store/vec4 v000001cceb739c40_0, 0, 7;
    %jmp T_6.17;
T_6.8 ;
    %pushi/vec4 0, 0, 7;
    %store/vec4 v000001cceb739c40_0, 0, 7;
    %jmp T_6.17;
T_6.9 ;
    %pushi/vec4 16, 0, 7;
    %store/vec4 v000001cceb739c40_0, 0, 7;
    %jmp T_6.17;
T_6.10 ;
    %pushi/vec4 28, 0, 7;
    %store/vec4 v000001cceb739c40_0, 0, 7;
    %jmp T_6.17;
T_6.11 ;
    %pushi/vec4 47, 0, 7;
    %store/vec4 v000001cceb739c40_0, 0, 7;
    %jmp T_6.17;
T_6.12 ;
    %pushi/vec4 9, 0, 7;
    %store/vec4 v000001cceb739c40_0, 0, 7;
    %jmp T_6.17;
T_6.13 ;
    %pushi/vec4 70, 0, 7;
    %store/vec4 v000001cceb739c40_0, 0, 7;
    %jmp T_6.17;
T_6.14 ;
    %pushi/vec4 14, 0, 7;
    %store/vec4 v000001cceb739c40_0, 0, 7;
    %jmp T_6.17;
T_6.15 ;
    %pushi/vec4 16, 0, 7;
    %store/vec4 v000001cceb739c40_0, 0, 7;
    %jmp T_6.17;
T_6.17 ;
    %pop/vec4 1;
    %jmp T_6;
    .thread T_6, $push;
    .scope S_000001cceb6a6f70;
T_7 ;
    %wait E_000001cceb7380e0;
    %load/vec4 v000001cceb739ce0_0;
    %dup/vec4;
    %pushi/vec4 0, 0, 4;
    %cmp/u;
    %jmp/1 T_7.0, 6;
    %dup/vec4;
    %pushi/vec4 1, 0, 4;
    %cmp/u;
    %jmp/1 T_7.1, 6;
    %dup/vec4;
    %pushi/vec4 2, 0, 4;
    %cmp/u;
    %jmp/1 T_7.2, 6;
    %dup/vec4;
    %pushi/vec4 3, 0, 4;
    %cmp/u;
    %jmp/1 T_7.3, 6;
    %dup/vec4;
    %pushi/vec4 4, 0, 4;
    %cmp/u;
    %jmp/1 T_7.4, 6;
    %dup/vec4;
    %pushi/vec4 5, 0, 4;
    %cmp/u;
    %jmp/1 T_7.5, 6;
    %dup/vec4;
    %pushi/vec4 6, 0, 4;
    %cmp/u;
    %jmp/1 T_7.6, 6;
    %dup/vec4;
    %pushi/vec4 7, 0, 4;
    %cmp/u;
    %jmp/1 T_7.7, 6;
    %dup/vec4;
    %pushi/vec4 8, 0, 4;
    %cmp/u;
    %jmp/1 T_7.8, 6;
    %dup/vec4;
    %pushi/vec4 9, 0, 4;
    %cmp/u;
    %jmp/1 T_7.9, 6;
    %dup/vec4;
    %pushi/vec4 10, 0, 4;
    %cmp/u;
    %jmp/1 T_7.10, 6;
    %dup/vec4;
    %pushi/vec4 11, 0, 4;
    %cmp/u;
    %jmp/1 T_7.11, 6;
    %dup/vec4;
    %pushi/vec4 12, 0, 4;
    %cmp/u;
    %jmp/1 T_7.12, 6;
    %dup/vec4;
    %pushi/vec4 13, 0, 4;
    %cmp/u;
    %jmp/1 T_7.13, 6;
    %dup/vec4;
    %pushi/vec4 14, 0, 4;
    %cmp/u;
    %jmp/1 T_7.14, 6;
    %dup/vec4;
    %pushi/vec4 15, 0, 4;
    %cmp/u;
    %jmp/1 T_7.15, 6;
    %pushi/vec4 127, 0, 7;
    %store/vec4 v000001cceb739d80_0, 0, 7;
    %jmp T_7.17;
T_7.0 ;
    %pushi/vec4 64, 0, 7;
    %store/vec4 v000001cceb739d80_0, 0, 7;
    %jmp T_7.17;
T_7.1 ;
    %pushi/vec4 121, 0, 7;
    %store/vec4 v000001cceb739d80_0, 0, 7;
    %jmp T_7.17;
T_7.2 ;
    %pushi/vec4 36, 0, 7;
    %store/vec4 v000001cceb739d80_0, 0, 7;
    %jmp T_7.17;
T_7.3 ;
    %pushi/vec4 48, 0, 7;
    %store/vec4 v000001cceb739d80_0, 0, 7;
    %jmp T_7.17;
T_7.4 ;
    %pushi/vec4 25, 0, 7;
    %store/vec4 v000001cceb739d80_0, 0, 7;
    %jmp T_7.17;
T_7.5 ;
    %pushi/vec4 18, 0, 7;
    %store/vec4 v000001cceb739d80_0, 0, 7;
    %jmp T_7.17;
T_7.6 ;
    %pushi/vec4 2, 0, 7;
    %store/vec4 v000001cceb739d80_0, 0, 7;
    %jmp T_7.17;
T_7.7 ;
    %pushi/vec4 120, 0, 7;
    %store/vec4 v000001cceb739d80_0, 0, 7;
    %jmp T_7.17;
T_7.8 ;
    %pushi/vec4 0, 0, 7;
    %store/vec4 v000001cceb739d80_0, 0, 7;
    %jmp T_7.17;
T_7.9 ;
    %pushi/vec4 16, 0, 7;
    %store/vec4 v000001cceb739d80_0, 0, 7;
    %jmp T_7.17;
T_7.10 ;
    %pushi/vec4 28, 0, 7;
    %store/vec4 v000001cceb739d80_0, 0, 7;
    %jmp T_7.17;
T_7.11 ;
    %pushi/vec4 47, 0, 7;
    %store/vec4 v000001cceb739d80_0, 0, 7;
    %jmp T_7.17;
T_7.12 ;
    %pushi/vec4 9, 0, 7;
    %store/vec4 v000001cceb739d80_0, 0, 7;
    %jmp T_7.17;
T_7.13 ;
    %pushi/vec4 70, 0, 7;
    %store/vec4 v000001cceb739d80_0, 0, 7;
    %jmp T_7.17;
T_7.14 ;
    %pushi/vec4 14, 0, 7;
    %store/vec4 v000001cceb739d80_0, 0, 7;
    %jmp T_7.17;
T_7.15 ;
    %pushi/vec4 16, 0, 7;
    %store/vec4 v000001cceb739d80_0, 0, 7;
    %jmp T_7.17;
T_7.17 ;
    %pop/vec4 1;
    %jmp T_7;
    .thread T_7, $push;
    .scope S_000001cceb79b020;
T_8 ;
    %wait E_000001cceb738160;
    %load/vec4 v000001cceb739ec0_0;
    %dup/vec4;
    %pushi/vec4 0, 0, 4;
    %cmp/u;
    %jmp/1 T_8.0, 6;
    %dup/vec4;
    %pushi/vec4 1, 0, 4;
    %cmp/u;
    %jmp/1 T_8.1, 6;
    %dup/vec4;
    %pushi/vec4 2, 0, 4;
    %cmp/u;
    %jmp/1 T_8.2, 6;
    %dup/vec4;
    %pushi/vec4 3, 0, 4;
    %cmp/u;
    %jmp/1 T_8.3, 6;
    %dup/vec4;
    %pushi/vec4 4, 0, 4;
    %cmp/u;
    %jmp/1 T_8.4, 6;
    %dup/vec4;
    %pushi/vec4 5, 0, 4;
    %cmp/u;
    %jmp/1 T_8.5, 6;
    %dup/vec4;
    %pushi/vec4 6, 0, 4;
    %cmp/u;
    %jmp/1 T_8.6, 6;
    %dup/vec4;
    %pushi/vec4 7, 0, 4;
    %cmp/u;
    %jmp/1 T_8.7, 6;
    %dup/vec4;
    %pushi/vec4 8, 0, 4;
    %cmp/u;
    %jmp/1 T_8.8, 6;
    %dup/vec4;
    %pushi/vec4 9, 0, 4;
    %cmp/u;
    %jmp/1 T_8.9, 6;
    %dup/vec4;
    %pushi/vec4 10, 0, 4;
    %cmp/u;
    %jmp/1 T_8.10, 6;
    %dup/vec4;
    %pushi/vec4 11, 0, 4;
    %cmp/u;
    %jmp/1 T_8.11, 6;
    %dup/vec4;
    %pushi/vec4 12, 0, 4;
    %cmp/u;
    %jmp/1 T_8.12, 6;
    %dup/vec4;
    %pushi/vec4 13, 0, 4;
    %cmp/u;
    %jmp/1 T_8.13, 6;
    %dup/vec4;
    %pushi/vec4 14, 0, 4;
    %cmp/u;
    %jmp/1 T_8.14, 6;
    %dup/vec4;
    %pushi/vec4 15, 0, 4;
    %cmp/u;
    %jmp/1 T_8.15, 6;
    %pushi/vec4 127, 0, 7;
    %store/vec4 v000001cceb739f60_0, 0, 7;
    %jmp T_8.17;
T_8.0 ;
    %pushi/vec4 64, 0, 7;
    %store/vec4 v000001cceb739f60_0, 0, 7;
    %jmp T_8.17;
T_8.1 ;
    %pushi/vec4 121, 0, 7;
    %store/vec4 v000001cceb739f60_0, 0, 7;
    %jmp T_8.17;
T_8.2 ;
    %pushi/vec4 36, 0, 7;
    %store/vec4 v000001cceb739f60_0, 0, 7;
    %jmp T_8.17;
T_8.3 ;
    %pushi/vec4 48, 0, 7;
    %store/vec4 v000001cceb739f60_0, 0, 7;
    %jmp T_8.17;
T_8.4 ;
    %pushi/vec4 25, 0, 7;
    %store/vec4 v000001cceb739f60_0, 0, 7;
    %jmp T_8.17;
T_8.5 ;
    %pushi/vec4 18, 0, 7;
    %store/vec4 v000001cceb739f60_0, 0, 7;
    %jmp T_8.17;
T_8.6 ;
    %pushi/vec4 2, 0, 7;
    %store/vec4 v000001cceb739f60_0, 0, 7;
    %jmp T_8.17;
T_8.7 ;
    %pushi/vec4 120, 0, 7;
    %store/vec4 v000001cceb739f60_0, 0, 7;
    %jmp T_8.17;
T_8.8 ;
    %pushi/vec4 0, 0, 7;
    %store/vec4 v000001cceb739f60_0, 0, 7;
    %jmp T_8.17;
T_8.9 ;
    %pushi/vec4 16, 0, 7;
    %store/vec4 v000001cceb739f60_0, 0, 7;
    %jmp T_8.17;
T_8.10 ;
    %pushi/vec4 28, 0, 7;
    %store/vec4 v000001cceb739f60_0, 0, 7;
    %jmp T_8.17;
T_8.11 ;
    %pushi/vec4 47, 0, 7;
    %store/vec4 v000001cceb739f60_0, 0, 7;
    %jmp T_8.17;
T_8.12 ;
    %pushi/vec4 9, 0, 7;
    %store/vec4 v000001cceb739f60_0, 0, 7;
    %jmp T_8.17;
T_8.13 ;
    %pushi/vec4 70, 0, 7;
    %store/vec4 v000001cceb739f60_0, 0, 7;
    %jmp T_8.17;
T_8.14 ;
    %pushi/vec4 14, 0, 7;
    %store/vec4 v000001cceb739f60_0, 0, 7;
    %jmp T_8.17;
T_8.15 ;
    %pushi/vec4 16, 0, 7;
    %store/vec4 v000001cceb739f60_0, 0, 7;
    %jmp T_8.17;
T_8.17 ;
    %pop/vec4 1;
    %jmp T_8;
    .thread T_8, $push;
    .scope S_000001cceb79b1b0;
T_9 ;
    %wait E_000001cceb7381e0;
    %load/vec4 v000001cceb79c3d0_0;
    %dup/vec4;
    %pushi/vec4 0, 0, 4;
    %cmp/u;
    %jmp/1 T_9.0, 6;
    %dup/vec4;
    %pushi/vec4 1, 0, 4;
    %cmp/u;
    %jmp/1 T_9.1, 6;
    %dup/vec4;
    %pushi/vec4 2, 0, 4;
    %cmp/u;
    %jmp/1 T_9.2, 6;
    %dup/vec4;
    %pushi/vec4 3, 0, 4;
    %cmp/u;
    %jmp/1 T_9.3, 6;
    %dup/vec4;
    %pushi/vec4 4, 0, 4;
    %cmp/u;
    %jmp/1 T_9.4, 6;
    %dup/vec4;
    %pushi/vec4 5, 0, 4;
    %cmp/u;
    %jmp/1 T_9.5, 6;
    %dup/vec4;
    %pushi/vec4 6, 0, 4;
    %cmp/u;
    %jmp/1 T_9.6, 6;
    %dup/vec4;
    %pushi/vec4 7, 0, 4;
    %cmp/u;
    %jmp/1 T_9.7, 6;
    %dup/vec4;
    %pushi/vec4 8, 0, 4;
    %cmp/u;
    %jmp/1 T_9.8, 6;
    %dup/vec4;
    %pushi/vec4 9, 0, 4;
    %cmp/u;
    %jmp/1 T_9.9, 6;
    %dup/vec4;
    %pushi/vec4 10, 0, 4;
    %cmp/u;
    %jmp/1 T_9.10, 6;
    %dup/vec4;
    %pushi/vec4 11, 0, 4;
    %cmp/u;
    %jmp/1 T_9.11, 6;
    %dup/vec4;
    %pushi/vec4 12, 0, 4;
    %cmp/u;
    %jmp/1 T_9.12, 6;
    %dup/vec4;
    %pushi/vec4 13, 0, 4;
    %cmp/u;
    %jmp/1 T_9.13, 6;
    %dup/vec4;
    %pushi/vec4 14, 0, 4;
    %cmp/u;
    %jmp/1 T_9.14, 6;
    %dup/vec4;
    %pushi/vec4 15, 0, 4;
    %cmp/u;
    %jmp/1 T_9.15, 6;
    %pushi/vec4 127, 0, 7;
    %store/vec4 v000001cceb79c1f0_0, 0, 7;
    %jmp T_9.17;
T_9.0 ;
    %pushi/vec4 64, 0, 7;
    %store/vec4 v000001cceb79c1f0_0, 0, 7;
    %jmp T_9.17;
T_9.1 ;
    %pushi/vec4 121, 0, 7;
    %store/vec4 v000001cceb79c1f0_0, 0, 7;
    %jmp T_9.17;
T_9.2 ;
    %pushi/vec4 36, 0, 7;
    %store/vec4 v000001cceb79c1f0_0, 0, 7;
    %jmp T_9.17;
T_9.3 ;
    %pushi/vec4 48, 0, 7;
    %store/vec4 v000001cceb79c1f0_0, 0, 7;
    %jmp T_9.17;
T_9.4 ;
    %pushi/vec4 25, 0, 7;
    %store/vec4 v000001cceb79c1f0_0, 0, 7;
    %jmp T_9.17;
T_9.5 ;
    %pushi/vec4 18, 0, 7;
    %store/vec4 v000001cceb79c1f0_0, 0, 7;
    %jmp T_9.17;
T_9.6 ;
    %pushi/vec4 2, 0, 7;
    %store/vec4 v000001cceb79c1f0_0, 0, 7;
    %jmp T_9.17;
T_9.7 ;
    %pushi/vec4 120, 0, 7;
    %store/vec4 v000001cceb79c1f0_0, 0, 7;
    %jmp T_9.17;
T_9.8 ;
    %pushi/vec4 0, 0, 7;
    %store/vec4 v000001cceb79c1f0_0, 0, 7;
    %jmp T_9.17;
T_9.9 ;
    %pushi/vec4 16, 0, 7;
    %store/vec4 v000001cceb79c1f0_0, 0, 7;
    %jmp T_9.17;
T_9.10 ;
    %pushi/vec4 28, 0, 7;
    %store/vec4 v000001cceb79c1f0_0, 0, 7;
    %jmp T_9.17;
T_9.11 ;
    %pushi/vec4 47, 0, 7;
    %store/vec4 v000001cceb79c1f0_0, 0, 7;
    %jmp T_9.17;
T_9.12 ;
    %pushi/vec4 9, 0, 7;
    %store/vec4 v000001cceb79c1f0_0, 0, 7;
    %jmp T_9.17;
T_9.13 ;
    %pushi/vec4 70, 0, 7;
    %store/vec4 v000001cceb79c1f0_0, 0, 7;
    %jmp T_9.17;
T_9.14 ;
    %pushi/vec4 14, 0, 7;
    %store/vec4 v000001cceb79c1f0_0, 0, 7;
    %jmp T_9.17;
T_9.15 ;
    %pushi/vec4 16, 0, 7;
    %store/vec4 v000001cceb79c1f0_0, 0, 7;
    %jmp T_9.17;
T_9.17 ;
    %pop/vec4 1;
    %jmp T_9;
    .thread T_9, $push;
    .scope S_000001cceb725360;
T_10 ;
    %pushi/vec4 0, 0, 32;
    %store/vec4 v000001cceb79c510_0, 0, 32;
    %end;
    .thread T_10;
    .scope S_000001cceb725360;
T_11 ;
    %wait E_000001cceb7387e0;
    %load/vec4 v000001cceb79c510_0;
    %cmpi/u 1200, 0, 32;
    %jmp/0xz  T_11.0, 5;
    %load/vec4 v000001cceb79c510_0;
    %addi 1, 0, 32;
    %assign/vec4 v000001cceb79c510_0, 0;
    %jmp T_11.1;
T_11.0 ;
    %pushi/vec4 0, 0, 32;
    %assign/vec4 v000001cceb79c510_0, 0;
    %load/vec4 v000001cceb79cc90_0;
    %addi 1, 0, 3;
    %assign/vec4 v000001cceb79cc90_0, 0;
T_11.1 ;
    %jmp T_11;
    .thread T_11;
    .scope S_000001cceb725360;
T_12 ;
    %wait E_000001cceb737ae0;
    %load/vec4 v000001cceb79cc90_0;
    %dup/vec4;
    %pushi/vec4 0, 0, 3;
    %cmp/u;
    %jmp/1 T_12.0, 6;
    %dup/vec4;
    %pushi/vec4 1, 0, 3;
    %cmp/u;
    %jmp/1 T_12.1, 6;
    %dup/vec4;
    %pushi/vec4 2, 0, 3;
    %cmp/u;
    %jmp/1 T_12.2, 6;
    %dup/vec4;
    %pushi/vec4 3, 0, 3;
    %cmp/u;
    %jmp/1 T_12.3, 6;
    %dup/vec4;
    %pushi/vec4 4, 0, 3;
    %cmp/u;
    %jmp/1 T_12.4, 6;
    %dup/vec4;
    %pushi/vec4 5, 0, 3;
    %cmp/u;
    %jmp/1 T_12.5, 6;
    %dup/vec4;
    %pushi/vec4 6, 0, 3;
    %cmp/u;
    %jmp/1 T_12.6, 6;
    %dup/vec4;
    %pushi/vec4 7, 0, 3;
    %cmp/u;
    %jmp/1 T_12.7, 6;
    %pushi/vec4 255, 0, 8;
    %store/vec4 v000001cceb79c790_0, 0, 8;
    %pushi/vec4 127, 0, 7;
    %store/vec4 v000001cceb79cf10_0, 0, 7;
    %jmp T_12.9;
T_12.0 ;
    %pushi/vec4 239, 0, 8;
    %store/vec4 v000001cceb79c790_0, 0, 8;
    %load/vec4 v000001cceb79cfb0_0;
    %store/vec4 v000001cceb79cf10_0, 0, 7;
    %jmp T_12.9;
T_12.1 ;
    %pushi/vec4 223, 0, 8;
    %store/vec4 v000001cceb79c790_0, 0, 8;
    %load/vec4 v000001cceb79bbb0_0;
    %store/vec4 v000001cceb79cf10_0, 0, 7;
    %jmp T_12.9;
T_12.2 ;
    %pushi/vec4 191, 0, 8;
    %store/vec4 v000001cceb79c790_0, 0, 8;
    %load/vec4 v000001cceb79be30_0;
    %store/vec4 v000001cceb79cf10_0, 0, 7;
    %jmp T_12.9;
T_12.3 ;
    %pushi/vec4 127, 0, 8;
    %store/vec4 v000001cceb79c790_0, 0, 8;
    %load/vec4 v000001cceb79c8d0_0;
    %store/vec4 v000001cceb79cf10_0, 0, 7;
    %jmp T_12.9;
T_12.4 ;
    %pushi/vec4 254, 0, 8;
    %store/vec4 v000001cceb79c790_0, 0, 8;
    %load/vec4 v000001cceb79c470_0;
    %store/vec4 v000001cceb79cf10_0, 0, 7;
    %jmp T_12.9;
T_12.5 ;
    %pushi/vec4 253, 0, 8;
    %store/vec4 v000001cceb79c790_0, 0, 8;
    %load/vec4 v000001cceb79ba70_0;
    %store/vec4 v000001cceb79cf10_0, 0, 7;
    %jmp T_12.9;
T_12.6 ;
    %pushi/vec4 251, 0, 8;
    %store/vec4 v000001cceb79c790_0, 0, 8;
    %load/vec4 v000001cceb79bcf0_0;
    %store/vec4 v000001cceb79cf10_0, 0, 7;
    %jmp T_12.9;
T_12.7 ;
    %pushi/vec4 247, 0, 8;
    %store/vec4 v000001cceb79c790_0, 0, 8;
    %load/vec4 v000001cceb79c290_0;
    %store/vec4 v000001cceb79cf10_0, 0, 7;
    %jmp T_12.9;
T_12.9 ;
    %pop/vec4 1;
    %jmp T_12;
    .thread T_12, $push;
    .scope S_000001cceb7449c0;
T_13 ;
    %pushi/vec4 0, 0, 4;
    %store/vec4 v000001cceb79cab0_0, 0, 4;
    %pushi/vec4 0, 0, 32;
    %store/vec4 v000001cceb79cbf0_0, 0, 32;
    %pushi/vec4 11, 0, 4;
    %ix/load 4, 0, 0;
    %flag_set/imm 4, 0;
    %store/vec4 v000001cceb79c6f0_0, 4, 4;
    %pushi/vec4 10, 0, 4;
    %ix/load 4, 4, 0;
    %flag_set/imm 4, 0;
    %store/vec4 v000001cceb79c6f0_0, 4, 4;
    %pushi/vec4 11, 0, 4;
    %ix/load 4, 0, 0;
    %flag_set/imm 4, 0;
    %store/vec4 v000001cceb79bf70_0, 4, 4;
    %pushi/vec4 11, 0, 4;
    %ix/load 4, 4, 0;
    %flag_set/imm 4, 0;
    %store/vec4 v000001cceb79bf70_0, 4, 4;
    %pushi/vec4 24, 0, 8;
    %store/vec4 v000001cceb79c830_0, 0, 8;
    %pushi/vec4 1, 0, 1;
    %store/vec4 v000001cceb79b890_0, 0, 1;
    %pushi/vec4 0, 0, 24;
    %store/vec4 v000001cceb79c5b0_0, 0, 24;
    %end;
    .thread T_13;
    .scope S_000001cceb7449c0;
T_14 ;
    %wait E_000001cceb7388e0;
    %load/vec4 v000001cceb79bb10_0;
    %flag_set/vec4 8;
    %jmp/0xz  T_14.0, 8;
    %pushi/vec4 0, 0, 24;
    %assign/vec4 v000001cceb79c5b0_0, 0;
    %jmp T_14.1;
T_14.0 ;
    %load/vec4 v000001cceb79c830_0;
    %cmpi/u 22, 0, 8;
    %flag_inv 5; GE is !LT
    %jmp/0xz  T_14.2, 5;
    %load/vec4 v000001cceb79c5b0_0;
    %addi 1, 0, 24;
    %assign/vec4 v000001cceb79c5b0_0, 0;
    %pushi/vec4 0, 0, 1;
    %store/vec4 v000001cceb79b890_0, 0, 1;
    %jmp T_14.3;
T_14.2 ;
    %pushi/vec4 1, 0, 1;
    %store/vec4 v000001cceb79b890_0, 0, 1;
T_14.3 ;
T_14.1 ;
    %load/vec4 v000001cceb79c5b0_0;
    %pad/u 32;
    %cmpi/u 50, 0, 32;
    %flag_inv 5; GE is !LT
    %jmp/0xz  T_14.4, 5;
    %pushi/vec4 0, 0, 1;
    %store/vec4 v000001cceb79b890_0, 0, 1;
T_14.4 ;
    %jmp T_14;
    .thread T_14;
    .scope S_000001cceb7449c0;
T_15 ;
    %wait E_000001cceb738060;
    %load/vec4 v000001cceb79bb10_0;
    %flag_set/vec4 8;
    %jmp/0xz  T_15.0, 8;
    %pushi/vec4 0, 0, 4;
    %assign/vec4 v000001cceb79cab0_0, 0;
    %pushi/vec4 0, 0, 32;
    %assign/vec4 v000001cceb79cbf0_0, 0;
    %pushi/vec4 1, 0, 1;
    %assign/vec4 v000001cceb79c330_0, 0;
    %pushi/vec4 0, 0, 1;
    %assign/vec4 v000001cceb79b430_0, 0;
    %pushi/vec4 0, 0, 6;
    %assign/vec4 v000001cceb79c970_0, 0;
    %jmp T_15.1;
T_15.0 ;
    %load/vec4 v000001cceb79cab0_0;
    %dup/vec4;
    %pushi/vec4 0, 0, 4;
    %cmp/u;
    %jmp/1 T_15.2, 6;
    %dup/vec4;
    %pushi/vec4 1, 0, 4;
    %cmp/u;
    %jmp/1 T_15.3, 6;
    %dup/vec4;
    %pushi/vec4 2, 0, 4;
    %cmp/u;
    %jmp/1 T_15.4, 6;
    %dup/vec4;
    %pushi/vec4 3, 0, 4;
    %cmp/u;
    %jmp/1 T_15.5, 6;
    %dup/vec4;
    %pushi/vec4 4, 0, 4;
    %cmp/u;
    %jmp/1 T_15.6, 6;
    %dup/vec4;
    %pushi/vec4 5, 0, 4;
    %cmp/u;
    %jmp/1 T_15.7, 6;
    %dup/vec4;
    %pushi/vec4 6, 0, 4;
    %cmp/u;
    %jmp/1 T_15.8, 6;
    %jmp T_15.9;
T_15.2 ;
    %load/vec4 v000001cceb79cbf0_0;
    %cmpi/u 25000000, 0, 32;
    %jmp/0xz  T_15.10, 5;
    %load/vec4 v000001cceb79cbf0_0;
    %addi 1, 0, 32;
    %assign/vec4 v000001cceb79cbf0_0, 0;
    %jmp T_15.11;
T_15.10 ;
    %pushi/vec4 0, 0, 32;
    %assign/vec4 v000001cceb79cbf0_0, 0;
    %pushi/vec4 0, 0, 1;
    %assign/vec4 v000001cceb79b430_0, 0;
    %pushi/vec4 1, 0, 4;
    %assign/vec4 v000001cceb79cab0_0, 0;
T_15.11 ;
    %jmp T_15.9;
T_15.3 ;
    %load/vec4 v000001cceb79cbf0_0;
    %cmpi/u 900000, 0, 32;
    %jmp/0xz  T_15.12, 5;
    %load/vec4 v000001cceb79cbf0_0;
    %addi 1, 0, 32;
    %assign/vec4 v000001cceb79cbf0_0, 0;
    %pushi/vec4 1, 0, 1;
    %assign/vec4 v000001cceb79b430_0, 0;
    %pushi/vec4 0, 0, 1;
    %assign/vec4 v000001cceb79c330_0, 0;
    %jmp T_15.13;
T_15.12 ;
    %pushi/vec4 0, 0, 32;
    %assign/vec4 v000001cceb79cbf0_0, 0;
    %pushi/vec4 1, 0, 1;
    %assign/vec4 v000001cceb79c330_0, 0;
    %pushi/vec4 3, 0, 4;
    %assign/vec4 v000001cceb79cab0_0, 0;
T_15.13 ;
    %jmp T_15.9;
T_15.4 ;
    %load/vec4 v000001cceb79cbf0_0;
    %cmpi/u 2000, 0, 32;
    %jmp/0xz  T_15.14, 5;
    %load/vec4 v000001cceb79cbf0_0;
    %addi 1, 0, 32;
    %assign/vec4 v000001cceb79cbf0_0, 0;
    %pushi/vec4 1, 0, 1;
    %assign/vec4 v000001cceb79b430_0, 0;
    %jmp T_15.15;
T_15.14 ;
    %load/vec4 v000001cceb79ca10_0;
    %nor/r;
    %flag_set/vec4 8;
    %jmp/0xz  T_15.16, 8;
    %pushi/vec4 0, 0, 32;
    %assign/vec4 v000001cceb79cbf0_0, 0;
    %pushi/vec4 2, 0, 4;
    %assign/vec4 v000001cceb79cab0_0, 0;
T_15.16 ;
T_15.15 ;
    %jmp T_15.9;
T_15.5 ;
    %load/vec4 v000001cceb79cbf0_0;
    %cmpi/u 8000, 0, 32;
    %jmp/0xz  T_15.18, 5;
    %load/vec4 v000001cceb79cbf0_0;
    %addi 1, 0, 32;
    %assign/vec4 v000001cceb79cbf0_0, 0;
    %pushi/vec4 1, 0, 1;
    %assign/vec4 v000001cceb79c330_0, 0;
    %pushi/vec4 0, 0, 1;
    %assign/vec4 v000001cceb79b430_0, 0;
    %jmp T_15.19;
T_15.18 ;
    %load/vec4 v000001cceb79ca10_0;
    %flag_set/vec4 8;
    %jmp/0xz  T_15.20, 8;
    %pushi/vec4 0, 0, 32;
    %assign/vec4 v000001cceb79cbf0_0, 0;
    %pushi/vec4 4, 0, 4;
    %assign/vec4 v000001cceb79cab0_0, 0;
T_15.20 ;
T_15.19 ;
    %jmp T_15.9;
T_15.6 ;
    %load/vec4 v000001cceb79c970_0;
    %pad/u 32;
    %cmpi/u 40, 0, 32;
    %jmp/0xz  T_15.22, 5;
    %load/vec4 v000001cceb79cbf0_0;
    %cmpi/u 3900, 0, 32;
    %jmp/0xz  T_15.24, 5;
    %load/vec4 v000001cceb79cbf0_0;
    %addi 1, 0, 32;
    %assign/vec4 v000001cceb79cbf0_0, 0;
    %jmp T_15.25;
T_15.24 ;
    %load/vec4 v000001cceb79c0b0_0;
    %ix/load 4, 1, 0;
    %flag_set/imm 4, 0;
    %shiftl 4;
    %store/vec4 v000001cceb79c0b0_0, 0, 40;
    %load/vec4 v000001cceb79ca10_0;
    %flag_set/vec4 8;
    %jmp/0xz  T_15.26, 8;
    %pushi/vec4 1, 0, 1;
    %ix/load 4, 0, 0;
    %flag_set/imm 4, 0;
    %store/vec4 v000001cceb79c0b0_0, 4, 1;
    %pushi/vec4 5, 0, 4;
    %assign/vec4 v000001cceb79cab0_0, 0;
    %jmp T_15.27;
T_15.26 ;
    %pushi/vec4 0, 0, 1;
    %ix/load 4, 0, 0;
    %flag_set/imm 4, 0;
    %store/vec4 v000001cceb79c0b0_0, 4, 1;
T_15.27 ;
    %load/vec4 v000001cceb79c970_0;
    %addi 1, 0, 6;
    %assign/vec4 v000001cceb79c970_0, 0;
    %pushi/vec4 0, 0, 32;
    %assign/vec4 v000001cceb79cbf0_0, 0;
T_15.25 ;
    %jmp T_15.23;
T_15.22 ;
    %pushi/vec4 0, 0, 6;
    %assign/vec4 v000001cceb79c970_0, 0;
    %pushi/vec4 6, 0, 4;
    %assign/vec4 v000001cceb79cab0_0, 0;
T_15.23 ;
    %jmp T_15.9;
T_15.7 ;
    %load/vec4 v000001cceb79cbf0_0;
    %cmpi/u 2100, 0, 32;
    %jmp/0xz  T_15.28, 5;
    %load/vec4 v000001cceb79cbf0_0;
    %addi 1, 0, 32;
    %assign/vec4 v000001cceb79cbf0_0, 0;
    %jmp T_15.29;
T_15.28 ;
    %pushi/vec4 0, 0, 32;
    %assign/vec4 v000001cceb79cbf0_0, 0;
    %pushi/vec4 4, 0, 4;
    %assign/vec4 v000001cceb79cab0_0, 0;
T_15.29 ;
    %jmp T_15.9;
T_15.8 ;
    %pushi/vec4 1, 0, 1;
    %assign/vec4 v000001cceb79b930_0, 0;
    %load/vec4 v000001cceb79c0b0_0;
    %parti/s 8, 32, 7;
    %subi 40, 0, 8;
    %store/vec4 v000001cceb79c150_0, 0, 8;
    %pushi/vec4 24, 0, 8;
    %store/vec4 v000001cceb79c830_0, 0, 8;
    %load/vec4 v000001cceb79c150_0;
    %pad/u 32;
    %pushi/vec4 10, 0, 32;
    %div;
    %pushi/vec4 10, 0, 32;
    %mod;
    %pad/u 4;
    %ix/load 4, 12, 0;
    %flag_set/imm 4, 0;
    %store/vec4 v000001cceb79c6f0_0, 4, 4;
    %load/vec4 v000001cceb79c150_0;
    %pad/u 32;
    %pushi/vec4 10, 0, 32;
    %mod;
    %pad/u 4;
    %ix/load 4, 8, 0;
    %flag_set/imm 4, 0;
    %store/vec4 v000001cceb79c6f0_0, 4, 4;
    %pushi/vec4 12, 0, 4;
    %ix/load 4, 4, 0;
    %flag_set/imm 4, 0;
    %store/vec4 v000001cceb79c6f0_0, 4, 4;
    %pushi/vec4 10, 0, 4;
    %ix/load 4, 0, 0;
    %flag_set/imm 4, 0;
    %store/vec4 v000001cceb79c6f0_0, 4, 4;
    %load/vec4 v000001cceb79c830_0;
    %pad/u 32;
    %pushi/vec4 10, 0, 32;
    %div;
    %pushi/vec4 10, 0, 32;
    %mod;
    %pad/u 4;
    %ix/load 4, 12, 0;
    %flag_set/imm 4, 0;
    %store/vec4 v000001cceb79bf70_0, 4, 4;
    %load/vec4 v000001cceb79c830_0;
    %pad/u 32;
    %pushi/vec4 10, 0, 32;
    %mod;
    %pad/u 4;
    %ix/load 4, 8, 0;
    %flag_set/imm 4, 0;
    %store/vec4 v000001cceb79bf70_0, 4, 4;
    %pushi/vec4 10, 0, 4;
    %ix/load 4, 4, 0;
    %flag_set/imm 4, 0;
    %store/vec4 v000001cceb79bf70_0, 4, 4;
    %pushi/vec4 13, 0, 4;
    %ix/load 4, 0, 0;
    %flag_set/imm 4, 0;
    %store/vec4 v000001cceb79bf70_0, 4, 4;
    %pushi/vec4 0, 0, 32;
    %assign/vec4 v000001cceb79cbf0_0, 0;
    %pushi/vec4 0, 0, 4;
    %assign/vec4 v000001cceb79cab0_0, 0;
    %jmp T_15.9;
T_15.9 ;
    %pop/vec4 1;
T_15.1 ;
    %jmp T_15;
    .thread T_15;
    .scope S_000001cceb743fb0;
T_16 ;
    %pushi/vec4 0, 0, 1;
    %store/vec4 v000001cceb79cdd0_0, 0, 1;
T_16.0 ;
    %delay 10000, 0;
    %load/vec4 v000001cceb79cdd0_0;
    %inv;
    %store/vec4 v000001cceb79cdd0_0, 0, 1;
    %jmp T_16.0;
    %end;
    .thread T_16;
    .scope S_000001cceb743fb0;
T_17 ;
    %pushi/vec4 0, 0, 1;
    %store/vec4 v000001cceb79b610_0, 0, 1;
    %delay 18000000, 0;
    %pushi/vec4 1, 0, 1;
    %store/vec4 v000001cceb79b4d0_0, 0, 1;
    %pushi/vec4 0, 0, 1;
    %store/vec4 v000001cceb79d230_0, 0, 1;
    %delay 80000, 0;
    %pushi/vec4 1, 0, 1;
    %store/vec4 v000001cceb79d230_0, 0, 1;
    %delay 80000, 0;
    %pushi/vec4 0, 0, 1;
    %store/vec4 v000001cceb79b4d0_0, 0, 1;
    %delay 1410065408, 2;
    %load/vec4 v000001cceb79b750_0;
    %flag_set/vec4 8;
    %jmp/0xz  T_17.0, 8;
    %vpi_call 2 52 "$display", "Humedad: %d %%", v000001cceb79b570_0 {0 0 0};
    %vpi_call 2 53 "$display", "Temperatura: %d \302\260C", v000001cceb79b6b0_0 {0 0 0};
    %jmp T_17.1;
T_17.0 ;
    %vpi_call 2 55 "$display", "No se recibieron datos v\303\241lidos." {0 0 0};
T_17.1 ;
    %vpi_call 2 60 "$stop" {0 0 0};
    %end;
    .thread T_17;
    .scope S_000001cceb743fb0;
T_18 ;
    %fork t_1, S_000001cceb744830;
    %jmp t_0;
    .scope S_000001cceb744830;
t_1 ;
    %vpi_call 2 64 "$dumpfile", "dht_TB.vcd" {0 0 0};
    %vpi_call 2 65 "$dumpvars", 32'sb11111111111111111111111111111111, S_000001cceb7449c0 {0 0 0};
    %delay 3410065408, 2;
    %vpi_call 2 66 "$finish" {0 0 0};
    %end;
    .scope S_000001cceb743fb0;
t_0 %join;
    %end;
    .thread T_18;
# The file index is used to find the file name in the following table.
:file_names 7;
    "N/A";
    "<interactive>";
    "dht_TB.v";
    "./dht.v";
    "./divisor.v";
    "./display_controller.v";
    "./bcd_to_7seg.v";
