Flow report for ili9341_top
Fri Sep 20 16:45:10 2024
Quartus Prime Version 23.1std.0 Build 991 11/28/2023 SC Lite Edition


---------------------
; Table of Contents ;
---------------------
  1. Legal Notice
  2. Flow Summary
  3. Flow Settings
  4. Flow Non-Default Global Settings
  5. Flow Elapsed Time
  6. Flow OS Summary
  7. Flow Log
  8. Flow Messages
  9. Flow Suppressed Messages



----------------
; Legal Notice ;
----------------
Copyright (C) 2023  Intel Corporation. All rights reserved.
Your use of Intel Corporation's design tools, logic functions 
and other software and tools, and any partner logic 
functions, and any output files from any of the foregoing 
(including device programming or simulation files), and any 
associated documentation or information are expressly subject 
to the terms and conditions of the Intel Program License 
Subscription Agreement, the Intel Quartus Prime License Agreement,
the Intel FPGA IP License Agreement, or other applicable license
agreement, including, without limitation, that your use is for
the sole purpose of programming logic devices manufactured by
Intel and sold by Intel or its authorized distributors.  Please
refer to the applicable agreement for further details, at
https://fpgasoftware.intel.com/eula.



+-------------------------------------------------------------------------------------+
; Flow Summary                                                                        ;
+------------------------------------+------------------------------------------------+
; Flow Status                        ; Successful - Fri Sep 20 16:45:10 2024          ;
; Quartus Prime Version              ; 23.1std.0 Build 991 11/28/2023 SC Lite Edition ;
; Revision Name                      ; ili9341_top                                    ;
; Top-level Entity Name              ; ili9341_top                                    ;
; Family                             ; Cyclone IV E                                   ;
; Device                             ; EP4CE10E22C8                                   ;
; Timing Models                      ; Final                                          ;
; Total logic elements               ; 9,625 / 10,320 ( 93 % )                        ;
;     Total combinational functions  ; 9,624 / 10,320 ( 93 % )                        ;
;     Dedicated logic registers      ; 106 / 10,320 ( 1 % )                           ;
; Total registers                    ; 106                                            ;
; Total pins                         ; 16 / 92 ( 17 % )                               ;
; Total virtual pins                 ; 0                                              ;
; Total memory bits                  ; 0 / 423,936 ( 0 % )                            ;
; Embedded Multiplier 9-bit elements ; 0 / 46 ( 0 % )                                 ;
; Total PLLs                         ; 0 / 2 ( 0 % )                                  ;
+------------------------------------+------------------------------------------------+


+-----------------------------------------+
; Flow Settings                           ;
+-------------------+---------------------+
; Option            ; Setting             ;
+-------------------+---------------------+
; Start date & time ; 09/20/2024 16:41:22 ;
; Main task         ; Compilation         ;
; Revision Name     ; ili9341_top         ;
+-------------------+---------------------+


+------------------------------------------------------------------------------------------------------------------------------------------------+
; Flow Non-Default Global Settings                                                                                                               ;
+-------------------------------------+----------------------------------------+---------------+-------------+-----------------------------------+
; Assignment Name                     ; Value                                  ; Default Value ; Entity Name ; Section Id                        ;
+-------------------------------------+----------------------------------------+---------------+-------------+-----------------------------------+
; COMPILER_SIGNATURE_ID               ; 253621757563923.172686848235376        ; --            ; --          ; --                                ;
; EDA_GENERATE_FUNCTIONAL_NETLIST     ; Off                                    ; --            ; --          ; eda_board_design_timing           ;
; EDA_GENERATE_FUNCTIONAL_NETLIST     ; Off                                    ; --            ; --          ; eda_board_design_boundary_scan    ;
; EDA_GENERATE_FUNCTIONAL_NETLIST     ; Off                                    ; --            ; --          ; eda_board_design_signal_integrity ;
; EDA_GENERATE_FUNCTIONAL_NETLIST     ; Off                                    ; --            ; --          ; eda_board_design_symbol           ;
; EDA_OUTPUT_DATA_FORMAT              ; Verilog Hdl                            ; --            ; --          ; eda_simulation                    ;
; EDA_SIMULATION_TOOL                 ; Questa Intel FPGA (Verilog)            ; <None>        ; --          ; --                                ;
; EDA_TIME_SCALE                      ; 1 ps                                   ; --            ; --          ; eda_simulation                    ;
; MAX_CORE_JUNCTION_TEMP              ; 85                                     ; --            ; --          ; --                                ;
; MIN_CORE_JUNCTION_TEMP              ; 0                                      ; --            ; --          ; --                                ;
; PARTITION_COLOR                     ; -- (Not supported for targeted family) ; --            ; --          ; Top                               ;
; PARTITION_FITTER_PRESERVATION_LEVEL ; -- (Not supported for targeted family) ; --            ; --          ; Top                               ;
; PARTITION_NETLIST_TYPE              ; -- (Not supported for targeted family) ; --            ; --          ; Top                               ;
; PROJECT_OUTPUT_DIRECTORY            ; output_files                           ; --            ; --          ; --                                ;
+-------------------------------------+----------------------------------------+---------------+-------------+-----------------------------------+


+--------------------------------------------------------------------------------------------------------------------------+
; Flow Elapsed Time                                                                                                        ;
+----------------------+--------------+-------------------------+---------------------+------------------------------------+
; Module Name          ; Elapsed Time ; Average Processors Used ; Peak Virtual Memory ; Total CPU Time (on all processors) ;
+----------------------+--------------+-------------------------+---------------------+------------------------------------+
; Analysis & Synthesis ; 00:02:02     ; 1.0                     ; 4828 MB             ; 00:02:07                           ;
; Fitter               ; 00:01:29     ; 1.1                     ; 5683 MB             ; 00:01:14                           ;
; Assembler            ; 00:00:01     ; 1.0                     ; 4714 MB             ; 00:00:01                           ;
; Timing Analyzer      ; 00:00:06     ; 1.2                     ; 4919 MB             ; 00:00:06                           ;
; EDA Netlist Writer   ; 00:00:03     ; 1.0                     ; 4668 MB             ; 00:00:02                           ;
; Total                ; 00:03:41     ; --                      ; --                  ; 00:03:30                           ;
+----------------------+--------------+-------------------------+---------------------+------------------------------------+


+------------------------------------------------------------------------------------+
; Flow OS Summary                                                                    ;
+----------------------+------------------+------------+------------+----------------+
; Module Name          ; Machine Hostname ; OS Name    ; OS Version ; Processor type ;
+----------------------+------------------+------------+------------+----------------+
; Analysis & Synthesis ; LAPTOP-D54JFS2L  ; Windows 10 ; 10.0       ; x86_64         ;
; Fitter               ; LAPTOP-D54JFS2L  ; Windows 10 ; 10.0       ; x86_64         ;
; Assembler            ; LAPTOP-D54JFS2L  ; Windows 10 ; 10.0       ; x86_64         ;
; Timing Analyzer      ; LAPTOP-D54JFS2L  ; Windows 10 ; 10.0       ; x86_64         ;
; EDA Netlist Writer   ; LAPTOP-D54JFS2L  ; Windows 10 ; 10.0       ; x86_64         ;
+----------------------+------------------+------------+------------+----------------+


------------
; Flow Log ;
------------
quartus_map --read_settings_files=on --write_settings_files=off ili9341 -c ili9341_top
quartus_fit --read_settings_files=off --write_settings_files=off ili9341 -c ili9341_top
quartus_asm --read_settings_files=off --write_settings_files=off ili9341 -c ili9341_top
quartus_sta ili9341 -c ili9341_top
quartus_eda --read_settings_files=off --write_settings_files=off ili9341 -c ili9341_top



